{"asctime": "2024-10-31 12:46:33,408", "levelname": "INFO", "message": "browser Initialized", "name": "C:\\Users\\Divyansh\\Desktop\\jarvis 69\\jarvis 10\\modules\\vocalize\\async_js_sr.py", "funcName": "<module>"}
{"asctime": "2024-10-31 12:46:33,548", "levelname": "INFO", "message": "website loaded", "name": "C:\\Users\\Divyansh\\Desktop\\jarvis 69\\jarvis 10\\modules\\vocalize\\async_js_sr.py", "funcName": "<module>"}
{"asctime": "2024-10-31 12:46:33,557", "levelname": "INFO", "message": "Starting main loop", "name": "C:\\Users\\Divyansh\\Desktop\\jarvis 69\\jarvis 10\\modules\\vocalize\\async_js_sr.py", "funcName": "<module>"}
{"asctime": "2024-10-31 12:47:42,994", "levelname": "INFO", "message": "browser Initialized", "name": "C:\\Users\\Divyansh\\Desktop\\jarvis 69\\jarvis 10\\modules\\vocalize\\async_js_sr.py", "funcName": "<module>"}
{"asctime": "2024-10-31 12:47:43,161", "levelname": "INFO", "message": "website loaded", "name": "C:\\Users\\Divyansh\\Desktop\\jarvis 69\\jarvis 10\\modules\\vocalize\\async_js_sr.py", "funcName": "<module>"}
{"asctime": "2024-10-31 12:47:43,172", "levelname": "INFO", "message": "Starting main loop", "name": "C:\\Users\\Divyansh\\Desktop\\jarvis 69\\jarvis 10\\modules\\vocalize\\async_js_sr.py", "funcName": "<module>"}
{"asctime": "2024-10-31 12:49:59,584", "levelname": "INFO", "message": "browser Initialized", "name": "C:\\Users\\Divyansh\\Desktop\\jarvis 69\\jarvis 10\\modules\\vocalize\\async_js_sr.py", "funcName": "<module>"}
{"asctime": "2024-10-31 12:49:59,739", "levelname": "INFO", "message": "website loaded", "name": "C:\\Users\\Divyansh\\Desktop\\jarvis 69\\jarvis 10\\modules\\vocalize\\async_js_sr.py", "funcName": "<module>"}
{"asctime": "2024-10-31 12:49:59,744", "levelname": "INFO", "message": "Starting main loop", "name": "C:\\Users\\Divyansh\\Desktop\\jarvis 69\\jarvis 10\\modules\\vocalize\\async_js_sr.py", "funcName": "<module>"}
{"asctime": "2024-10-31 12:53:50,444", "levelname": "INFO", "message": "browser Initialized", "name": "C:\\Users\\Divyansh\\Desktop\\jarvis 69\\jarvis 10\\modules\\vocalize\\async_js_sr.py", "funcName": "<module>"}
{"asctime": "2024-10-31 12:53:50,573", "levelname": "INFO", "message": "website loaded", "name": "C:\\Users\\Divyansh\\Desktop\\jarvis 69\\jarvis 10\\modules\\vocalize\\async_js_sr.py", "funcName": "<module>"}
{"asctime": "2024-10-31 12:53:50,577", "levelname": "INFO", "message": "Starting main loop", "name": "C:\\Users\\Divyansh\\Desktop\\jarvis 69\\jarvis 10\\modules\\vocalize\\async_js_sr.py", "funcName": "<module>"}
{"asctime": "2024-10-31 12:55:11,236", "levelname": "INFO", "message": "browser Initialized", "name": "C:\\Users\\Divyansh\\Desktop\\jarvis 69\\jarvis 10\\modules\\vocalize\\async_js_sr.py", "funcName": "<module>"}
{"asctime": "2024-10-31 12:55:11,378", "levelname": "INFO", "message": "website loaded", "name": "C:\\Users\\Divyansh\\Desktop\\jarvis 69\\jarvis 10\\modules\\vocalize\\async_js_sr.py", "funcName": "<module>"}
{"asctime": "2024-10-31 12:55:11,381", "levelname": "INFO", "message": "Starting main loop", "name": "C:\\Users\\Divyansh\\Desktop\\jarvis 69\\jarvis 10\\modules\\vocalize\\async_js_sr.py", "funcName": "<module>"}
{"asctime": "2024-10-31 12:57:11,201", "levelname": "INFO", "message": "browser Initialized", "name": "C:\\Users\\Divyansh\\Desktop\\jarvis 69\\jarvis 10\\modules\\vocalize\\async_js_sr.py", "funcName": "<module>"}
{"asctime": "2024-10-31 12:57:11,229", "levelname": "INFO", "message": "website loaded", "name": "C:\\Users\\Divyansh\\Desktop\\jarvis 69\\jarvis 10\\modules\\vocalize\\async_js_sr.py", "funcName": "<module>"}
{"asctime": "2024-10-31 12:57:11,278", "levelname": "INFO", "message": "Starting main loop", "name": "C:\\Users\\Divyansh\\Desktop\\jarvis 69\\jarvis 10\\modules\\vocalize\\async_js_sr.py", "funcName": "<module>"}
{"asctime": "2024-10-31 13:02:30,037", "levelname": "INFO", "message": "browser Initialized", "name": "C:\\Users\\Divyansh\\Desktop\\jarvis 69\\jarvis 10\\modules\\vocalize\\async_js_sr.py", "funcName": "<module>"}
{"asctime": "2024-10-31 13:02:30,085", "levelname": "INFO", "message": "website loaded", "name": "C:\\Users\\Divyansh\\Desktop\\jarvis 69\\jarvis 10\\modules\\vocalize\\async_js_sr.py", "funcName": "<module>"}
{"asctime": "2024-10-31 13:02:30,087", "levelname": "INFO", "message": "Starting main loop", "name": "C:\\Users\\Divyansh\\Desktop\\jarvis 69\\jarvis 10\\modules\\vocalize\\async_js_sr.py", "funcName": "<module>"}
{"asctime": "2024-10-31 13:07:33,914", "levelname": "INFO", "message": "browser Initialized", "name": "C:\\Users\\Divyansh\\Desktop\\jarvis 69\\jarvis 10\\modules\\vocalize\\async_js_sr.py", "funcName": "<module>"}
{"asctime": "2024-10-31 13:07:34,042", "levelname": "INFO", "message": "website loaded", "name": "C:\\Users\\Divyansh\\Desktop\\jarvis 69\\jarvis 10\\modules\\vocalize\\async_js_sr.py", "funcName": "<module>"}
{"asctime": "2024-10-31 13:07:34,050", "levelname": "INFO", "message": "Starting main loop", "name": "C:\\Users\\Divyansh\\Desktop\\jarvis 69\\jarvis 10\\modules\\vocalize\\async_js_sr.py", "funcName": "<module>"}
{"asctime": "2024-10-31 13:21:38,588", "levelname": "INFO", "message": "browser Initialized", "name": "C:\\Users\\Divyansh\\Desktop\\jarvis 69\\jarvis 10\\modules\\vocalize\\async_js_sr.py", "funcName": "<module>"}
{"asctime": "2024-10-31 13:21:38,723", "levelname": "INFO", "message": "website loaded", "name": "C:\\Users\\Divyansh\\Desktop\\jarvis 69\\jarvis 10\\modules\\vocalize\\async_js_sr.py", "funcName": "<module>"}
{"asctime": "2024-10-31 13:21:38,733", "levelname": "INFO", "message": "Starting main loop", "name": "C:\\Users\\Divyansh\\Desktop\\jarvis 69\\jarvis 10\\modules\\vocalize\\async_js_sr.py", "funcName": "<module>"}
{"asctime": "2024-10-31 13:42:07,882", "levelname": "INFO", "message": "browser Initialized", "name": "C:\\Users\\Divyansh\\Desktop\\jarvis 69\\jarvis 10\\modules\\vocalize\\async_js_sr.py", "funcName": "<module>"}
{"asctime": "2024-10-31 13:42:08,132", "levelname": "INFO", "message": "website loaded", "name": "C:\\Users\\Divyansh\\Desktop\\jarvis 69\\jarvis 10\\modules\\vocalize\\async_js_sr.py", "funcName": "<module>"}
{"asctime": "2024-10-31 13:42:08,141", "levelname": "INFO", "message": "Starting main loop", "name": "C:\\Users\\Divyansh\\Desktop\\jarvis 69\\jarvis 10\\modules\\vocalize\\async_js_sr.py", "funcName": "<module>"}
{"asctime": "2024-10-31 13:42:45,341", "levelname": "INFO", "message": "browser Initialized", "name": "C:\\Users\\Divyansh\\Desktop\\jarvis 69\\jarvis 10\\modules\\vocalize\\async_js_sr.py", "funcName": "<module>"}
{"asctime": "2024-10-31 13:42:45,438", "levelname": "INFO", "message": "website loaded", "name": "C:\\Users\\Divyansh\\Desktop\\jarvis 69\\jarvis 10\\modules\\vocalize\\async_js_sr.py", "funcName": "<module>"}
{"asctime": "2024-10-31 13:42:45,442", "levelname": "INFO", "message": "Starting main loop", "name": "C:\\Users\\Divyansh\\Desktop\\jarvis 69\\jarvis 10\\modules\\vocalize\\async_js_sr.py", "funcName": "<module>"}
{"asctime": "2024-11-06 22:37:56,084", "levelname": "INFO", "message": "browser Initialized", "name": "C:\\Users\\Divyansh\\Desktop\\jarvis 69\\jarvis 10\\modules\\vocalize\\async_js_sr.py", "funcName": "<module>"}
{"asctime": "2024-11-06 22:37:56,126", "levelname": "INFO", "message": "website loaded", "name": "C:\\Users\\Divyansh\\Desktop\\jarvis 69\\jarvis 10\\modules\\vocalize\\async_js_sr.py", "funcName": "<module>"}
{"asctime": "2024-11-06 22:37:56,175", "levelname": "INFO", "message": "Starting main loop", "name": "C:\\Users\\Divyansh\\Desktop\\jarvis 69\\jarvis 10\\modules\\vocalize\\async_js_sr.py", "funcName": "<module>"}
{"asctime": "2024-11-06 22:42:28,744", "levelname": "INFO", "message": "browser Initialized", "name": "C:\\Users\\Divyansh\\Desktop\\jarvis 69\\jarvis 10\\modules\\vocalize\\async_js_sr.py", "funcName": "<module>"}
{"asctime": "2024-11-06 22:42:28,939", "levelname": "INFO", "message": "website loaded", "name": "C:\\Users\\Divyansh\\Desktop\\jarvis 69\\jarvis 10\\modules\\vocalize\\async_js_sr.py", "funcName": "<module>"}
{"asctime": "2024-11-06 22:42:28,943", "levelname": "INFO", "message": "Starting main loop", "name": "C:\\Users\\Divyansh\\Desktop\\jarvis 69\\jarvis 10\\modules\\vocalize\\async_js_sr.py", "funcName": "<module>"}
{"asctime": "2024-11-08 04:26:03,929", "levelname": "INFO", "message": "browser Initialized", "name": "C:\\Users\\Divyansh\\Desktop\\jarvis 69\\jarvis 11\\modules\\vocalize\\async_js_sr.py", "funcName": "<module>"}
{"asctime": "2024-11-08 04:26:04,441", "levelname": "INFO", "message": "website loaded", "name": "C:\\Users\\Divyansh\\Desktop\\jarvis 69\\jarvis 11\\modules\\vocalize\\async_js_sr.py", "funcName": "<module>"}
{"asctime": "2024-11-08 04:26:04,445", "levelname": "INFO", "message": "Starting main loop", "name": "C:\\Users\\Divyansh\\Desktop\\jarvis 69\\jarvis 11\\modules\\vocalize\\async_js_sr.py", "funcName": "<module>"}
{"asctime": "2024-11-09 00:15:14,546", "levelname": "INFO", "message": "browser Initialized", "name": "C:\\Users\\Divyansh\\Desktop\\jarvis 69\\jarvis 11\\modules\\vocalize\\async_js_sr.py", "funcName": "<module>"}
{"asctime": "2024-11-09 00:15:14,717", "levelname": "INFO", "message": "website loaded", "name": "C:\\Users\\Divyansh\\Desktop\\jarvis 69\\jarvis 11\\modules\\vocalize\\async_js_sr.py", "funcName": "<module>"}
{"asctime": "2024-11-09 00:15:14,722", "levelname": "INFO", "message": "Starting main loop", "name": "C:\\Users\\Divyansh\\Desktop\\jarvis 69\\jarvis 11\\modules\\vocalize\\async_js_sr.py", "funcName": "<module>"}
{"asctime": "2024-11-09 00:16:47,220", "levelname": "INFO", "message": "browser Initialized", "name": "C:\\Users\\Divyansh\\Desktop\\jarvis 69\\jarvis 11\\modules\\vocalize\\async_js_sr.py", "funcName": "<module>"}
{"asctime": "2024-11-09 00:16:47,366", "levelname": "INFO", "message": "website loaded", "name": "C:\\Users\\Divyansh\\Desktop\\jarvis 69\\jarvis 11\\modules\\vocalize\\async_js_sr.py", "funcName": "<module>"}
{"asctime": "2024-11-09 00:16:47,377", "levelname": "INFO", "message": "Starting main loop", "name": "C:\\Users\\Divyansh\\Desktop\\jarvis 69\\jarvis 11\\modules\\vocalize\\async_js_sr.py", "funcName": "<module>"}
{"asctime": "2024-11-09 02:17:21,291", "levelname": "INFO", "message": "browser Initialized", "name": "C:\\Users\\Divyansh\\Desktop\\jarvis 69\\jarvis 11\\modules\\vocalize\\async_js_sr.py", "funcName": "<module>"}
{"asctime": "2024-11-09 02:17:21,340", "levelname": "INFO", "message": "website loaded", "name": "C:\\Users\\Divyansh\\Desktop\\jarvis 69\\jarvis 11\\modules\\vocalize\\async_js_sr.py", "funcName": "<module>"}
{"asctime": "2024-11-09 02:17:21,345", "levelname": "INFO", "message": "Starting main loop", "name": "C:\\Users\\Divyansh\\Desktop\\jarvis 69\\jarvis 11\\modules\\vocalize\\async_js_sr.py", "funcName": "<module>"}
{"asctime": "2024-11-25 05:45:47,345", "levelname": "INFO", "message": "browser Initialized", "name": "C:\\Users\\Divyansh\\Desktop\\jarvis 69\\jarvis 11\\modules\\vocalize\\async_js_sr.py", "funcName": "<module>"}
{"asctime": "2024-11-25 05:45:47,427", "levelname": "INFO", "message": "website loaded", "name": "C:\\Users\\Divyansh\\Desktop\\jarvis 69\\jarvis 11\\modules\\vocalize\\async_js_sr.py", "funcName": "<module>"}
{"asctime": "2024-11-25 05:45:47,431", "levelname": "INFO", "message": "Starting main loop", "name": "C:\\Users\\Divyansh\\Desktop\\jarvis 69\\jarvis 11\\modules\\vocalize\\async_js_sr.py", "funcName": "<module>"}
{"asctime": "2024-11-25 17:51:40,429", "levelname": "INFO", "message": "browser Initialized", "name": "C:\\Users\\Divyansh\\Desktop\\jarvis 69\\jarvis 11\\modules\\vocalize\\async_js_sr.py", "funcName": "<module>"}
{"asctime": "2024-11-25 17:51:40,601", "levelname": "INFO", "message": "website loaded", "name": "C:\\Users\\Divyansh\\Desktop\\jarvis 69\\jarvis 11\\modules\\vocalize\\async_js_sr.py", "funcName": "<module>"}
{"asctime": "2024-11-25 17:51:40,605", "levelname": "INFO", "message": "Starting main loop", "name": "C:\\Users\\Divyansh\\Desktop\\jarvis 69\\jarvis 11\\modules\\vocalize\\async_js_sr.py", "funcName": "<module>"}
{"asctime": "2024-11-25 17:55:33,851", "levelname": "INFO", "message": "browser Initialized", "name": "C:\\Users\\Divyansh\\Desktop\\jarvis 69\\jarvis 11\\modules\\vocalize\\async_js_sr.py", "funcName": "<module>"}
{"asctime": "2024-11-25 17:55:33,934", "levelname": "INFO", "message": "website loaded", "name": "C:\\Users\\Divyansh\\Desktop\\jarvis 69\\jarvis 11\\modules\\vocalize\\async_js_sr.py", "funcName": "<module>"}
{"asctime": "2024-11-25 17:55:33,938", "levelname": "INFO", "message": "Starting main loop", "name": "C:\\Users\\Divyansh\\Desktop\\jarvis 69\\jarvis 11\\modules\\vocalize\\async_js_sr.py", "funcName": "<module>"}
{"asctime": "2024-11-25 17:58:04,335", "levelname": "INFO", "message": "browser Initialized", "name": "C:\\Users\\Divyansh\\Desktop\\jarvis 69\\jarvis 11\\modules\\vocalize\\async_js_sr.py", "funcName": "<module>"}
{"asctime": "2024-11-25 17:58:04,501", "levelname": "INFO", "message": "website loaded", "name": "C:\\Users\\Divyansh\\Desktop\\jarvis 69\\jarvis 11\\modules\\vocalize\\async_js_sr.py", "funcName": "<module>"}
{"asctime": "2024-11-25 17:58:04,507", "levelname": "INFO", "message": "Starting main loop", "name": "C:\\Users\\Divyansh\\Desktop\\jarvis 69\\jarvis 11\\modules\\vocalize\\async_js_sr.py", "funcName": "<module>"}
{"asctime": "2024-11-25 18:00:35,898", "levelname": "INFO", "message": "browser Initialized", "name": "C:\\Users\\Divyansh\\Desktop\\jarvis 69\\jarvis 11\\modules\\vocalize\\async_js_sr.py", "funcName": "<module>"}
{"asctime": "2024-11-25 18:00:35,977", "levelname": "INFO", "message": "website loaded", "name": "C:\\Users\\Divyansh\\Desktop\\jarvis 69\\jarvis 11\\modules\\vocalize\\async_js_sr.py", "funcName": "<module>"}
{"asctime": "2024-11-25 18:00:35,981", "levelname": "INFO", "message": "Starting main loop", "name": "C:\\Users\\Divyansh\\Desktop\\jarvis 69\\jarvis 11\\modules\\vocalize\\async_js_sr.py", "funcName": "<module>"}
{"asctime": "2024-11-25 18:07:58,453", "levelname": "INFO", "message": "browser Initialized", "name": "C:\\Users\\Divyansh\\Desktop\\jarvis 69\\jarvis 11\\modules\\vocalize\\async_js_sr.py", "funcName": "<module>"}
{"asctime": "2024-11-25 18:07:58,499", "levelname": "INFO", "message": "website loaded", "name": "C:\\Users\\Divyansh\\Desktop\\jarvis 69\\jarvis 11\\modules\\vocalize\\async_js_sr.py", "funcName": "<module>"}
{"asctime": "2024-11-25 18:07:58,503", "levelname": "INFO", "message": "Starting main loop", "name": "C:\\Users\\Divyansh\\Desktop\\jarvis 69\\jarvis 11\\modules\\vocalize\\async_js_sr.py", "funcName": "<module>"}
{"asctime": "2024-11-26 21:32:26,795", "levelname": "INFO", "message": "browser Initialized", "name": "C:\\Users\\Divyansh\\Desktop\\jarvis 69\\jarvis 11\\modules\\vocalize\\async_js_sr.py", "funcName": "<module>"}
{"asctime": "2024-11-26 21:32:26,979", "levelname": "INFO", "message": "website loaded", "name": "C:\\Users\\Divyansh\\Desktop\\jarvis 69\\jarvis 11\\modules\\vocalize\\async_js_sr.py", "funcName": "<module>"}
{"asctime": "2024-11-26 21:32:27,005", "levelname": "INFO", "message": "Starting main loop", "name": "C:\\Users\\Divyansh\\Desktop\\jarvis 69\\jarvis 11\\modules\\vocalize\\async_js_sr.py", "funcName": "<module>"}
{"asctime": "2024-11-26 21:34:14,475", "levelname": "INFO", "message": "browser Initialized", "name": "C:\\Users\\Divyansh\\Desktop\\jarvis 69\\jarvis 11\\modules\\vocalize\\async_js_sr.py", "funcName": "<module>"}
{"asctime": "2024-11-26 21:34:14,619", "levelname": "INFO", "message": "website loaded", "name": "C:\\Users\\Divyansh\\Desktop\\jarvis 69\\jarvis 11\\modules\\vocalize\\async_js_sr.py", "funcName": "<module>"}
{"asctime": "2024-11-26 21:34:14,629", "levelname": "INFO", "message": "Starting main loop", "name": "C:\\Users\\Divyansh\\Desktop\\jarvis 69\\jarvis 11\\modules\\vocalize\\async_js_sr.py", "funcName": "<module>"}
{"asctime": "2025-03-02 00:50:27,984", "levelname": "INFO", "message": "browser Initialized", "name": "C:\\Users\\nilab\\OneDrive\\Desktop\\jarvis 11\\modules\\vocalize\\async_js_sr.py", "funcName": "<module>"}
{"asctime": "2025-03-02 00:50:28,014", "levelname": "INFO", "message": "website loaded", "name": "C:\\Users\\nilab\\OneDrive\\Desktop\\jarvis 11\\modules\\vocalize\\async_js_sr.py", "funcName": "<module>"}
{"asctime": "2025-03-02 00:50:28,017", "levelname": "INFO", "message": "Starting main loop", "name": "C:\\Users\\nilab\\OneDrive\\Desktop\\jarvis 11\\modules\\vocalize\\async_js_sr.py", "funcName": "<module>"}
{"asctime": "2025-03-02 00:52:00,856", "levelname": "INFO", "message": "browser Initialized", "name": "C:\\Users\\nilab\\OneDrive\\Desktop\\jarvis 11\\modules\\vocalize\\async_js_sr.py", "funcName": "<module>"}
{"asctime": "2025-03-02 00:52:00,889", "levelname": "INFO", "message": "website loaded", "name": "C:\\Users\\nilab\\OneDrive\\Desktop\\jarvis 11\\modules\\vocalize\\async_js_sr.py", "funcName": "<module>"}
{"asctime": "2025-03-02 00:52:00,890", "levelname": "INFO", "message": "Starting main loop", "name": "C:\\Users\\nilab\\OneDrive\\Desktop\\jarvis 11\\modules\\vocalize\\async_js_sr.py", "funcName": "<module>"}
{"asctime": "2025-03-02 00:52:32,888", "levelname": "INFO", "message": "browser Initialized", "name": "C:\\Users\\nilab\\OneDrive\\Desktop\\jarvis 11\\modules\\vocalize\\async_js_sr.py", "funcName": "<module>"}
{"asctime": "2025-03-02 00:52:32,921", "levelname": "INFO", "message": "website loaded", "name": "C:\\Users\\nilab\\OneDrive\\Desktop\\jarvis 11\\modules\\vocalize\\async_js_sr.py", "funcName": "<module>"}
{"asctime": "2025-03-02 00:52:32,923", "levelname": "INFO", "message": "Starting main loop", "name": "C:\\Users\\nilab\\OneDrive\\Desktop\\jarvis 11\\modules\\vocalize\\async_js_sr.py", "funcName": "<module>"}
{"asctime": "2025-03-02 00:52:57,384", "levelname": "INFO", "message": "browser Initialized", "name": "C:\\Users\\nilab\\OneDrive\\Desktop\\jarvis 11\\modules\\vocalize\\async_js_sr.py", "funcName": "<module>"}
{"asctime": "2025-03-02 00:52:57,417", "levelname": "INFO", "message": "website loaded", "name": "C:\\Users\\nilab\\OneDrive\\Desktop\\jarvis 11\\modules\\vocalize\\async_js_sr.py", "funcName": "<module>"}
{"asctime": "2025-03-02 00:52:57,418", "levelname": "INFO", "message": "Starting main loop", "name": "C:\\Users\\nilab\\OneDrive\\Desktop\\jarvis 11\\modules\\vocalize\\async_js_sr.py", "funcName": "<module>"}
{"asctime": "2025-03-02 00:53:27,881", "levelname": "INFO", "message": "browser Initialized", "name": "C:\\Users\\nilab\\OneDrive\\Desktop\\jarvis 11\\modules\\vocalize\\async_js_sr.py", "funcName": "<module>"}
{"asctime": "2025-03-02 00:53:27,910", "levelname": "INFO", "message": "website loaded", "name": "C:\\Users\\nilab\\OneDrive\\Desktop\\jarvis 11\\modules\\vocalize\\async_js_sr.py", "funcName": "<module>"}
{"asctime": "2025-03-02 00:53:27,911", "levelname": "INFO", "message": "Starting main loop", "name": "C:\\Users\\nilab\\OneDrive\\Desktop\\jarvis 11\\modules\\vocalize\\async_js_sr.py", "funcName": "<module>"}
{"asctime": "2025-03-02 00:53:58,905", "levelname": "INFO", "message": "browser Initialized", "name": "C:\\Users\\nilab\\OneDrive\\Desktop\\jarvis 11\\modules\\vocalize\\async_js_sr.py", "funcName": "<module>"}
{"asctime": "2025-03-02 00:53:58,933", "levelname": "INFO", "message": "website loaded", "name": "C:\\Users\\nilab\\OneDrive\\Desktop\\jarvis 11\\modules\\vocalize\\async_js_sr.py", "funcName": "<module>"}
{"asctime": "2025-03-02 00:53:58,935", "levelname": "INFO", "message": "Starting main loop", "name": "C:\\Users\\nilab\\OneDrive\\Desktop\\jarvis 11\\modules\\vocalize\\async_js_sr.py", "funcName": "<module>"}
{"asctime": "2025-03-02 00:54:41,134", "levelname": "INFO", "message": "browser Initialized", "name": "C:\\Users\\nilab\\OneDrive\\Desktop\\jarvis 11\\modules\\vocalize\\async_js_sr.py", "funcName": "<module>"}
{"asctime": "2025-03-02 00:54:41,164", "levelname": "INFO", "message": "website loaded", "name": "C:\\Users\\nilab\\OneDrive\\Desktop\\jarvis 11\\modules\\vocalize\\async_js_sr.py", "funcName": "<module>"}
{"asctime": "2025-03-02 00:54:41,166", "levelname": "INFO", "message": "Starting main loop", "name": "C:\\Users\\nilab\\OneDrive\\Desktop\\jarvis 11\\modules\\vocalize\\async_js_sr.py", "funcName": "<module>"}
{"asctime": "2025-03-02 00:55:15,710", "levelname": "INFO", "message": "browser Initialized", "name": "C:\\Users\\nilab\\OneDrive\\Desktop\\jarvis 11\\modules\\vocalize\\async_js_sr.py", "funcName": "<module>"}
{"asctime": "2025-03-02 00:55:15,741", "levelname": "INFO", "message": "website loaded", "name": "C:\\Users\\nilab\\OneDrive\\Desktop\\jarvis 11\\modules\\vocalize\\async_js_sr.py", "funcName": "<module>"}
{"asctime": "2025-03-02 00:55:15,742", "levelname": "INFO", "message": "Starting main loop", "name": "C:\\Users\\nilab\\OneDrive\\Desktop\\jarvis 11\\modules\\vocalize\\async_js_sr.py", "funcName": "<module>"}
{"asctime": "2025-03-02 00:55:48,393", "levelname": "INFO", "message": "browser Initialized", "name": "C:\\Users\\nilab\\OneDrive\\Desktop\\jarvis 11\\modules\\vocalize\\async_js_sr.py", "funcName": "<module>"}
{"asctime": "2025-03-02 00:55:48,427", "levelname": "INFO", "message": "website loaded", "name": "C:\\Users\\nilab\\OneDrive\\Desktop\\jarvis 11\\modules\\vocalize\\async_js_sr.py", "funcName": "<module>"}
{"asctime": "2025-03-02 00:55:48,428", "levelname": "INFO", "message": "Starting main loop", "name": "C:\\Users\\nilab\\OneDrive\\Desktop\\jarvis 11\\modules\\vocalize\\async_js_sr.py", "funcName": "<module>"}
{"asctime": "2025-03-02 00:56:11,182", "levelname": "INFO", "message": "browser Initialized", "name": "C:\\Users\\nilab\\OneDrive\\Desktop\\jarvis 11\\modules\\vocalize\\async_js_sr.py", "funcName": "<module>"}
{"asctime": "2025-03-02 00:56:11,213", "levelname": "INFO", "message": "website loaded", "name": "C:\\Users\\nilab\\OneDrive\\Desktop\\jarvis 11\\modules\\vocalize\\async_js_sr.py", "funcName": "<module>"}
{"asctime": "2025-03-02 00:56:11,214", "levelname": "INFO", "message": "Starting main loop", "name": "C:\\Users\\nilab\\OneDrive\\Desktop\\jarvis 11\\modules\\vocalize\\async_js_sr.py", "funcName": "<module>"}
{"asctime": "2025-03-02 00:57:16,609", "levelname": "INFO", "message": "browser Initialized", "name": "C:\\Users\\nilab\\OneDrive\\Desktop\\jarvis 11\\modules\\vocalize\\async_js_sr.py", "funcName": "<module>"}
{"asctime": "2025-03-02 00:57:16,637", "levelname": "INFO", "message": "website loaded", "name": "C:\\Users\\nilab\\OneDrive\\Desktop\\jarvis 11\\modules\\vocalize\\async_js_sr.py", "funcName": "<module>"}
{"asctime": "2025-03-02 00:57:16,638", "levelname": "INFO", "message": "Starting main loop", "name": "C:\\Users\\nilab\\OneDrive\\Desktop\\jarvis 11\\modules\\vocalize\\async_js_sr.py", "funcName": "<module>"}
{"asctime": "2025-03-02 00:59:52,477", "levelname": "INFO", "message": "browser Initialized", "name": "C:\\Users\\nilab\\OneDrive\\Desktop\\jarvis 11\\modules\\vocalize\\async_js_sr.py", "funcName": "<module>"}
{"asctime": "2025-03-02 00:59:52,508", "levelname": "INFO", "message": "website loaded", "name": "C:\\Users\\nilab\\OneDrive\\Desktop\\jarvis 11\\modules\\vocalize\\async_js_sr.py", "funcName": "<module>"}
{"asctime": "2025-03-02 00:59:52,509", "levelname": "INFO", "message": "Starting main loop", "name": "C:\\Users\\nilab\\OneDrive\\Desktop\\jarvis 11\\modules\\vocalize\\async_js_sr.py", "funcName": "<module>"}
{"asctime": "2025-03-02 01:01:25,153", "levelname": "INFO", "message": "browser Initialized", "name": "C:\\Users\\nilab\\OneDrive\\Desktop\\jarvis 11\\modules\\vocalize\\async_js_sr.py", "funcName": "<module>"}
{"asctime": "2025-03-02 01:01:25,187", "levelname": "INFO", "message": "website loaded", "name": "C:\\Users\\nilab\\OneDrive\\Desktop\\jarvis 11\\modules\\vocalize\\async_js_sr.py", "funcName": "<module>"}
{"asctime": "2025-03-02 01:01:25,188", "levelname": "INFO", "message": "Starting main loop", "name": "C:\\Users\\nilab\\OneDrive\\Desktop\\jarvis 11\\modules\\vocalize\\async_js_sr.py", "funcName": "<module>"}
{"asctime": "2025-03-02 01:01:30,724", "levelname": "INFO", "message": "browser Initialized", "name": "C:\\Users\\nilab\\OneDrive\\Desktop\\jarvis 11\\modules\\vocalize\\async_js_sr.py", "funcName": "<module>"}
{"asctime": "2025-03-02 01:01:30,755", "levelname": "INFO", "message": "website loaded", "name": "C:\\Users\\nilab\\OneDrive\\Desktop\\jarvis 11\\modules\\vocalize\\async_js_sr.py", "funcName": "<module>"}
{"asctime": "2025-03-02 01:01:30,756", "levelname": "INFO", "message": "Starting main loop", "name": "C:\\Users\\nilab\\OneDrive\\Desktop\\jarvis 11\\modules\\vocalize\\async_js_sr.py", "funcName": "<module>"}
{"asctime": "2025-03-02 01:02:39,829", "levelname": "INFO", "message": "browser Initialized", "name": "C:\\Users\\nilab\\OneDrive\\Desktop\\jarvis 11\\modules\\vocalize\\async_js_sr.py", "funcName": "<module>"}
{"asctime": "2025-03-02 01:02:39,858", "levelname": "INFO", "message": "website loaded", "name": "C:\\Users\\nilab\\OneDrive\\Desktop\\jarvis 11\\modules\\vocalize\\async_js_sr.py", "funcName": "<module>"}
{"asctime": "2025-03-02 01:02:39,859", "levelname": "INFO", "message": "Starting main loop", "name": "C:\\Users\\nilab\\OneDrive\\Desktop\\jarvis 11\\modules\\vocalize\\async_js_sr.py", "funcName": "<module>"}
{"asctime": "2025-03-02 01:04:06,764", "levelname": "INFO", "message": "browser Initialized", "name": "C:\\Users\\nilab\\OneDrive\\Desktop\\jarvis 11\\modules\\vocalize\\async_js_sr.py", "funcName": "<module>"}
{"asctime": "2025-03-02 01:04:06,777", "levelname": "INFO", "message": "website loaded", "name": "C:\\Users\\nilab\\OneDrive\\Desktop\\jarvis 11\\modules\\vocalize\\async_js_sr.py", "funcName": "<module>"}
{"asctime": "2025-03-02 01:04:06,781", "levelname": "INFO", "message": "Starting main loop", "name": "C:\\Users\\nilab\\OneDrive\\Desktop\\jarvis 11\\modules\\vocalize\\async_js_sr.py", "funcName": "<module>"}
{"asctime": "2025-03-02 01:04:56,448", "levelname": "INFO", "message": "browser Initialized", "name": "C:\\Users\\nilab\\OneDrive\\Desktop\\jarvis 11\\modules\\vocalize\\async_js_sr.py", "funcName": "<module>"}
{"asctime": "2025-03-02 01:04:56,476", "levelname": "INFO", "message": "website loaded", "name": "C:\\Users\\nilab\\OneDrive\\Desktop\\jarvis 11\\modules\\vocalize\\async_js_sr.py", "funcName": "<module>"}
{"asctime": "2025-03-02 01:04:56,477", "levelname": "INFO", "message": "Starting main loop", "name": "C:\\Users\\nilab\\OneDrive\\Desktop\\jarvis 11\\modules\\vocalize\\async_js_sr.py", "funcName": "<module>"}
{"asctime": "2025-03-02 01:10:48,688", "levelname": "INFO", "message": "browser Initialized", "name": "C:\\Users\\nilab\\OneDrive\\Desktop\\jarvis 11\\modules\\vocalize\\async_js_sr.py", "funcName": "<module>"}
{"asctime": "2025-03-02 01:10:48,703", "levelname": "INFO", "message": "website loaded", "name": "C:\\Users\\nilab\\OneDrive\\Desktop\\jarvis 11\\modules\\vocalize\\async_js_sr.py", "funcName": "<module>"}
{"asctime": "2025-03-02 01:10:48,705", "levelname": "INFO", "message": "Starting main loop", "name": "C:\\Users\\nilab\\OneDrive\\Desktop\\jarvis 11\\modules\\vocalize\\async_js_sr.py", "funcName": "<module>"}
{"asctime": "2025-03-02 01:15:20,586", "levelname": "INFO", "message": "browser Initialized", "name": "C:\\Users\\nilab\\OneDrive\\Desktop\\jarvis 11\\modules\\vocalize\\async_js_sr.py", "funcName": "<module>"}
{"asctime": "2025-03-02 01:15:20,619", "levelname": "INFO", "message": "website loaded", "name": "C:\\Users\\nilab\\OneDrive\\Desktop\\jarvis 11\\modules\\vocalize\\async_js_sr.py", "funcName": "<module>"}
{"asctime": "2025-03-02 01:15:20,621", "levelname": "INFO", "message": "Starting main loop", "name": "C:\\Users\\nilab\\OneDrive\\Desktop\\jarvis 11\\modules\\vocalize\\async_js_sr.py", "funcName": "<module>"}
{"asctime": "2025-03-02 01:16:33,269", "levelname": "INFO", "message": "browser Initialized", "name": "C:\\Users\\nilab\\OneDrive\\Desktop\\jarvis 11\\modules\\vocalize\\async_js_sr.py", "funcName": "<module>"}
{"asctime": "2025-03-02 01:16:33,301", "levelname": "INFO", "message": "website loaded", "name": "C:\\Users\\nilab\\OneDrive\\Desktop\\jarvis 11\\modules\\vocalize\\async_js_sr.py", "funcName": "<module>"}
{"asctime": "2025-03-02 01:16:33,302", "levelname": "INFO", "message": "Starting main loop", "name": "C:\\Users\\nilab\\OneDrive\\Desktop\\jarvis 11\\modules\\vocalize\\async_js_sr.py", "funcName": "<module>"}
{"asctime": "2025-03-02 01:16:57,932", "levelname": "INFO", "message": "browser Initialized", "name": "C:\\Users\\nilab\\OneDrive\\Desktop\\jarvis 11\\modules\\vocalize\\async_js_sr.py", "funcName": "<module>"}
{"asctime": "2025-03-02 01:16:57,963", "levelname": "INFO", "message": "website loaded", "name": "C:\\Users\\nilab\\OneDrive\\Desktop\\jarvis 11\\modules\\vocalize\\async_js_sr.py", "funcName": "<module>"}
{"asctime": "2025-03-02 01:16:57,964", "levelname": "INFO", "message": "Starting main loop", "name": "C:\\Users\\nilab\\OneDrive\\Desktop\\jarvis 11\\modules\\vocalize\\async_js_sr.py", "funcName": "<module>"}
{"asctime": "2025-03-02 01:27:14,123", "levelname": "INFO", "message": "browser Initialized", "name": "C:\\Users\\nilab\\OneDrive\\Desktop\\jarvis 11\\modules\\vocalize\\async_js_sr.py", "funcName": "<module>"}
{"asctime": "2025-03-02 01:27:14,153", "levelname": "INFO", "message": "website loaded", "name": "C:\\Users\\nilab\\OneDrive\\Desktop\\jarvis 11\\modules\\vocalize\\async_js_sr.py", "funcName": "<module>"}
{"asctime": "2025-03-02 01:27:14,155", "levelname": "INFO", "message": "Starting main loop", "name": "C:\\Users\\nilab\\OneDrive\\Desktop\\jarvis 11\\modules\\vocalize\\async_js_sr.py", "funcName": "<module>"}
{"asctime": "2025-03-02 01:32:40,023", "levelname": "INFO", "message": "browser Initialized", "name": "C:\\Users\\nilab\\OneDrive\\Desktop\\jarvis 11\\modules\\vocalize\\async_js_sr.py", "funcName": "<module>"}
{"asctime": "2025-03-02 01:32:40,056", "levelname": "INFO", "message": "website loaded", "name": "C:\\Users\\nilab\\OneDrive\\Desktop\\jarvis 11\\modules\\vocalize\\async_js_sr.py", "funcName": "<module>"}
{"asctime": "2025-03-02 01:32:40,057", "levelname": "INFO", "message": "Starting main loop", "name": "C:\\Users\\nilab\\OneDrive\\Desktop\\jarvis 11\\modules\\vocalize\\async_js_sr.py", "funcName": "<module>"}
{"asctime": "2025-03-02 01:36:07,681", "levelname": "INFO", "message": "browser Initialized", "name": "C:\\Users\\nilab\\OneDrive\\Desktop\\jarvis 11\\modules\\vocalize\\async_js_sr.py", "funcName": "<module>"}
{"asctime": "2025-03-02 01:36:07,711", "levelname": "INFO", "message": "website loaded", "name": "C:\\Users\\nilab\\OneDrive\\Desktop\\jarvis 11\\modules\\vocalize\\async_js_sr.py", "funcName": "<module>"}
{"asctime": "2025-03-02 01:36:07,713", "levelname": "INFO", "message": "Starting main loop", "name": "C:\\Users\\nilab\\OneDrive\\Desktop\\jarvis 11\\modules\\vocalize\\async_js_sr.py", "funcName": "<module>"}
{"asctime": "2025-03-02 01:40:40,720", "levelname": "INFO", "message": "browser Initialized", "name": "C:\\Users\\nilab\\OneDrive\\Desktop\\jarvis 11\\modules\\vocalize\\async_js_sr.py", "funcName": "<module>"}
{"asctime": "2025-03-02 01:40:40,754", "levelname": "INFO", "message": "website loaded", "name": "C:\\Users\\nilab\\OneDrive\\Desktop\\jarvis 11\\modules\\vocalize\\async_js_sr.py", "funcName": "<module>"}
{"asctime": "2025-03-02 01:40:40,756", "levelname": "INFO", "message": "Starting main loop", "name": "C:\\Users\\nilab\\OneDrive\\Desktop\\jarvis 11\\modules\\vocalize\\async_js_sr.py", "funcName": "<module>"}
{"asctime": "2025-03-02 01:44:16,902", "levelname": "INFO", "message": "browser Initialized", "name": "C:\\Users\\nilab\\OneDrive\\Desktop\\jarvis 11\\modules\\vocalize\\async_js_sr.py", "funcName": "<module>"}
{"asctime": "2025-03-02 01:44:16,933", "levelname": "INFO", "message": "website loaded", "name": "C:\\Users\\nilab\\OneDrive\\Desktop\\jarvis 11\\modules\\vocalize\\async_js_sr.py", "funcName": "<module>"}
{"asctime": "2025-03-02 01:44:16,934", "levelname": "INFO", "message": "Starting main loop", "name": "C:\\Users\\nilab\\OneDrive\\Desktop\\jarvis 11\\modules\\vocalize\\async_js_sr.py", "funcName": "<module>"}
{"asctime": "2025-03-02 02:04:59,745", "levelname": "INFO", "message": "browser Initialized", "name": "C:\\Users\\nilab\\OneDrive\\Desktop\\jarvis 11\\modules\\vocalize\\async_js_sr.py", "funcName": "<module>"}
{"asctime": "2025-03-02 02:04:59,776", "levelname": "INFO", "message": "website loaded", "name": "C:\\Users\\nilab\\OneDrive\\Desktop\\jarvis 11\\modules\\vocalize\\async_js_sr.py", "funcName": "<module>"}
{"asctime": "2025-03-02 02:04:59,777", "levelname": "INFO", "message": "Starting main loop", "name": "C:\\Users\\nilab\\OneDrive\\Desktop\\jarvis 11\\modules\\vocalize\\async_js_sr.py", "funcName": "<module>"}
{"asctime": "2025-03-02 02:05:06,116", "levelname": "INFO", "message": "browser Initialized", "name": "C:\\Users\\nilab\\OneDrive\\Desktop\\jarvis 11\\modules\\vocalize\\async_js_sr.py", "funcName": "<module>"}
{"asctime": "2025-03-02 02:05:06,147", "levelname": "INFO", "message": "website loaded", "name": "C:\\Users\\nilab\\OneDrive\\Desktop\\jarvis 11\\modules\\vocalize\\async_js_sr.py", "funcName": "<module>"}
{"asctime": "2025-03-02 02:05:06,148", "levelname": "INFO", "message": "Starting main loop", "name": "C:\\Users\\nilab\\OneDrive\\Desktop\\jarvis 11\\modules\\vocalize\\async_js_sr.py", "funcName": "<module>"}
{"asctime": "2025-03-02 02:14:04,293", "levelname": "INFO", "message": "browser Initialized", "name": "C:\\Users\\nilab\\OneDrive\\Desktop\\jarvis 11\\modules\\vocalize\\async_js_sr.py", "funcName": "<module>"}
{"asctime": "2025-03-02 02:14:04,328", "levelname": "INFO", "message": "website loaded", "name": "C:\\Users\\nilab\\OneDrive\\Desktop\\jarvis 11\\modules\\vocalize\\async_js_sr.py", "funcName": "<module>"}
{"asctime": "2025-03-02 02:14:04,329", "levelname": "INFO", "message": "Starting main loop", "name": "C:\\Users\\nilab\\OneDrive\\Desktop\\jarvis 11\\modules\\vocalize\\async_js_sr.py", "funcName": "<module>"}
{"asctime": "2025-03-02 02:15:17,143", "levelname": "INFO", "message": "browser Initialized", "name": "C:\\Users\\nilab\\OneDrive\\Desktop\\jarvis 11\\modules\\vocalize\\async_js_sr.py", "funcName": "<module>"}
{"asctime": "2025-03-02 02:15:17,176", "levelname": "INFO", "message": "website loaded", "name": "C:\\Users\\nilab\\OneDrive\\Desktop\\jarvis 11\\modules\\vocalize\\async_js_sr.py", "funcName": "<module>"}
{"asctime": "2025-03-02 02:15:17,178", "levelname": "INFO", "message": "Starting main loop", "name": "C:\\Users\\nilab\\OneDrive\\Desktop\\jarvis 11\\modules\\vocalize\\async_js_sr.py", "funcName": "<module>"}
{"asctime": "2025-03-02 02:19:11,800", "levelname": "INFO", "message": "browser Initialized", "name": "C:\\Users\\nilab\\OneDrive\\Desktop\\jarvis 11\\modules\\vocalize\\async_js_sr.py", "funcName": "<module>"}
{"asctime": "2025-03-02 02:19:11,829", "levelname": "INFO", "message": "website loaded", "name": "C:\\Users\\nilab\\OneDrive\\Desktop\\jarvis 11\\modules\\vocalize\\async_js_sr.py", "funcName": "<module>"}
{"asctime": "2025-03-02 02:19:11,830", "levelname": "INFO", "message": "Starting main loop", "name": "C:\\Users\\nilab\\OneDrive\\Desktop\\jarvis 11\\modules\\vocalize\\async_js_sr.py", "funcName": "<module>"}
{"asctime": "2025-03-02 02:21:25,014", "levelname": "INFO", "message": "browser Initialized", "name": "C:\\Users\\nilab\\OneDrive\\Desktop\\jarvis 11\\modules\\vocalize\\async_js_sr.py", "funcName": "<module>"}
{"asctime": "2025-03-02 02:21:25,045", "levelname": "INFO", "message": "website loaded", "name": "C:\\Users\\nilab\\OneDrive\\Desktop\\jarvis 11\\modules\\vocalize\\async_js_sr.py", "funcName": "<module>"}
{"asctime": "2025-03-02 02:21:25,046", "levelname": "INFO", "message": "Starting main loop", "name": "C:\\Users\\nilab\\OneDrive\\Desktop\\jarvis 11\\modules\\vocalize\\async_js_sr.py", "funcName": "<module>"}
{"asctime": "2025-03-02 02:22:53,127", "levelname": "INFO", "message": "browser Initialized", "name": "C:\\Users\\nilab\\OneDrive\\Desktop\\jarvis 11\\modules\\vocalize\\async_js_sr.py", "funcName": "<module>"}
{"asctime": "2025-03-02 02:22:53,160", "levelname": "INFO", "message": "website loaded", "name": "C:\\Users\\nilab\\OneDrive\\Desktop\\jarvis 11\\modules\\vocalize\\async_js_sr.py", "funcName": "<module>"}
{"asctime": "2025-03-02 02:22:53,161", "levelname": "INFO", "message": "Starting main loop", "name": "C:\\Users\\nilab\\OneDrive\\Desktop\\jarvis 11\\modules\\vocalize\\async_js_sr.py", "funcName": "<module>"}
{"asctime": "2025-03-02 02:23:41,061", "levelname": "INFO", "message": "browser Initialized", "name": "C:\\Users\\nilab\\OneDrive\\Desktop\\jarvis 11\\modules\\vocalize\\async_js_sr.py", "funcName": "<module>"}
{"asctime": "2025-03-02 02:23:41,093", "levelname": "INFO", "message": "website loaded", "name": "C:\\Users\\nilab\\OneDrive\\Desktop\\jarvis 11\\modules\\vocalize\\async_js_sr.py", "funcName": "<module>"}
{"asctime": "2025-03-02 02:23:41,094", "levelname": "INFO", "message": "Starting main loop", "name": "C:\\Users\\nilab\\OneDrive\\Desktop\\jarvis 11\\modules\\vocalize\\async_js_sr.py", "funcName": "<module>"}
{"asctime": "2025-03-02 02:25:19,147", "levelname": "INFO", "message": "browser Initialized", "name": "C:\\Users\\nilab\\OneDrive\\Desktop\\jarvis 11\\modules\\vocalize\\async_js_sr.py", "funcName": "<module>"}
{"asctime": "2025-03-02 02:25:19,178", "levelname": "INFO", "message": "website loaded", "name": "C:\\Users\\nilab\\OneDrive\\Desktop\\jarvis 11\\modules\\vocalize\\async_js_sr.py", "funcName": "<module>"}
{"asctime": "2025-03-02 02:25:19,180", "levelname": "INFO", "message": "Starting main loop", "name": "C:\\Users\\nilab\\OneDrive\\Desktop\\jarvis 11\\modules\\vocalize\\async_js_sr.py", "funcName": "<module>"}
{"asctime": "2025-03-02 02:27:15,833", "levelname": "INFO", "message": "browser Initialized", "name": "C:\\Users\\nilab\\OneDrive\\Desktop\\jarvis 11\\modules\\vocalize\\async_js_sr.py", "funcName": "<module>"}
{"asctime": "2025-03-02 02:27:15,867", "levelname": "INFO", "message": "website loaded", "name": "C:\\Users\\nilab\\OneDrive\\Desktop\\jarvis 11\\modules\\vocalize\\async_js_sr.py", "funcName": "<module>"}
{"asctime": "2025-03-02 02:27:15,868", "levelname": "INFO", "message": "Starting main loop", "name": "C:\\Users\\nilab\\OneDrive\\Desktop\\jarvis 11\\modules\\vocalize\\async_js_sr.py", "funcName": "<module>"}
{"asctime": "2025-03-02 02:54:27,335", "levelname": "INFO", "message": "browser Initialized", "name": "C:\\Users\\nilab\\OneDrive\\Desktop\\jarvis 11\\modules\\vocalize\\async_js_sr.py", "funcName": "<module>"}
{"asctime": "2025-03-02 02:54:27,365", "levelname": "INFO", "message": "website loaded", "name": "C:\\Users\\nilab\\OneDrive\\Desktop\\jarvis 11\\modules\\vocalize\\async_js_sr.py", "funcName": "<module>"}
{"asctime": "2025-03-02 02:54:27,366", "levelname": "INFO", "message": "Starting main loop", "name": "C:\\Users\\nilab\\OneDrive\\Desktop\\jarvis 11\\modules\\vocalize\\async_js_sr.py", "funcName": "<module>"}
{"asctime": "2025-03-02 02:57:08,086", "levelname": "INFO", "message": "browser Initialized", "name": "C:\\Users\\nilab\\OneDrive\\Desktop\\jarvis 11\\modules\\vocalize\\async_js_sr.py", "funcName": "<module>"}
{"asctime": "2025-03-02 02:57:08,115", "levelname": "INFO", "message": "website loaded", "name": "C:\\Users\\nilab\\OneDrive\\Desktop\\jarvis 11\\modules\\vocalize\\async_js_sr.py", "funcName": "<module>"}
{"asctime": "2025-03-02 02:57:08,118", "levelname": "INFO", "message": "Starting main loop", "name": "C:\\Users\\nilab\\OneDrive\\Desktop\\jarvis 11\\modules\\vocalize\\async_js_sr.py", "funcName": "<module>"}
{"asctime": "2025-03-02 03:01:14,329", "levelname": "INFO", "message": "browser Initialized", "name": "C:\\Users\\nilab\\OneDrive\\Desktop\\jarvis 11\\modules\\vocalize\\async_js_sr.py", "funcName": "<module>"}
{"asctime": "2025-03-02 03:01:14,357", "levelname": "INFO", "message": "website loaded", "name": "C:\\Users\\nilab\\OneDrive\\Desktop\\jarvis 11\\modules\\vocalize\\async_js_sr.py", "funcName": "<module>"}
{"asctime": "2025-03-02 03:01:14,358", "levelname": "INFO", "message": "Starting main loop", "name": "C:\\Users\\nilab\\OneDrive\\Desktop\\jarvis 11\\modules\\vocalize\\async_js_sr.py", "funcName": "<module>"}
{"asctime": "2025-03-02 03:02:38,600", "levelname": "INFO", "message": "browser Initialized", "name": "C:\\Users\\nilab\\OneDrive\\Desktop\\jarvis 11\\modules\\vocalize\\async_js_sr.py", "funcName": "<module>"}
{"asctime": "2025-03-02 03:02:38,632", "levelname": "INFO", "message": "website loaded", "name": "C:\\Users\\nilab\\OneDrive\\Desktop\\jarvis 11\\modules\\vocalize\\async_js_sr.py", "funcName": "<module>"}
{"asctime": "2025-03-02 03:02:38,633", "levelname": "INFO", "message": "Starting main loop", "name": "C:\\Users\\nilab\\OneDrive\\Desktop\\jarvis 11\\modules\\vocalize\\async_js_sr.py", "funcName": "<module>"}
{"asctime": "2025-03-02 03:09:46,217", "levelname": "INFO", "message": "browser Initialized", "name": "C:\\Users\\nilab\\OneDrive\\Desktop\\jarvis 11\\modules\\vocalize\\async_js_sr.py", "funcName": "<module>"}
{"asctime": "2025-03-02 03:09:46,250", "levelname": "INFO", "message": "website loaded", "name": "C:\\Users\\nilab\\OneDrive\\Desktop\\jarvis 11\\modules\\vocalize\\async_js_sr.py", "funcName": "<module>"}
{"asctime": "2025-03-02 03:09:46,251", "levelname": "INFO", "message": "Starting main loop", "name": "C:\\Users\\nilab\\OneDrive\\Desktop\\jarvis 11\\modules\\vocalize\\async_js_sr.py", "funcName": "<module>"}
{"asctime": "2025-03-02 03:13:34,277", "levelname": "INFO", "message": "browser Initialized", "name": "C:\\Users\\nilab\\OneDrive\\Desktop\\jarvis 11\\modules\\vocalize\\async_js_sr.py", "funcName": "<module>"}
{"asctime": "2025-03-02 03:13:34,291", "levelname": "INFO", "message": "website loaded", "name": "C:\\Users\\nilab\\OneDrive\\Desktop\\jarvis 11\\modules\\vocalize\\async_js_sr.py", "funcName": "<module>"}
{"asctime": "2025-03-02 03:13:34,293", "levelname": "INFO", "message": "Starting main loop", "name": "C:\\Users\\nilab\\OneDrive\\Desktop\\jarvis 11\\modules\\vocalize\\async_js_sr.py", "funcName": "<module>"}
{"asctime": "2025-03-02 03:14:30,947", "levelname": "INFO", "message": "browser Initialized", "name": "C:\\Users\\nilab\\OneDrive\\Desktop\\jarvis 11\\modules\\vocalize\\async_js_sr.py", "funcName": "<module>"}
{"asctime": "2025-03-02 03:14:30,978", "levelname": "INFO", "message": "website loaded", "name": "C:\\Users\\nilab\\OneDrive\\Desktop\\jarvis 11\\modules\\vocalize\\async_js_sr.py", "funcName": "<module>"}
{"asctime": "2025-03-02 03:14:30,980", "levelname": "INFO", "message": "Starting main loop", "name": "C:\\Users\\nilab\\OneDrive\\Desktop\\jarvis 11\\modules\\vocalize\\async_js_sr.py", "funcName": "<module>"}
{"asctime": "2025-03-02 03:15:36,019", "levelname": "INFO", "message": "browser Initialized", "name": "C:\\Users\\nilab\\OneDrive\\Desktop\\jarvis 11\\modules\\vocalize\\async_js_sr.py", "funcName": "<module>"}
{"asctime": "2025-03-02 03:15:36,051", "levelname": "INFO", "message": "website loaded", "name": "C:\\Users\\nilab\\OneDrive\\Desktop\\jarvis 11\\modules\\vocalize\\async_js_sr.py", "funcName": "<module>"}
{"asctime": "2025-03-02 03:15:36,052", "levelname": "INFO", "message": "Starting main loop", "name": "C:\\Users\\nilab\\OneDrive\\Desktop\\jarvis 11\\modules\\vocalize\\async_js_sr.py", "funcName": "<module>"}
{"asctime": "2025-03-02 03:19:52,210", "levelname": "INFO", "message": "browser Initialized", "name": "C:\\Users\\nilab\\OneDrive\\Desktop\\jarvis 11\\modules\\vocalize\\async_js_sr.py", "funcName": "<module>"}
{"asctime": "2025-03-02 03:19:52,242", "levelname": "INFO", "message": "website loaded", "name": "C:\\Users\\nilab\\OneDrive\\Desktop\\jarvis 11\\modules\\vocalize\\async_js_sr.py", "funcName": "<module>"}
{"asctime": "2025-03-02 03:19:52,243", "levelname": "INFO", "message": "Starting main loop", "name": "C:\\Users\\nilab\\OneDrive\\Desktop\\jarvis 11\\modules\\vocalize\\async_js_sr.py", "funcName": "<module>"}
{"asctime": "2025-03-02 03:21:38,464", "levelname": "INFO", "message": "browser Initialized", "name": "C:\\Users\\nilab\\OneDrive\\Desktop\\jarvis 11\\modules\\vocalize\\async_js_sr.py", "funcName": "<module>"}
{"asctime": "2025-03-02 03:21:38,498", "levelname": "INFO", "message": "website loaded", "name": "C:\\Users\\nilab\\OneDrive\\Desktop\\jarvis 11\\modules\\vocalize\\async_js_sr.py", "funcName": "<module>"}
{"asctime": "2025-03-02 03:21:38,500", "levelname": "INFO", "message": "Starting main loop", "name": "C:\\Users\\nilab\\OneDrive\\Desktop\\jarvis 11\\modules\\vocalize\\async_js_sr.py", "funcName": "<module>"}
{"asctime": "2025-03-02 03:24:44,683", "levelname": "INFO", "message": "browser Initialized", "name": "C:\\Users\\nilab\\OneDrive\\Desktop\\jarvis 11\\modules\\vocalize\\async_js_sr.py", "funcName": "<module>"}
{"asctime": "2025-03-02 03:24:44,714", "levelname": "INFO", "message": "website loaded", "name": "C:\\Users\\nilab\\OneDrive\\Desktop\\jarvis 11\\modules\\vocalize\\async_js_sr.py", "funcName": "<module>"}
{"asctime": "2025-03-02 03:24:44,716", "levelname": "INFO", "message": "Starting main loop", "name": "C:\\Users\\nilab\\OneDrive\\Desktop\\jarvis 11\\modules\\vocalize\\async_js_sr.py", "funcName": "<module>"}
{"asctime": "2025-03-02 03:28:25,761", "levelname": "INFO", "message": "browser Initialized", "name": "C:\\Users\\nilab\\OneDrive\\Desktop\\jarvis 11\\modules\\vocalize\\async_js_sr.py", "funcName": "<module>"}
{"asctime": "2025-03-02 03:28:25,793", "levelname": "INFO", "message": "website loaded", "name": "C:\\Users\\nilab\\OneDrive\\Desktop\\jarvis 11\\modules\\vocalize\\async_js_sr.py", "funcName": "<module>"}
{"asctime": "2025-03-02 03:28:25,795", "levelname": "INFO", "message": "Starting main loop", "name": "C:\\Users\\nilab\\OneDrive\\Desktop\\jarvis 11\\modules\\vocalize\\async_js_sr.py", "funcName": "<module>"}
{"asctime": "2025-03-02 03:39:09,441", "levelname": "INFO", "message": "browser Initialized", "name": "C:\\Users\\nilab\\OneDrive\\Desktop\\jarvis 11\\modules\\vocalize\\async_js_sr.py", "funcName": "<module>"}
{"asctime": "2025-03-02 03:39:09,472", "levelname": "INFO", "message": "website loaded", "name": "C:\\Users\\nilab\\OneDrive\\Desktop\\jarvis 11\\modules\\vocalize\\async_js_sr.py", "funcName": "<module>"}
{"asctime": "2025-03-02 03:39:09,473", "levelname": "INFO", "message": "Starting main loop", "name": "C:\\Users\\nilab\\OneDrive\\Desktop\\jarvis 11\\modules\\vocalize\\async_js_sr.py", "funcName": "<module>"}
{"asctime": "2025-03-02 03:43:11,293", "levelname": "INFO", "message": "browser Initialized", "name": "C:\\Users\\nilab\\OneDrive\\Desktop\\jarvis 11\\modules\\vocalize\\async_js_sr.py", "funcName": "<module>"}
{"asctime": "2025-03-02 03:43:11,326", "levelname": "INFO", "message": "website loaded", "name": "C:\\Users\\nilab\\OneDrive\\Desktop\\jarvis 11\\modules\\vocalize\\async_js_sr.py", "funcName": "<module>"}
{"asctime": "2025-03-02 03:43:11,328", "levelname": "INFO", "message": "Starting main loop", "name": "C:\\Users\\nilab\\OneDrive\\Desktop\\jarvis 11\\modules\\vocalize\\async_js_sr.py", "funcName": "<module>"}
{"asctime": "2025-03-02 03:45:00,705", "levelname": "INFO", "message": "browser Initialized", "name": "C:\\Users\\nilab\\OneDrive\\Desktop\\jarvis 11\\modules\\vocalize\\async_js_sr.py", "funcName": "<module>"}
{"asctime": "2025-03-02 03:45:00,749", "levelname": "INFO", "message": "website loaded", "name": "C:\\Users\\nilab\\OneDrive\\Desktop\\jarvis 11\\modules\\vocalize\\async_js_sr.py", "funcName": "<module>"}
{"asctime": "2025-03-02 03:45:00,751", "levelname": "INFO", "message": "Starting main loop", "name": "C:\\Users\\nilab\\OneDrive\\Desktop\\jarvis 11\\modules\\vocalize\\async_js_sr.py", "funcName": "<module>"}
{"asctime": "2025-03-02 03:47:55,967", "levelname": "INFO", "message": "browser Initialized", "name": "C:\\Users\\nilab\\OneDrive\\Desktop\\jarvis 11\\modules\\vocalize\\async_js_sr.py", "funcName": "<module>"}
{"asctime": "2025-03-02 03:47:55,996", "levelname": "INFO", "message": "website loaded", "name": "C:\\Users\\nilab\\OneDrive\\Desktop\\jarvis 11\\modules\\vocalize\\async_js_sr.py", "funcName": "<module>"}
{"asctime": "2025-03-02 03:47:55,997", "levelname": "INFO", "message": "Starting main loop", "name": "C:\\Users\\nilab\\OneDrive\\Desktop\\jarvis 11\\modules\\vocalize\\async_js_sr.py", "funcName": "<module>"}
{"asctime": "2025-03-02 11:33:33,213", "levelname": "INFO", "message": "browser Initialized", "name": "C:\\Users\\nilab\\OneDrive\\Desktop\\jarvis 11\\modules\\vocalize\\async_js_sr.py", "funcName": "<module>"}
{"asctime": "2025-03-02 11:33:33,249", "levelname": "INFO", "message": "website loaded", "name": "C:\\Users\\nilab\\OneDrive\\Desktop\\jarvis 11\\modules\\vocalize\\async_js_sr.py", "funcName": "<module>"}
{"asctime": "2025-03-02 11:33:33,251", "levelname": "INFO", "message": "Starting main loop", "name": "C:\\Users\\nilab\\OneDrive\\Desktop\\jarvis 11\\modules\\vocalize\\async_js_sr.py", "funcName": "<module>"}
{"asctime": "2025-03-02 11:38:26,119", "levelname": "INFO", "message": "browser Initialized", "name": "C:\\Users\\nilab\\OneDrive\\Desktop\\jarvis 11\\modules\\vocalize\\async_js_sr.py", "funcName": "<module>"}
{"asctime": "2025-03-02 11:38:26,149", "levelname": "INFO", "message": "website loaded", "name": "C:\\Users\\nilab\\OneDrive\\Desktop\\jarvis 11\\modules\\vocalize\\async_js_sr.py", "funcName": "<module>"}
{"asctime": "2025-03-02 11:38:26,151", "levelname": "INFO", "message": "Starting main loop", "name": "C:\\Users\\nilab\\OneDrive\\Desktop\\jarvis 11\\modules\\vocalize\\async_js_sr.py", "funcName": "<module>"}
{"asctime": "2025-03-02 11:39:02,291", "levelname": "INFO", "message": "browser Initialized", "name": "C:\\Users\\nilab\\OneDrive\\Desktop\\jarvis 11\\modules\\vocalize\\async_js_sr.py", "funcName": "<module>"}
{"asctime": "2025-03-02 11:39:02,326", "levelname": "INFO", "message": "website loaded", "name": "C:\\Users\\nilab\\OneDrive\\Desktop\\jarvis 11\\modules\\vocalize\\async_js_sr.py", "funcName": "<module>"}
{"asctime": "2025-03-02 11:39:02,327", "levelname": "INFO", "message": "Starting main loop", "name": "C:\\Users\\nilab\\OneDrive\\Desktop\\jarvis 11\\modules\\vocalize\\async_js_sr.py", "funcName": "<module>"}
{"asctime": "2025-03-02 15:14:01,119", "levelname": "INFO", "message": "browser Initialized", "name": "C:\\Users\\nilab\\OneDrive\\Desktop\\jarvis 11\\modules\\vocalize\\async_js_sr.py", "funcName": "<module>"}
{"asctime": "2025-03-02 15:14:01,500", "levelname": "INFO", "message": "website loaded", "name": "C:\\Users\\nilab\\OneDrive\\Desktop\\jarvis 11\\modules\\vocalize\\async_js_sr.py", "funcName": "<module>"}
{"asctime": "2025-03-02 15:14:01,501", "levelname": "INFO", "message": "Starting main loop", "name": "C:\\Users\\nilab\\OneDrive\\Desktop\\jarvis 11\\modules\\vocalize\\async_js_sr.py", "funcName": "<module>"}
{"asctime": "2025-03-02 15:17:13,892", "levelname": "INFO", "message": "browser Initialized", "name": "C:\\Users\\nilab\\OneDrive\\Desktop\\jarvis 11\\modules\\vocalize\\async_js_sr.py", "funcName": "<module>"}
{"asctime": "2025-03-02 15:17:13,918", "levelname": "INFO", "message": "website loaded", "name": "C:\\Users\\nilab\\OneDrive\\Desktop\\jarvis 11\\modules\\vocalize\\async_js_sr.py", "funcName": "<module>"}
{"asctime": "2025-03-02 15:17:13,921", "levelname": "INFO", "message": "Starting main loop", "name": "C:\\Users\\nilab\\OneDrive\\Desktop\\jarvis 11\\modules\\vocalize\\async_js_sr.py", "funcName": "<module>"}
{"asctime": "2025-03-02 15:26:44,618", "levelname": "INFO", "message": "browser Initialized", "name": "C:\\Users\\nilab\\OneDrive\\Desktop\\jarvis 11\\modules\\vocalize\\async_js_sr.py", "funcName": "<module>"}
{"asctime": "2025-03-02 15:26:44,651", "levelname": "INFO", "message": "website loaded", "name": "C:\\Users\\nilab\\OneDrive\\Desktop\\jarvis 11\\modules\\vocalize\\async_js_sr.py", "funcName": "<module>"}
{"asctime": "2025-03-02 15:26:44,653", "levelname": "INFO", "message": "Starting main loop", "name": "C:\\Users\\nilab\\OneDrive\\Desktop\\jarvis 11\\modules\\vocalize\\async_js_sr.py", "funcName": "<module>"}
{"asctime": "2025-03-02 15:35:38,297", "levelname": "INFO", "message": "browser Initialized", "name": "C:\\Users\\nilab\\OneDrive\\Desktop\\jarvis 11\\modules\\vocalize\\async_js_sr.py", "funcName": "<module>"}
{"asctime": "2025-03-02 15:35:38,333", "levelname": "INFO", "message": "website loaded", "name": "C:\\Users\\nilab\\OneDrive\\Desktop\\jarvis 11\\modules\\vocalize\\async_js_sr.py", "funcName": "<module>"}
{"asctime": "2025-03-02 15:35:38,335", "levelname": "INFO", "message": "Starting main loop", "name": "C:\\Users\\nilab\\OneDrive\\Desktop\\jarvis 11\\modules\\vocalize\\async_js_sr.py", "funcName": "<module>"}
{"asctime": "2025-03-02 15:37:36,180", "levelname": "INFO", "message": "browser Initialized", "name": "C:\\Users\\nilab\\OneDrive\\Desktop\\jarvis 11\\modules\\vocalize\\async_js_sr.py", "funcName": "<module>"}
{"asctime": "2025-03-02 15:37:36,215", "levelname": "INFO", "message": "website loaded", "name": "C:\\Users\\nilab\\OneDrive\\Desktop\\jarvis 11\\modules\\vocalize\\async_js_sr.py", "funcName": "<module>"}
{"asctime": "2025-03-02 15:37:36,216", "levelname": "INFO", "message": "Starting main loop", "name": "C:\\Users\\nilab\\OneDrive\\Desktop\\jarvis 11\\modules\\vocalize\\async_js_sr.py", "funcName": "<module>"}
{"asctime": "2025-03-02 15:38:32,075", "levelname": "INFO", "message": "browser Initialized", "name": "C:\\Users\\nilab\\OneDrive\\Desktop\\jarvis 11\\modules\\vocalize\\async_js_sr.py", "funcName": "<module>"}
{"asctime": "2025-03-02 15:38:32,094", "levelname": "INFO", "message": "website loaded", "name": "C:\\Users\\nilab\\OneDrive\\Desktop\\jarvis 11\\modules\\vocalize\\async_js_sr.py", "funcName": "<module>"}
{"asctime": "2025-03-02 15:38:32,098", "levelname": "INFO", "message": "Starting main loop", "name": "C:\\Users\\nilab\\OneDrive\\Desktop\\jarvis 11\\modules\\vocalize\\async_js_sr.py", "funcName": "<module>"}
{"asctime": "2025-03-02 21:50:03,045", "levelname": "INFO", "message": "browser Initialized", "name": "C:\\Users\\nilab\\OneDrive\\Desktop\\jarvis 11\\modules\\vocalize\\async_js_sr.py", "funcName": "<module>"}
{"asctime": "2025-03-02 21:50:03,082", "levelname": "INFO", "message": "website loaded", "name": "C:\\Users\\nilab\\OneDrive\\Desktop\\jarvis 11\\modules\\vocalize\\async_js_sr.py", "funcName": "<module>"}
{"asctime": "2025-03-02 21:50:03,084", "levelname": "INFO", "message": "Starting main loop", "name": "C:\\Users\\nilab\\OneDrive\\Desktop\\jarvis 11\\modules\\vocalize\\async_js_sr.py", "funcName": "<module>"}
{"asctime": "2025-03-02 22:17:20,742", "levelname": "INFO", "message": "browser Initialized", "name": "C:\\Users\\nilab\\OneDrive\\Desktop\\jarvis 11\\modules\\vocalize\\async_js_sr.py", "funcName": "<module>"}
{"asctime": "2025-03-02 22:17:20,777", "levelname": "INFO", "message": "website loaded", "name": "C:\\Users\\nilab\\OneDrive\\Desktop\\jarvis 11\\modules\\vocalize\\async_js_sr.py", "funcName": "<module>"}
{"asctime": "2025-03-02 22:17:20,781", "levelname": "INFO", "message": "Starting main loop", "name": "C:\\Users\\nilab\\OneDrive\\Desktop\\jarvis 11\\modules\\vocalize\\async_js_sr.py", "funcName": "<module>"}
{"asctime": "2025-03-02 22:23:48,871", "levelname": "INFO", "message": "browser Initialized", "name": "C:\\Users\\nilab\\OneDrive\\Desktop\\jarvis 11\\modules\\vocalize\\async_js_sr.py", "funcName": "<module>"}
{"asctime": "2025-03-02 22:23:48,900", "levelname": "INFO", "message": "website loaded", "name": "C:\\Users\\nilab\\OneDrive\\Desktop\\jarvis 11\\modules\\vocalize\\async_js_sr.py", "funcName": "<module>"}
{"asctime": "2025-03-02 22:23:48,902", "levelname": "INFO", "message": "Starting main loop", "name": "C:\\Users\\nilab\\OneDrive\\Desktop\\jarvis 11\\modules\\vocalize\\async_js_sr.py", "funcName": "<module>"}
{"asctime": "2025-03-02 22:24:12,113", "levelname": "INFO", "message": "browser Initialized", "name": "C:\\Users\\nilab\\OneDrive\\Desktop\\jarvis 11\\modules\\vocalize\\async_js_sr.py", "funcName": "<module>"}
{"asctime": "2025-03-02 22:24:12,140", "levelname": "INFO", "message": "website loaded", "name": "C:\\Users\\nilab\\OneDrive\\Desktop\\jarvis 11\\modules\\vocalize\\async_js_sr.py", "funcName": "<module>"}
{"asctime": "2025-03-02 22:24:12,142", "levelname": "INFO", "message": "Starting main loop", "name": "C:\\Users\\nilab\\OneDrive\\Desktop\\jarvis 11\\modules\\vocalize\\async_js_sr.py", "funcName": "<module>"}
