{"asctime": "2024-10-31 12:46:44,675", "levelname": "INFO", "message": "initializing emotion system", "name": "c:\\Users\\Divyansh\\Desktop\\jarvis 69\\jarvis 10\\util\\func\\emotion.py", "funcName": "__init__", "action": "init", "sqDict[emotion]": null, "countOfEmotion": 18}
{"asctime": "2024-10-31 12:46:44,702", "levelname": "INFO", "message": "return list of emotion in current system tray", "name": "c:\\Users\\Divyansh\\Desktop\\jarvis 69\\jarvis 10\\util\\func\\emotion.py", "funcName": "getEmotions", "action": "getEmotions", "sqDict[emotion]": []}
{"asctime": "2024-10-31 12:46:58,626", "levelname": "INFO", "message": "add emotion to current system tray", "name": "c:\\Users\\Divyansh\\Desktop\\jarvis 69\\jarvis 10\\util\\func\\emotion.py", "funcName": "addEmotion", "action": "addEmotion", "emotion": ["Calmness"]}
{"asctime": "2024-10-31 12:47:51,550", "levelname": "INFO", "message": "initializing emotion system", "name": "c:\\Users\\Divyansh\\Desktop\\jarvis 69\\jarvis 10\\util\\func\\emotion.py", "funcName": "__init__", "action": "init", "sqDict[emotion]": ["Calmness"], "countOfEmotion": 18}
{"asctime": "2024-10-31 12:47:51,566", "levelname": "INFO", "message": "return list of emotion in current system tray", "name": "c:\\Users\\Divyansh\\Desktop\\jarvis 69\\jarvis 10\\util\\func\\emotion.py", "funcName": "getEmotions", "action": "getEmotions", "sqDict[emotion]": ["Calmness"]}
{"asctime": "2024-10-31 12:50:07,194", "levelname": "INFO", "message": "initializing emotion system", "name": "c:\\Users\\Divyansh\\Desktop\\jarvis 69\\jarvis 10\\util\\func\\emotion.py", "funcName": "__init__", "action": "init", "sqDict[emotion]": null, "countOfEmotion": 18}
{"asctime": "2024-10-31 12:50:07,210", "levelname": "INFO", "message": "return list of emotion in current system tray", "name": "c:\\Users\\Divyansh\\Desktop\\jarvis 69\\jarvis 10\\util\\func\\emotion.py", "funcName": "getEmotions", "action": "getEmotions", "sqDict[emotion]": []}
{"asctime": "2024-10-31 12:53:59,177", "levelname": "INFO", "message": "initializing emotion system", "name": "c:\\Users\\Divyansh\\Desktop\\jarvis 69\\jarvis 10\\util\\func\\emotion.py", "funcName": "__init__", "action": "init", "sqDict[emotion]": null, "countOfEmotion": 18}
{"asctime": "2024-10-31 12:53:59,196", "levelname": "INFO", "message": "return list of emotion in current system tray", "name": "c:\\Users\\Divyansh\\Desktop\\jarvis 69\\jarvis 10\\util\\func\\emotion.py", "funcName": "getEmotions", "action": "getEmotions", "sqDict[emotion]": []}
{"asctime": "2024-10-31 12:55:19,098", "levelname": "INFO", "message": "initializing emotion system", "name": "c:\\Users\\Divyansh\\Desktop\\jarvis 69\\jarvis 10\\util\\func\\emotion.py", "funcName": "__init__", "action": "init", "sqDict[emotion]": [], "countOfEmotion": 18}
{"asctime": "2024-10-31 12:55:19,118", "levelname": "INFO", "message": "return list of emotion in current system tray", "name": "c:\\Users\\Divyansh\\Desktop\\jarvis 69\\jarvis 10\\util\\func\\emotion.py", "funcName": "getEmotions", "action": "getEmotions", "sqDict[emotion]": []}
{"asctime": "2024-10-31 12:57:20,232", "levelname": "INFO", "message": "initializing emotion system", "name": "c:\\Users\\Divyansh\\Desktop\\jarvis 69\\jarvis 10\\util\\func\\emotion.py", "funcName": "__init__", "action": "init", "sqDict[emotion]": null, "countOfEmotion": 18}
{"asctime": "2024-10-31 12:57:20,252", "levelname": "INFO", "message": "return list of emotion in current system tray", "name": "c:\\Users\\Divyansh\\Desktop\\jarvis 69\\jarvis 10\\util\\func\\emotion.py", "funcName": "getEmotions", "action": "getEmotions", "sqDict[emotion]": []}
{"asctime": "2024-10-31 13:02:37,856", "levelname": "INFO", "message": "initializing emotion system", "name": "c:\\Users\\Divyansh\\Desktop\\jarvis 69\\jarvis 10\\util\\func\\emotion.py", "funcName": "__init__", "action": "init", "sqDict[emotion]": [], "countOfEmotion": 18}
{"asctime": "2024-10-31 13:02:37,881", "levelname": "INFO", "message": "return list of emotion in current system tray", "name": "c:\\Users\\Divyansh\\Desktop\\jarvis 69\\jarvis 10\\util\\func\\emotion.py", "funcName": "getEmotions", "action": "getEmotions", "sqDict[emotion]": []}
{"asctime": "2024-10-31 13:04:20,306", "levelname": "INFO", "message": "add emotion to current system tray", "name": "c:\\Users\\Divyansh\\Desktop\\jarvis 69\\jarvis 10\\util\\func\\emotion.py", "funcName": "addEmotion", "action": "addEmotion", "emotion": ["Excitement"]}
{"asctime": "2024-10-31 13:04:59,194", "levelname": "ERROR", "message": "add emotion to current system tray", "name": "c:\\Users\\Divyansh\\Desktop\\jarvis 69\\jarvis 10\\util\\func\\emotion.py", "funcName": "addEmotion", "action": "addEmotion", "error": "emotion not Exist in config", "new_emotion": "Frustration", "listOfEmotion": ["Happiness", "Sadness", "Anger", "Fear", "Disgust", "Surprise", "Love", "Jealousy", "Guilt", "Pride", "Embarrassment", "Compassion", "Gratitude", "Trust", "Loneliness", "Excitement", "Fatigue", "Calmness"]}
{"asctime": "2024-10-31 13:05:10,509", "levelname": "WARNING", "message": "emotion already exists in system tray: Excitement", "name": "c:\\Users\\Divyansh\\Desktop\\jarvis 69\\jarvis 10\\util\\func\\emotion.py", "funcName": "addEmotion"}
{"asctime": "2024-10-31 13:07:42,791", "levelname": "INFO", "message": "initializing emotion system", "name": "c:\\Users\\Divyansh\\Desktop\\jarvis 69\\jarvis 10\\util\\func\\emotion.py", "funcName": "__init__", "action": "init", "sqDict[emotion]": ["Excitement"], "countOfEmotion": 18}
{"asctime": "2024-10-31 13:07:42,805", "levelname": "INFO", "message": "return list of emotion in current system tray", "name": "c:\\Users\\Divyansh\\Desktop\\jarvis 69\\jarvis 10\\util\\func\\emotion.py", "funcName": "getEmotions", "action": "getEmotions", "sqDict[emotion]": ["Excitement"]}
{"asctime": "2024-10-31 13:07:57,177", "levelname": "INFO", "message": "add emotion to current system tray", "name": "c:\\Users\\Divyansh\\Desktop\\jarvis 69\\jarvis 10\\util\\func\\emotion.py", "funcName": "addEmotion", "action": "addEmotion", "emotion": ["Excitement", "Happiness"]}
{"asctime": "2024-10-31 13:10:34,356", "levelname": "INFO", "message": "add emotion to current system tray", "name": "c:\\Users\\Divyansh\\Desktop\\jarvis 69\\jarvis 10\\util\\func\\emotion.py", "funcName": "addEmotion", "action": "addEmotion", "emotion": ["Excitement", "Happiness", "Compassion"]}
{"asctime": "2024-10-31 13:10:52,424", "levelname": "INFO", "message": "add emotion to current system tray", "name": "c:\\Users\\Divyansh\\Desktop\\jarvis 69\\jarvis 10\\util\\func\\emotion.py", "funcName": "addEmotion", "action": "addEmotion", "emotion": ["Excitement", "Happiness", "Compassion", "Love"]}
{"asctime": "2024-10-31 13:21:46,333", "levelname": "INFO", "message": "initializing emotion system", "name": "c:\\Users\\Divyansh\\Desktop\\jarvis 69\\jarvis 10\\util\\func\\emotion.py", "funcName": "__init__", "action": "init", "sqDict[emotion]": null, "countOfEmotion": 18}
{"asctime": "2024-10-31 13:21:46,353", "levelname": "INFO", "message": "return list of emotion in current system tray", "name": "c:\\Users\\Divyansh\\Desktop\\jarvis 69\\jarvis 10\\util\\func\\emotion.py", "funcName": "getEmotions", "action": "getEmotions", "sqDict[emotion]": []}
{"asctime": "2024-10-31 13:42:53,324", "levelname": "INFO", "message": "initializing emotion system", "name": "c:\\Users\\Divyansh\\Desktop\\jarvis 69\\jarvis 10\\util\\func\\emotion.py", "funcName": "__init__", "action": "init", "sqDict[emotion]": [], "countOfEmotion": 18}
{"asctime": "2024-10-31 13:42:53,348", "levelname": "INFO", "message": "return list of emotion in current system tray", "name": "c:\\Users\\Divyansh\\Desktop\\jarvis 69\\jarvis 10\\util\\func\\emotion.py", "funcName": "getEmotions", "action": "getEmotions", "sqDict[emotion]": []}
{"asctime": "2024-11-01 03:08:40,632", "levelname": "INFO", "message": "initializing emotion system", "name": "C:\\Users\\Divyansh\\Desktop\\jarvis 69\\jarvis 10\\util\\func\\emotion.py", "funcName": "__init__", "action": "init", "sqDict[emotion]": [], "countOfEmotion": 18}
{"asctime": "2024-11-01 03:08:40,671", "levelname": "INFO", "message": "return list of emotion in current system tray", "name": "C:\\Users\\Divyansh\\Desktop\\jarvis 69\\jarvis 10\\util\\func\\emotion.py", "funcName": "getEmotions", "action": "getEmotions", "sqDict[emotion]": []}
{"asctime": "2024-11-01 03:10:28,299", "levelname": "INFO", "message": "initializing emotion system", "name": "C:\\Users\\Divyansh\\Desktop\\jarvis 69\\jarvis 10\\util\\func\\emotion.py", "funcName": "__init__", "action": "init", "sqDict[emotion]": [], "countOfEmotion": 18}
{"asctime": "2024-11-01 03:10:28,341", "levelname": "INFO", "message": "return list of emotion in current system tray", "name": "C:\\Users\\Divyansh\\Desktop\\jarvis 69\\jarvis 10\\util\\func\\emotion.py", "funcName": "getEmotions", "action": "getEmotions", "sqDict[emotion]": []}
{"asctime": "2024-11-01 03:10:43,592", "levelname": "INFO", "message": "add emotion to current system tray", "name": "C:\\Users\\Divyansh\\Desktop\\jarvis 69\\jarvis 10\\util\\func\\emotion.py", "funcName": "addEmotion", "action": "addEmotion", "emotion": ["Calmness"]}
{"asctime": "2024-11-01 03:13:37,393", "levelname": "INFO", "message": "initializing emotion system", "name": "C:\\Users\\Divyansh\\Desktop\\jarvis 69\\jarvis 10\\util\\func\\emotion.py", "funcName": "__init__", "action": "init", "sqDict[emotion]": ["Calmness"], "countOfEmotion": 18}
{"asctime": "2024-11-01 03:13:37,404", "levelname": "INFO", "message": "return list of emotion in current system tray", "name": "C:\\Users\\Divyansh\\Desktop\\jarvis 69\\jarvis 10\\util\\func\\emotion.py", "funcName": "getEmotions", "action": "getEmotions", "sqDict[emotion]": ["Calmness"]}
{"asctime": "2024-11-01 03:14:24,710", "levelname": "INFO", "message": "initializing emotion system", "name": "C:\\Users\\Divyansh\\Desktop\\jarvis 69\\jarvis 10\\util\\func\\emotion.py", "funcName": "__init__", "action": "init", "sqDict[emotion]": ["Calmness"], "countOfEmotion": 18}
{"asctime": "2024-11-01 03:14:24,723", "levelname": "INFO", "message": "return list of emotion in current system tray", "name": "C:\\Users\\Divyansh\\Desktop\\jarvis 69\\jarvis 10\\util\\func\\emotion.py", "funcName": "getEmotions", "action": "getEmotions", "sqDict[emotion]": ["Calmness"]}
{"asctime": "2024-11-01 03:16:08,710", "levelname": "INFO", "message": "add emotion to current system tray", "name": "C:\\Users\\Divyansh\\Desktop\\jarvis 69\\jarvis 10\\util\\func\\emotion.py", "funcName": "addEmotion", "action": "addEmotion", "emotion": ["Calmness", "Excitement"]}
{"asctime": "2024-11-06 22:38:10,130", "levelname": "INFO", "message": "initializing emotion system", "name": "c:\\Users\\Divyansh\\Desktop\\jarvis 69\\jarvis 10\\util\\func\\emotion.py", "funcName": "__init__", "action": "init", "sqDict[emotion]": null, "countOfEmotion": 18}
{"asctime": "2024-11-06 22:38:10,150", "levelname": "INFO", "message": "return list of emotion in current system tray", "name": "c:\\Users\\Divyansh\\Desktop\\jarvis 69\\jarvis 10\\util\\func\\emotion.py", "funcName": "getEmotions", "action": "getEmotions", "sqDict[emotion]": []}
{"asctime": "2024-11-06 22:42:37,896", "levelname": "INFO", "message": "initializing emotion system", "name": "c:\\Users\\Divyansh\\Desktop\\jarvis 69\\jarvis 10\\util\\func\\emotion.py", "funcName": "__init__", "action": "init", "sqDict[emotion]": [], "countOfEmotion": 18}
{"asctime": "2024-11-06 22:42:37,918", "levelname": "INFO", "message": "return list of emotion in current system tray", "name": "c:\\Users\\Divyansh\\Desktop\\jarvis 69\\jarvis 10\\util\\func\\emotion.py", "funcName": "getEmotions", "action": "getEmotions", "sqDict[emotion]": []}
{"asctime": "2024-11-06 22:42:49,080", "levelname": "INFO", "message": "add emotion to current system tray", "name": "c:\\Users\\Divyansh\\Desktop\\jarvis 69\\jarvis 10\\util\\func\\emotion.py", "funcName": "addEmotion", "action": "addEmotion", "emotion": ["Happiness"]}
{"asctime": "2024-11-08 04:26:14,278", "levelname": "INFO", "message": "initializing emotion system", "name": "c:\\Users\\Divyansh\\Desktop\\jarvis 69\\jarvis 11\\util\\func\\emotion.py", "funcName": "__init__", "action": "init", "sqDict[emotion]": ["Happiness"], "countOfEmotion": 18}
{"asctime": "2024-11-08 04:26:14,292", "levelname": "INFO", "message": "return list of emotion in current system tray", "name": "c:\\Users\\Divyansh\\Desktop\\jarvis 69\\jarvis 11\\util\\func\\emotion.py", "funcName": "getEmotions", "action": "getEmotions", "sqDict[emotion]": ["Happiness"]}
{"asctime": "2024-11-09 00:15:22,889", "levelname": "INFO", "message": "initializing emotion system", "name": "c:\\Users\\Divyansh\\Desktop\\jarvis 69\\jarvis 11\\util\\func\\emotion.py", "funcName": "__init__", "action": "init", "sqDict[emotion]": ["Happiness"], "countOfEmotion": 18}
{"asctime": "2024-11-09 00:15:22,901", "levelname": "INFO", "message": "return list of emotion in current system tray", "name": "c:\\Users\\Divyansh\\Desktop\\jarvis 69\\jarvis 11\\util\\func\\emotion.py", "funcName": "getEmotions", "action": "getEmotions", "sqDict[emotion]": ["Happiness"]}
{"asctime": "2024-11-09 00:16:56,816", "levelname": "INFO", "message": "initializing emotion system", "name": "c:\\Users\\Divyansh\\Desktop\\jarvis 69\\jarvis 11\\util\\func\\emotion.py", "funcName": "__init__", "action": "init", "sqDict[emotion]": ["Happiness"], "countOfEmotion": 18}
{"asctime": "2024-11-09 00:16:56,831", "levelname": "INFO", "message": "return list of emotion in current system tray", "name": "c:\\Users\\Divyansh\\Desktop\\jarvis 69\\jarvis 11\\util\\func\\emotion.py", "funcName": "getEmotions", "action": "getEmotions", "sqDict[emotion]": ["Happiness"]}
{"asctime": "2024-11-09 02:17:30,616", "levelname": "INFO", "message": "initializing emotion system", "name": "c:\\Users\\Divyansh\\Desktop\\jarvis 69\\jarvis 11\\util\\func\\emotion.py", "funcName": "__init__", "action": "init", "sqDict[emotion]": ["Happiness"], "countOfEmotion": 18}
{"asctime": "2024-11-09 02:17:30,691", "levelname": "INFO", "message": "return list of emotion in current system tray", "name": "c:\\Users\\Divyansh\\Desktop\\jarvis 69\\jarvis 11\\util\\func\\emotion.py", "funcName": "getEmotions", "action": "getEmotions", "sqDict[emotion]": ["Happiness"]}
{"asctime": "2024-11-25 05:45:53,499", "levelname": "INFO", "message": "initializing emotion system", "name": "c:\\Users\\Divyansh\\Desktop\\jarvis 69\\jarvis 11\\util\\func\\emotion.py", "funcName": "__init__", "action": "init", "sqDict[emotion]": ["Happiness"], "countOfEmotion": 18}
{"asctime": "2024-11-25 05:45:53,513", "levelname": "INFO", "message": "return list of emotion in current system tray", "name": "c:\\Users\\Divyansh\\Desktop\\jarvis 69\\jarvis 11\\util\\func\\emotion.py", "funcName": "getEmotions", "action": "getEmotions", "sqDict[emotion]": ["Happiness"]}
{"asctime": "2024-11-25 17:51:55,337", "levelname": "INFO", "message": "initializing emotion system", "name": "c:\\Users\\Divyansh\\Desktop\\jarvis 69\\jarvis 11\\util\\func\\emotion.py", "funcName": "__init__", "action": "init", "sqDict[emotion]": ["Happiness"], "countOfEmotion": 18}
{"asctime": "2024-11-25 17:51:55,348", "levelname": "INFO", "message": "return list of emotion in current system tray", "name": "c:\\Users\\Divyansh\\Desktop\\jarvis 69\\jarvis 11\\util\\func\\emotion.py", "funcName": "getEmotions", "action": "getEmotions", "sqDict[emotion]": ["Happiness"]}
{"asctime": "2024-11-25 17:52:16,635", "levelname": "INFO", "message": "add emotion to current system tray", "name": "c:\\Users\\Divyansh\\Desktop\\jarvis 69\\jarvis 11\\util\\func\\emotion.py", "funcName": "addEmotion", "action": "addEmotion", "emotion": ["Happiness", "Excitement"]}
{"asctime": "2024-11-25 17:55:43,733", "levelname": "INFO", "message": "initializing emotion system", "name": "c:\\Users\\Divyansh\\Desktop\\jarvis 69\\jarvis 11\\util\\func\\emotion.py", "funcName": "__init__", "action": "init", "sqDict[emotion]": ["Happiness", "Excitement"], "countOfEmotion": 18}
{"asctime": "2024-11-25 17:55:43,746", "levelname": "INFO", "message": "return list of emotion in current system tray", "name": "c:\\Users\\Divyansh\\Desktop\\jarvis 69\\jarvis 11\\util\\func\\emotion.py", "funcName": "getEmotions", "action": "getEmotions", "sqDict[emotion]": ["Happiness", "Excitement"]}
{"asctime": "2024-11-25 17:55:52,744", "levelname": "INFO", "message": "add emotion to current system tray", "name": "c:\\Users\\Divyansh\\Desktop\\jarvis 69\\jarvis 11\\util\\func\\emotion.py", "funcName": "addEmotion", "action": "addEmotion", "emotion": ["Happiness", "Excitement", "Love"]}
{"asctime": "2024-11-25 17:58:14,489", "levelname": "INFO", "message": "initializing emotion system", "name": "c:\\Users\\Divyansh\\Desktop\\jarvis 69\\jarvis 11\\util\\func\\emotion.py", "funcName": "__init__", "action": "init", "sqDict[emotion]": ["Happiness", "Excitement", "Love"], "countOfEmotion": 18}
{"asctime": "2024-11-25 17:58:14,504", "levelname": "INFO", "message": "return list of emotion in current system tray", "name": "c:\\Users\\Divyansh\\Desktop\\jarvis 69\\jarvis 11\\util\\func\\emotion.py", "funcName": "getEmotions", "action": "getEmotions", "sqDict[emotion]": ["Happiness", "Excitement", "Love"]}
{"asctime": "2024-11-25 18:00:44,072", "levelname": "INFO", "message": "initializing emotion system", "name": "c:\\Users\\Divyansh\\Desktop\\jarvis 69\\jarvis 11\\util\\func\\emotion.py", "funcName": "__init__", "action": "init", "sqDict[emotion]": ["Happiness", "Excitement", "Love"], "countOfEmotion": 18}
{"asctime": "2024-11-25 18:00:44,085", "levelname": "INFO", "message": "return list of emotion in current system tray", "name": "c:\\Users\\Divyansh\\Desktop\\jarvis 69\\jarvis 11\\util\\func\\emotion.py", "funcName": "getEmotions", "action": "getEmotions", "sqDict[emotion]": ["Happiness", "Excitement", "Love"]}
{"asctime": "2024-11-25 18:03:31,210", "levelname": "INFO", "message": "remove emotion from current system tray", "name": "c:\\Users\\Divyansh\\Desktop\\jarvis 69\\jarvis 11\\util\\func\\emotion.py", "funcName": "removeEmotion", "action": "removeEmotion", "emotion": ["Happiness", "Love"]}
{"asctime": "2024-11-25 18:08:06,432", "levelname": "INFO", "message": "initializing emotion system", "name": "c:\\Users\\Divyansh\\Desktop\\jarvis 69\\jarvis 11\\util\\func\\emotion.py", "funcName": "__init__", "action": "init", "sqDict[emotion]": ["Happiness", "Love"], "countOfEmotion": 18}
{"asctime": "2024-11-25 18:08:06,478", "levelname": "INFO", "message": "return list of emotion in current system tray", "name": "c:\\Users\\Divyansh\\Desktop\\jarvis 69\\jarvis 11\\util\\func\\emotion.py", "funcName": "getEmotions", "action": "getEmotions", "sqDict[emotion]": ["Happiness", "Love"]}
{"asctime": "2024-11-25 18:08:38,597", "levelname": "INFO", "message": "add emotion to current system tray", "name": "c:\\Users\\Divyansh\\Desktop\\jarvis 69\\jarvis 11\\util\\func\\emotion.py", "funcName": "addEmotion", "action": "addEmotion", "emotion": ["Happiness", "Love", "Anger"]}
{"asctime": "2024-11-25 18:08:56,777", "levelname": "INFO", "message": "add emotion to current system tray", "name": "c:\\Users\\Divyansh\\Desktop\\jarvis 69\\jarvis 11\\util\\func\\emotion.py", "funcName": "addEmotion", "action": "addEmotion", "emotion": ["Happiness", "Love", "Anger", "Excitement"]}
{"asctime": "2024-11-25 18:09:28,873", "levelname": "INFO", "message": "remove emotion from current system tray", "name": "c:\\Users\\Divyansh\\Desktop\\jarvis 69\\jarvis 11\\util\\func\\emotion.py", "funcName": "removeEmotion", "action": "removeEmotion", "emotion": ["Happiness", "Love", "Excitement"]}
{"asctime": "2024-11-26 21:32:34,890", "levelname": "INFO", "message": "initializing emotion system", "name": "c:\\Users\\Divyansh\\Desktop\\jarvis 69\\jarvis 11\\util\\func\\emotion.py", "funcName": "__init__", "action": "init", "sqDict[emotion]": null, "countOfEmotion": 18}
{"asctime": "2024-11-26 21:32:34,911", "levelname": "INFO", "message": "return list of emotion in current system tray", "name": "c:\\Users\\Divyansh\\Desktop\\jarvis 69\\jarvis 11\\util\\func\\emotion.py", "funcName": "getEmotions", "action": "getEmotions", "sqDict[emotion]": []}
{"asctime": "2024-11-26 21:32:46,192", "levelname": "INFO", "message": "add emotion to current system tray", "name": "c:\\Users\\Divyansh\\Desktop\\jarvis 69\\jarvis 11\\util\\func\\emotion.py", "funcName": "addEmotion", "action": "addEmotion", "emotion": ["Excitement"]}
{"asctime": "2024-11-26 21:34:24,012", "levelname": "INFO", "message": "initializing emotion system", "name": "c:\\Users\\Divyansh\\Desktop\\jarvis 69\\jarvis 11\\util\\func\\emotion.py", "funcName": "__init__", "action": "init", "sqDict[emotion]": ["Excitement"], "countOfEmotion": 18}
{"asctime": "2024-11-26 21:34:24,026", "levelname": "INFO", "message": "return list of emotion in current system tray", "name": "c:\\Users\\Divyansh\\Desktop\\jarvis 69\\jarvis 11\\util\\func\\emotion.py", "funcName": "getEmotions", "action": "getEmotions", "sqDict[emotion]": ["Excitement"]}
{"asctime": "2024-11-26 21:34:40,299", "levelname": "INFO", "message": "add emotion to current system tray", "name": "c:\\Users\\Divyansh\\Desktop\\jarvis 69\\jarvis 11\\util\\func\\emotion.py", "funcName": "addEmotion", "action": "addEmotion", "emotion": ["Excitement", "Happiness"]}
{"asctime": "2024-11-26 21:34:59,529", "levelname": "WARNING", "message": "emotion already exists in system tray: Excitement", "name": "c:\\Users\\Divyansh\\Desktop\\jarvis 69\\jarvis 11\\util\\func\\emotion.py", "funcName": "addEmotion"}
{"asctime": "2025-03-02 01:04:08,422", "levelname": "INFO", "message": "initializing emotion system", "name": "c:\\Users\\nilab\\OneDrive\\Desktop\\jarvis 11\\util\\func\\emotion.py", "funcName": "__init__", "action": "init", "sqDict[emotion]": null, "countOfEmotion": 18}
{"asctime": "2025-03-02 01:04:08,429", "levelname": "INFO", "message": "return list of emotion in current system tray", "name": "c:\\Users\\nilab\\OneDrive\\Desktop\\jarvis 11\\util\\func\\emotion.py", "funcName": "getEmotions", "action": "getEmotions", "sqDict[emotion]": []}
{"asctime": "2025-03-02 01:04:57,866", "levelname": "INFO", "message": "initializing emotion system", "name": "c:\\Users\\nilab\\OneDrive\\Desktop\\jarvis 11\\util\\func\\emotion.py", "funcName": "__init__", "action": "init", "sqDict[emotion]": [], "countOfEmotion": 18}
{"asctime": "2025-03-02 01:04:57,874", "levelname": "INFO", "message": "return list of emotion in current system tray", "name": "c:\\Users\\nilab\\OneDrive\\Desktop\\jarvis 11\\util\\func\\emotion.py", "funcName": "getEmotions", "action": "getEmotions", "sqDict[emotion]": []}
{"asctime": "2025-03-02 01:10:50,272", "levelname": "INFO", "message": "initializing emotion system", "name": "c:\\Users\\nilab\\OneDrive\\Desktop\\jarvis 11\\util\\func\\emotion.py", "funcName": "__init__", "action": "init", "sqDict[emotion]": [], "countOfEmotion": 18}
{"asctime": "2025-03-02 01:10:50,279", "levelname": "INFO", "message": "return list of emotion in current system tray", "name": "c:\\Users\\nilab\\OneDrive\\Desktop\\jarvis 11\\util\\func\\emotion.py", "funcName": "getEmotions", "action": "getEmotions", "sqDict[emotion]": []}
{"asctime": "2025-03-02 01:15:25,095", "levelname": "INFO", "message": "initializing emotion system", "name": "c:\\Users\\nilab\\OneDrive\\Desktop\\jarvis 11\\util\\func\\emotion.py", "funcName": "__init__", "action": "init", "sqDict[emotion]": [], "countOfEmotion": 18}
{"asctime": "2025-03-02 01:15:25,105", "levelname": "INFO", "message": "return list of emotion in current system tray", "name": "c:\\Users\\nilab\\OneDrive\\Desktop\\jarvis 11\\util\\func\\emotion.py", "funcName": "getEmotions", "action": "getEmotions", "sqDict[emotion]": []}
{"asctime": "2025-03-02 01:15:35,556", "levelname": "INFO", "message": "add emotion to current system tray", "name": "c:\\Users\\nilab\\OneDrive\\Desktop\\jarvis 11\\util\\func\\emotion.py", "funcName": "addEmotion", "action": "addEmotion", "emotion": ["Calmness"]}
{"asctime": "2025-03-02 01:16:39,466", "levelname": "INFO", "message": "initializing emotion system", "name": "c:\\Users\\nilab\\OneDrive\\Desktop\\jarvis 11\\util\\func\\emotion.py", "funcName": "__init__", "action": "init", "sqDict[emotion]": ["Calmness"], "countOfEmotion": 18}
{"asctime": "2025-03-02 01:16:39,471", "levelname": "INFO", "message": "return list of emotion in current system tray", "name": "c:\\Users\\nilab\\OneDrive\\Desktop\\jarvis 11\\util\\func\\emotion.py", "funcName": "getEmotions", "action": "getEmotions", "sqDict[emotion]": ["Calmness"]}
{"asctime": "2025-03-02 01:17:02,657", "levelname": "INFO", "message": "initializing emotion system", "name": "c:\\Users\\nilab\\OneDrive\\Desktop\\jarvis 11\\util\\func\\emotion.py", "funcName": "__init__", "action": "init", "sqDict[emotion]": ["Calmness"], "countOfEmotion": 18}
{"asctime": "2025-03-02 01:17:02,663", "levelname": "INFO", "message": "return list of emotion in current system tray", "name": "c:\\Users\\nilab\\OneDrive\\Desktop\\jarvis 11\\util\\func\\emotion.py", "funcName": "getEmotions", "action": "getEmotions", "sqDict[emotion]": ["Calmness"]}
{"asctime": "2025-03-02 01:18:26,382", "levelname": "INFO", "message": "add emotion to current system tray", "name": "c:\\Users\\nilab\\OneDrive\\Desktop\\jarvis 11\\util\\func\\emotion.py", "funcName": "addEmotion", "action": "addEmotion", "emotion": ["Calmness", "Sadness"]}
{"asctime": "2025-03-02 01:27:19,254", "levelname": "INFO", "message": "initializing emotion system", "name": "c:\\Users\\nilab\\OneDrive\\Desktop\\jarvis 11\\util\\func\\emotion.py", "funcName": "__init__", "action": "init", "sqDict[emotion]": ["Calmness", "Sadness"], "countOfEmotion": 18}
{"asctime": "2025-03-02 01:27:19,260", "levelname": "INFO", "message": "return list of emotion in current system tray", "name": "c:\\Users\\nilab\\OneDrive\\Desktop\\jarvis 11\\util\\func\\emotion.py", "funcName": "getEmotions", "action": "getEmotions", "sqDict[emotion]": ["Calmness", "Sadness"]}
{"asctime": "2025-03-02 01:27:30,660", "levelname": "WARNING", "message": "emotion already exists in system tray: Sadness", "name": "c:\\Users\\nilab\\OneDrive\\Desktop\\jarvis 11\\util\\func\\emotion.py", "funcName": "addEmotion"}
{"asctime": "2025-03-02 01:32:44,528", "levelname": "INFO", "message": "initializing emotion system", "name": "c:\\Users\\nilab\\OneDrive\\Desktop\\jarvis 11\\util\\func\\emotion.py", "funcName": "__init__", "action": "init", "sqDict[emotion]": ["Calmness", "Sadness"], "countOfEmotion": 18}
{"asctime": "2025-03-02 01:32:44,533", "levelname": "INFO", "message": "return list of emotion in current system tray", "name": "c:\\Users\\nilab\\OneDrive\\Desktop\\jarvis 11\\util\\func\\emotion.py", "funcName": "getEmotions", "action": "getEmotions", "sqDict[emotion]": ["Calmness", "Sadness"]}
{"asctime": "2025-03-02 01:33:15,302", "levelname": "INFO", "message": "add emotion to current system tray", "name": "c:\\Users\\nilab\\OneDrive\\Desktop\\jarvis 11\\util\\func\\emotion.py", "funcName": "addEmotion", "action": "addEmotion", "emotion": ["Calmness", "Sadness", "Surprise"]}
{"asctime": "2025-03-02 01:33:31,844", "levelname": "WARNING", "message": "emotion already exists in system tray: Sadness", "name": "c:\\Users\\nilab\\OneDrive\\Desktop\\jarvis 11\\util\\func\\emotion.py", "funcName": "addEmotion"}
{"asctime": "2025-03-02 01:36:12,658", "levelname": "INFO", "message": "initializing emotion system", "name": "c:\\Users\\nilab\\OneDrive\\Desktop\\jarvis 11\\util\\func\\emotion.py", "funcName": "__init__", "action": "init", "sqDict[emotion]": ["Calmness", "Sadness", "Surprise"], "countOfEmotion": 18}
{"asctime": "2025-03-02 01:36:12,664", "levelname": "INFO", "message": "return list of emotion in current system tray", "name": "c:\\Users\\nilab\\OneDrive\\Desktop\\jarvis 11\\util\\func\\emotion.py", "funcName": "getEmotions", "action": "getEmotions", "sqDict[emotion]": ["Calmness", "Sadness", "Surprise"]}
{"asctime": "2025-03-02 01:36:23,833", "levelname": "WARNING", "message": "emotion already exists in system tray: Sadness", "name": "c:\\Users\\nilab\\OneDrive\\Desktop\\jarvis 11\\util\\func\\emotion.py", "funcName": "addEmotion"}
{"asctime": "2025-03-02 01:38:15,857", "levelname": "WARNING", "message": "emotion already exists in system tray: Sadness", "name": "c:\\Users\\nilab\\OneDrive\\Desktop\\jarvis 11\\util\\func\\emotion.py", "funcName": "addEmotion"}
{"asctime": "2025-03-02 01:40:44,939", "levelname": "INFO", "message": "initializing emotion system", "name": "c:\\Users\\nilab\\OneDrive\\Desktop\\jarvis 11\\util\\func\\emotion.py", "funcName": "__init__", "action": "init", "sqDict[emotion]": ["Calmness", "Sadness", "Surprise"], "countOfEmotion": 18}
{"asctime": "2025-03-02 01:40:44,945", "levelname": "INFO", "message": "return list of emotion in current system tray", "name": "c:\\Users\\nilab\\OneDrive\\Desktop\\jarvis 11\\util\\func\\emotion.py", "funcName": "getEmotions", "action": "getEmotions", "sqDict[emotion]": ["Calmness", "Sadness", "Surprise"]}
{"asctime": "2025-03-02 01:44:21,314", "levelname": "INFO", "message": "initializing emotion system", "name": "c:\\Users\\nilab\\OneDrive\\Desktop\\jarvis 11\\util\\func\\emotion.py", "funcName": "__init__", "action": "init", "sqDict[emotion]": ["Calmness", "Sadness", "Surprise"], "countOfEmotion": 18}
{"asctime": "2025-03-02 01:44:21,320", "levelname": "INFO", "message": "return list of emotion in current system tray", "name": "c:\\Users\\nilab\\OneDrive\\Desktop\\jarvis 11\\util\\func\\emotion.py", "funcName": "getEmotions", "action": "getEmotions", "sqDict[emotion]": ["Calmness", "Sadness", "Surprise"]}
{"asctime": "2025-03-02 01:46:16,047", "levelname": "INFO", "message": "add emotion to current system tray", "name": "c:\\Users\\nilab\\OneDrive\\Desktop\\jarvis 11\\util\\func\\emotion.py", "funcName": "addEmotion", "action": "addEmotion", "emotion": ["Calmness", "Sadness", "Surprise", "Excitement"]}
{"asctime": "2025-03-02 02:05:10,367", "levelname": "INFO", "message": "initializing emotion system", "name": "c:\\Users\\nilab\\OneDrive\\Desktop\\jarvis 11\\util\\func\\emotion.py", "funcName": "__init__", "action": "init", "sqDict[emotion]": ["Calmness", "Sadness", "Surprise", "Excitement"], "countOfEmotion": 18}
{"asctime": "2025-03-02 02:05:10,372", "levelname": "INFO", "message": "return list of emotion in current system tray", "name": "c:\\Users\\nilab\\OneDrive\\Desktop\\jarvis 11\\util\\func\\emotion.py", "funcName": "getEmotions", "action": "getEmotions", "sqDict[emotion]": ["Calmness", "Sadness", "Surprise", "Excitement"]}
{"asctime": "2025-03-02 02:14:09,343", "levelname": "INFO", "message": "initializing emotion system", "name": "c:\\Users\\nilab\\OneDrive\\Desktop\\jarvis 11\\util\\func\\emotion.py", "funcName": "__init__", "action": "init", "sqDict[emotion]": ["Calmness", "Sadness", "Surprise", "Excitement"], "countOfEmotion": 18}
{"asctime": "2025-03-02 02:14:09,348", "levelname": "INFO", "message": "return list of emotion in current system tray", "name": "c:\\Users\\nilab\\OneDrive\\Desktop\\jarvis 11\\util\\func\\emotion.py", "funcName": "getEmotions", "action": "getEmotions", "sqDict[emotion]": ["Calmness", "Sadness", "Surprise", "Excitement"]}
{"asctime": "2025-03-02 02:14:50,277", "levelname": "INFO", "message": "add emotion to current system tray", "name": "c:\\Users\\nilab\\OneDrive\\Desktop\\jarvis 11\\util\\func\\emotion.py", "funcName": "addEmotion", "action": "addEmotion", "emotion": ["Calmness", "Sadness", "Surprise", "Excitement", "Happiness"]}
{"asctime": "2025-03-02 02:15:21,465", "levelname": "INFO", "message": "initializing emotion system", "name": "c:\\Users\\nilab\\OneDrive\\Desktop\\jarvis 11\\util\\func\\emotion.py", "funcName": "__init__", "action": "init", "sqDict[emotion]": ["Calmness", "Sadness", "Surprise", "Excitement", "Happiness"], "countOfEmotion": 18}
{"asctime": "2025-03-02 02:15:21,471", "levelname": "INFO", "message": "return list of emotion in current system tray", "name": "c:\\Users\\nilab\\OneDrive\\Desktop\\jarvis 11\\util\\func\\emotion.py", "funcName": "getEmotions", "action": "getEmotions", "sqDict[emotion]": ["Calmness", "Sadness", "Surprise", "Excitement", "Happiness"]}
{"asctime": "2025-03-02 02:15:36,970", "levelname": "INFO", "message": "add emotion to current system tray", "name": "c:\\Users\\nilab\\OneDrive\\Desktop\\jarvis 11\\util\\func\\emotion.py", "funcName": "addEmotion", "action": "addEmotion", "emotion": ["Calmness", "Sadness", "Surprise", "Excitement", "Happiness", "Love"]}
{"asctime": "2025-03-02 02:19:16,593", "levelname": "INFO", "message": "initializing emotion system", "name": "c:\\Users\\nilab\\OneDrive\\Desktop\\jarvis 11\\util\\func\\emotion.py", "funcName": "__init__", "action": "init", "sqDict[emotion]": ["Calmness", "Sadness", "Surprise", "Excitement", "Happiness", "Love"], "countOfEmotion": 18}
{"asctime": "2025-03-02 02:19:16,599", "levelname": "INFO", "message": "return list of emotion in current system tray", "name": "c:\\Users\\nilab\\OneDrive\\Desktop\\jarvis 11\\util\\func\\emotion.py", "funcName": "getEmotions", "action": "getEmotions", "sqDict[emotion]": ["Calmness", "Sadness", "Surprise", "Excitement", "Happiness", "Love"]}
{"asctime": "2025-03-02 02:21:29,680", "levelname": "INFO", "message": "initializing emotion system", "name": "c:\\Users\\nilab\\OneDrive\\Desktop\\jarvis 11\\util\\func\\emotion.py", "funcName": "__init__", "action": "init", "sqDict[emotion]": ["Calmness", "Sadness", "Surprise", "Excitement", "Happiness", "Love"], "countOfEmotion": 18}
{"asctime": "2025-03-02 02:21:29,686", "levelname": "INFO", "message": "return list of emotion in current system tray", "name": "c:\\Users\\nilab\\OneDrive\\Desktop\\jarvis 11\\util\\func\\emotion.py", "funcName": "getEmotions", "action": "getEmotions", "sqDict[emotion]": ["Calmness", "Sadness", "Surprise", "Excitement", "Happiness", "Love"]}
{"asctime": "2025-03-02 02:22:57,487", "levelname": "INFO", "message": "initializing emotion system", "name": "c:\\Users\\nilab\\OneDrive\\Desktop\\jarvis 11\\util\\func\\emotion.py", "funcName": "__init__", "action": "init", "sqDict[emotion]": ["Calmness", "Sadness", "Surprise", "Excitement", "Happiness", "Love"], "countOfEmotion": 18}
{"asctime": "2025-03-02 02:22:57,492", "levelname": "INFO", "message": "return list of emotion in current system tray", "name": "c:\\Users\\nilab\\OneDrive\\Desktop\\jarvis 11\\util\\func\\emotion.py", "funcName": "getEmotions", "action": "getEmotions", "sqDict[emotion]": ["Calmness", "Sadness", "Surprise", "Excitement", "Happiness", "Love"]}
{"asctime": "2025-03-02 02:23:45,625", "levelname": "INFO", "message": "initializing emotion system", "name": "c:\\Users\\nilab\\OneDrive\\Desktop\\jarvis 11\\util\\func\\emotion.py", "funcName": "__init__", "action": "init", "sqDict[emotion]": ["Calmness", "Sadness", "Surprise", "Excitement", "Happiness", "Love"], "countOfEmotion": 18}
{"asctime": "2025-03-02 02:23:45,631", "levelname": "INFO", "message": "return list of emotion in current system tray", "name": "c:\\Users\\nilab\\OneDrive\\Desktop\\jarvis 11\\util\\func\\emotion.py", "funcName": "getEmotions", "action": "getEmotions", "sqDict[emotion]": ["Calmness", "Sadness", "Surprise", "Excitement", "Happiness", "Love"]}
{"asctime": "2025-03-02 02:25:23,839", "levelname": "INFO", "message": "initializing emotion system", "name": "c:\\Users\\nilab\\OneDrive\\Desktop\\jarvis 11\\util\\func\\emotion.py", "funcName": "__init__", "action": "init", "sqDict[emotion]": ["Calmness", "Sadness", "Surprise", "Excitement", "Happiness", "Love"], "countOfEmotion": 18}
{"asctime": "2025-03-02 02:25:23,845", "levelname": "INFO", "message": "return list of emotion in current system tray", "name": "c:\\Users\\nilab\\OneDrive\\Desktop\\jarvis 11\\util\\func\\emotion.py", "funcName": "getEmotions", "action": "getEmotions", "sqDict[emotion]": ["Calmness", "Sadness", "Surprise", "Excitement", "Happiness", "Love"]}
{"asctime": "2025-03-02 02:27:20,397", "levelname": "INFO", "message": "initializing emotion system", "name": "c:\\Users\\nilab\\OneDrive\\Desktop\\jarvis 11\\util\\func\\emotion.py", "funcName": "__init__", "action": "init", "sqDict[emotion]": ["Calmness", "Sadness", "Surprise", "Excitement", "Happiness", "Love"], "countOfEmotion": 18}
{"asctime": "2025-03-02 02:27:20,403", "levelname": "INFO", "message": "return list of emotion in current system tray", "name": "c:\\Users\\nilab\\OneDrive\\Desktop\\jarvis 11\\util\\func\\emotion.py", "funcName": "getEmotions", "action": "getEmotions", "sqDict[emotion]": ["Calmness", "Sadness", "Surprise", "Excitement", "Happiness", "Love"]}
{"asctime": "2025-03-02 02:31:35,045", "levelname": "WARNING", "message": "emotion already exists in system tray: Excitement", "name": "c:\\Users\\nilab\\OneDrive\\Desktop\\jarvis 11\\util\\func\\emotion.py", "funcName": "addEmotion"}
{"asctime": "2025-03-02 02:54:32,407", "levelname": "INFO", "message": "initializing emotion system", "name": "c:\\Users\\nilab\\OneDrive\\Desktop\\jarvis 11\\util\\func\\emotion.py", "funcName": "__init__", "action": "init", "sqDict[emotion]": ["Calmness", "Sadness", "Surprise", "Excitement", "Happiness", "Love"], "countOfEmotion": 18}
{"asctime": "2025-03-02 02:54:32,414", "levelname": "INFO", "message": "return list of emotion in current system tray", "name": "c:\\Users\\nilab\\OneDrive\\Desktop\\jarvis 11\\util\\func\\emotion.py", "funcName": "getEmotions", "action": "getEmotions", "sqDict[emotion]": ["Calmness", "Sadness", "Surprise", "Excitement", "Happiness", "Love"]}
{"asctime": "2025-03-02 02:57:13,522", "levelname": "INFO", "message": "initializing emotion system", "name": "c:\\Users\\nilab\\OneDrive\\Desktop\\jarvis 11\\util\\func\\emotion.py", "funcName": "__init__", "action": "init", "sqDict[emotion]": ["Calmness", "Sadness", "Surprise", "Excitement", "Happiness", "Love"], "countOfEmotion": 18}
{"asctime": "2025-03-02 02:57:13,528", "levelname": "INFO", "message": "return list of emotion in current system tray", "name": "c:\\Users\\nilab\\OneDrive\\Desktop\\jarvis 11\\util\\func\\emotion.py", "funcName": "getEmotions", "action": "getEmotions", "sqDict[emotion]": ["Calmness", "Sadness", "Surprise", "Excitement", "Happiness", "Love"]}
{"asctime": "2025-03-02 02:58:39,676", "levelname": "INFO", "message": "remove emotion from current system tray", "name": "c:\\Users\\nilab\\OneDrive\\Desktop\\jarvis 11\\util\\func\\emotion.py", "funcName": "removeEmotion", "action": "removeEmotion", "emotion": ["Calmness", "Sadness", "Surprise", "Happiness", "Love"]}
{"asctime": "2025-03-02 02:59:03,785", "levelname": "INFO", "message": "remove emotion from current system tray", "name": "c:\\Users\\nilab\\OneDrive\\Desktop\\jarvis 11\\util\\func\\emotion.py", "funcName": "removeEmotion", "action": "removeEmotion", "emotion": ["Calmness", "Sadness", "Happiness", "Love"]}
{"asctime": "2025-03-02 02:59:03,789", "levelname": "INFO", "message": "remove emotion from current system tray", "name": "c:\\Users\\nilab\\OneDrive\\Desktop\\jarvis 11\\util\\func\\emotion.py", "funcName": "removeEmotion", "action": "removeEmotion", "emotion": ["Calmness", "Sadness", "Love"]}
{"asctime": "2025-03-02 02:59:03,792", "levelname": "INFO", "message": "remove emotion from current system tray", "name": "c:\\Users\\nilab\\OneDrive\\Desktop\\jarvis 11\\util\\func\\emotion.py", "funcName": "removeEmotion", "action": "removeEmotion", "emotion": ["Calmness", "Sadness", "Happiness"]}
{"asctime": "2025-03-02 02:59:12,716", "levelname": "INFO", "message": "add emotion to current system tray", "name": "c:\\Users\\nilab\\OneDrive\\Desktop\\jarvis 11\\util\\func\\emotion.py", "funcName": "addEmotion", "action": "addEmotion", "emotion": ["Calmness", "Sadness", "Happiness", "Disgust"]}
{"asctime": "2025-03-02 02:59:53,492", "levelname": "INFO", "message": "add emotion to current system tray", "name": "c:\\Users\\nilab\\OneDrive\\Desktop\\jarvis 11\\util\\func\\emotion.py", "funcName": "addEmotion", "action": "addEmotion", "emotion": ["Calmness", "Sadness", "Happiness", "Disgust", "Excitement"]}
{"asctime": "2025-03-02 03:01:18,639", "levelname": "INFO", "message": "initializing emotion system", "name": "c:\\Users\\nilab\\OneDrive\\Desktop\\jarvis 11\\util\\func\\emotion.py", "funcName": "__init__", "action": "init", "sqDict[emotion]": ["Calmness", "Sadness", "Happiness", "Disgust", "Excitement"], "countOfEmotion": 18}
{"asctime": "2025-03-02 03:01:18,645", "levelname": "INFO", "message": "return list of emotion in current system tray", "name": "c:\\Users\\nilab\\OneDrive\\Desktop\\jarvis 11\\util\\func\\emotion.py", "funcName": "getEmotions", "action": "getEmotions", "sqDict[emotion]": ["Calmness", "Sadness", "Happiness", "Disgust", "Excitement"]}
{"asctime": "2025-03-02 03:02:14,407", "levelname": "WARNING", "message": "emotion already exists in system tray: Excitement", "name": "c:\\Users\\nilab\\OneDrive\\Desktop\\jarvis 11\\util\\func\\emotion.py", "funcName": "addEmotion"}
{"asctime": "2025-03-02 03:02:42,767", "levelname": "INFO", "message": "initializing emotion system", "name": "c:\\Users\\nilab\\OneDrive\\Desktop\\jarvis 11\\util\\func\\emotion.py", "funcName": "__init__", "action": "init", "sqDict[emotion]": ["Calmness", "Sadness", "Happiness", "Disgust", "Excitement"], "countOfEmotion": 18}
{"asctime": "2025-03-02 03:02:42,773", "levelname": "INFO", "message": "return list of emotion in current system tray", "name": "c:\\Users\\nilab\\OneDrive\\Desktop\\jarvis 11\\util\\func\\emotion.py", "funcName": "getEmotions", "action": "getEmotions", "sqDict[emotion]": ["Calmness", "Sadness", "Happiness", "Disgust", "Excitement"]}
{"asctime": "2025-03-02 03:04:09,527", "levelname": "INFO", "message": "remove emotion from current system tray", "name": "c:\\Users\\nilab\\OneDrive\\Desktop\\jarvis 11\\util\\func\\emotion.py", "funcName": "removeEmotion", "action": "removeEmotion", "emotion": ["Calmness", "Sadness", "Happiness", "Excitement"]}
{"asctime": "2025-03-02 03:05:20,835", "levelname": "INFO", "message": "remove emotion from current system tray", "name": "c:\\Users\\nilab\\OneDrive\\Desktop\\jarvis 11\\util\\func\\emotion.py", "funcName": "removeEmotion", "action": "removeEmotion", "emotion": ["Calmness", "Sadness", "Happiness"]}
{"asctime": "2025-03-02 03:05:20,836", "levelname": "ERROR", "message": "add emotion to current system tray", "name": "c:\\Users\\nilab\\OneDrive\\Desktop\\jarvis 11\\util\\func\\emotion.py", "funcName": "addEmotion", "action": "addEmotion", "error": "emotion not Exist in config", "new_emotion": "Frustration", "listOfEmotion": ["Happiness", "Sadness", "Anger", "Fear", "Disgust", "Surprise", "Love", "Jealousy", "Guilt", "Pride", "Embarrassment", "Compassion", "Gratitude", "Trust", "Loneliness", "Excitement", "Fatigue", "Calmness"]}
{"asctime": "2025-03-02 03:08:03,214", "levelname": "INFO", "message": "add emotion to current system tray", "name": "c:\\Users\\nilab\\OneDrive\\Desktop\\jarvis 11\\util\\func\\emotion.py", "funcName": "addEmotion", "action": "addEmotion", "emotion": ["Calmness", "Sadness", "Happiness", "Excitement"]}
{"asctime": "2025-03-02 03:08:45,644", "levelname": "INFO", "message": "add emotion to current system tray", "name": "c:\\Users\\nilab\\OneDrive\\Desktop\\jarvis 11\\util\\func\\emotion.py", "funcName": "addEmotion", "action": "addEmotion", "emotion": ["Calmness", "Sadness", "Happiness", "Excitement", "Fatigue"]}
{"asctime": "2025-03-02 03:09:12,941", "levelname": "INFO", "message": "remove emotion from current system tray", "name": "c:\\Users\\nilab\\OneDrive\\Desktop\\jarvis 11\\util\\func\\emotion.py", "funcName": "removeEmotion", "action": "removeEmotion", "emotion": ["Calmness", "Sadness", "Excitement", "Fatigue"]}
{"asctime": "2025-03-02 03:09:12,945", "levelname": "INFO", "message": "remove emotion from current system tray", "name": "c:\\Users\\nilab\\OneDrive\\Desktop\\jarvis 11\\util\\func\\emotion.py", "funcName": "removeEmotion", "action": "removeEmotion", "emotion": ["Calmness", "Sadness", "Fatigue"]}
{"asctime": "2025-03-02 03:09:50,546", "levelname": "INFO", "message": "initializing emotion system", "name": "c:\\Users\\nilab\\OneDrive\\Desktop\\jarvis 11\\util\\func\\emotion.py", "funcName": "__init__", "action": "init", "sqDict[emotion]": ["Calmness", "Sadness", "Fatigue"], "countOfEmotion": 18}
{"asctime": "2025-03-02 03:09:50,552", "levelname": "INFO", "message": "return list of emotion in current system tray", "name": "c:\\Users\\nilab\\OneDrive\\Desktop\\jarvis 11\\util\\func\\emotion.py", "funcName": "getEmotions", "action": "getEmotions", "sqDict[emotion]": ["Calmness", "Sadness", "Fatigue"]}
{"asctime": "2025-03-02 03:10:42,022", "levelname": "INFO", "message": "add emotion to current system tray", "name": "c:\\Users\\nilab\\OneDrive\\Desktop\\jarvis 11\\util\\func\\emotion.py", "funcName": "addEmotion", "action": "addEmotion", "emotion": ["Calmness", "Sadness", "Fatigue", "Excitement"]}
{"asctime": "2025-03-02 03:11:11,890", "levelname": "INFO", "message": "remove emotion from current system tray", "name": "c:\\Users\\nilab\\OneDrive\\Desktop\\jarvis 11\\util\\func\\emotion.py", "funcName": "removeEmotion", "action": "removeEmotion", "emotion": ["Calmness", "Sadness", "Fatigue"]}
{"asctime": "2025-03-02 03:11:33,762", "levelname": "INFO", "message": "add emotion to current system tray", "name": "c:\\Users\\nilab\\OneDrive\\Desktop\\jarvis 11\\util\\func\\emotion.py", "funcName": "addEmotion", "action": "addEmotion", "emotion": ["Calmness", "Sadness", "Fatigue", "Excitement"]}
{"asctime": "2025-03-02 03:13:38,694", "levelname": "INFO", "message": "initializing emotion system", "name": "c:\\Users\\nilab\\OneDrive\\Desktop\\jarvis 11\\util\\func\\emotion.py", "funcName": "__init__", "action": "init", "sqDict[emotion]": ["Calmness", "Sadness", "Fatigue", "Excitement"], "countOfEmotion": 18}
{"asctime": "2025-03-02 03:13:38,700", "levelname": "INFO", "message": "return list of emotion in current system tray", "name": "c:\\Users\\nilab\\OneDrive\\Desktop\\jarvis 11\\util\\func\\emotion.py", "funcName": "getEmotions", "action": "getEmotions", "sqDict[emotion]": ["Calmness", "Sadness", "Fatigue", "Excitement"]}
{"asctime": "2025-03-02 03:14:35,318", "levelname": "INFO", "message": "initializing emotion system", "name": "c:\\Users\\nilab\\OneDrive\\Desktop\\jarvis 11\\util\\func\\emotion.py", "funcName": "__init__", "action": "init", "sqDict[emotion]": ["Calmness", "Sadness", "Fatigue", "Excitement"], "countOfEmotion": 18}
{"asctime": "2025-03-02 03:14:35,324", "levelname": "INFO", "message": "return list of emotion in current system tray", "name": "c:\\Users\\nilab\\OneDrive\\Desktop\\jarvis 11\\util\\func\\emotion.py", "funcName": "getEmotions", "action": "getEmotions", "sqDict[emotion]": ["Calmness", "Sadness", "Fatigue", "Excitement"]}
{"asctime": "2025-03-02 03:15:40,429", "levelname": "INFO", "message": "initializing emotion system", "name": "c:\\Users\\nilab\\OneDrive\\Desktop\\jarvis 11\\util\\func\\emotion.py", "funcName": "__init__", "action": "init", "sqDict[emotion]": ["Calmness", "Sadness", "Fatigue", "Excitement"], "countOfEmotion": 18}
{"asctime": "2025-03-02 03:15:40,435", "levelname": "INFO", "message": "return list of emotion in current system tray", "name": "c:\\Users\\nilab\\OneDrive\\Desktop\\jarvis 11\\util\\func\\emotion.py", "funcName": "getEmotions", "action": "getEmotions", "sqDict[emotion]": ["Calmness", "Sadness", "Fatigue", "Excitement"]}
{"asctime": "2025-03-02 03:19:56,791", "levelname": "INFO", "message": "initializing emotion system", "name": "c:\\Users\\nilab\\OneDrive\\Desktop\\jarvis 11\\util\\func\\emotion.py", "funcName": "__init__", "action": "init", "sqDict[emotion]": ["Calmness", "Sadness", "Fatigue", "Excitement"], "countOfEmotion": 18}
{"asctime": "2025-03-02 03:19:56,797", "levelname": "INFO", "message": "return list of emotion in current system tray", "name": "c:\\Users\\nilab\\OneDrive\\Desktop\\jarvis 11\\util\\func\\emotion.py", "funcName": "getEmotions", "action": "getEmotions", "sqDict[emotion]": ["Calmness", "Sadness", "Fatigue", "Excitement"]}
{"asctime": "2025-03-02 03:21:43,437", "levelname": "INFO", "message": "initializing emotion system", "name": "c:\\Users\\nilab\\OneDrive\\Desktop\\jarvis 11\\util\\func\\emotion.py", "funcName": "__init__", "action": "init", "sqDict[emotion]": ["Calmness", "Sadness", "Fatigue", "Excitement"], "countOfEmotion": 18}
{"asctime": "2025-03-02 03:21:43,443", "levelname": "INFO", "message": "return list of emotion in current system tray", "name": "c:\\Users\\nilab\\OneDrive\\Desktop\\jarvis 11\\util\\func\\emotion.py", "funcName": "getEmotions", "action": "getEmotions", "sqDict[emotion]": ["Calmness", "Sadness", "Fatigue", "Excitement"]}
{"asctime": "2025-03-02 03:24:49,376", "levelname": "INFO", "message": "initializing emotion system", "name": "c:\\Users\\nilab\\OneDrive\\Desktop\\jarvis 11\\util\\func\\emotion.py", "funcName": "__init__", "action": "init", "sqDict[emotion]": ["Calmness", "Sadness", "Fatigue", "Excitement"], "countOfEmotion": 18}
{"asctime": "2025-03-02 03:24:49,382", "levelname": "INFO", "message": "return list of emotion in current system tray", "name": "c:\\Users\\nilab\\OneDrive\\Desktop\\jarvis 11\\util\\func\\emotion.py", "funcName": "getEmotions", "action": "getEmotions", "sqDict[emotion]": ["Calmness", "Sadness", "Fatigue", "Excitement"]}
{"asctime": "2025-03-02 03:25:44,547", "levelname": "WARNING", "message": "emotion already exists in system tray: Excitement", "name": "c:\\Users\\nilab\\OneDrive\\Desktop\\jarvis 11\\util\\func\\emotion.py", "funcName": "addEmotion"}
{"asctime": "2025-03-02 03:26:21,257", "levelname": "INFO", "message": "remove emotion from current system tray", "name": "c:\\Users\\nilab\\OneDrive\\Desktop\\jarvis 11\\util\\func\\emotion.py", "funcName": "removeEmotion", "action": "removeEmotion", "emotion": ["Calmness", "Sadness", "Fatigue"]}
{"asctime": "2025-03-02 03:27:01,179", "levelname": "INFO", "message": "add emotion to current system tray", "name": "c:\\Users\\nilab\\OneDrive\\Desktop\\jarvis 11\\util\\func\\emotion.py", "funcName": "addEmotion", "action": "addEmotion", "emotion": ["Calmness", "Sadness", "Fatigue", "Excitement"]}
{"asctime": "2025-03-02 03:28:30,504", "levelname": "INFO", "message": "initializing emotion system", "name": "c:\\Users\\nilab\\OneDrive\\Desktop\\jarvis 11\\util\\func\\emotion.py", "funcName": "__init__", "action": "init", "sqDict[emotion]": ["Calmness", "Sadness", "Fatigue", "Excitement"], "countOfEmotion": 18}
{"asctime": "2025-03-02 03:28:30,510", "levelname": "INFO", "message": "return list of emotion in current system tray", "name": "c:\\Users\\nilab\\OneDrive\\Desktop\\jarvis 11\\util\\func\\emotion.py", "funcName": "getEmotions", "action": "getEmotions", "sqDict[emotion]": ["Calmness", "Sadness", "Fatigue", "Excitement"]}
{"asctime": "2025-03-02 03:29:01,801", "levelname": "WARNING", "message": "emotion already exists in system tray: Excitement", "name": "c:\\Users\\nilab\\OneDrive\\Desktop\\jarvis 11\\util\\func\\emotion.py", "funcName": "addEmotion"}
{"asctime": "2025-03-02 03:39:16,342", "levelname": "INFO", "message": "initializing emotion system", "name": "c:\\Users\\nilab\\OneDrive\\Desktop\\jarvis 11\\util\\func\\emotion.py", "funcName": "__init__", "action": "init", "sqDict[emotion]": ["Calmness", "Sadness", "Fatigue", "Excitement"], "countOfEmotion": 18}
{"asctime": "2025-03-02 03:39:16,348", "levelname": "INFO", "message": "return list of emotion in current system tray", "name": "c:\\Users\\nilab\\OneDrive\\Desktop\\jarvis 11\\util\\func\\emotion.py", "funcName": "getEmotions", "action": "getEmotions", "sqDict[emotion]": ["Calmness", "Sadness", "Fatigue", "Excitement"]}
{"asctime": "2025-03-02 03:39:58,330", "levelname": "INFO", "message": "add emotion to current system tray", "name": "c:\\Users\\nilab\\OneDrive\\Desktop\\jarvis 11\\util\\func\\emotion.py", "funcName": "addEmotion", "action": "addEmotion", "emotion": ["Calmness", "Sadness", "Fatigue", "Excitement", "Trust"]}
{"asctime": "2025-03-02 03:41:14,730", "levelname": "INFO", "message": "remove emotion from current system tray", "name": "c:\\Users\\nilab\\OneDrive\\Desktop\\jarvis 11\\util\\func\\emotion.py", "funcName": "removeEmotion", "action": "removeEmotion", "emotion": ["Calmness", "Sadness", "Fatigue", "Trust"]}
{"asctime": "2025-03-02 03:41:14,733", "levelname": "INFO", "message": "remove emotion from current system tray", "name": "c:\\Users\\nilab\\OneDrive\\Desktop\\jarvis 11\\util\\func\\emotion.py", "funcName": "removeEmotion", "action": "removeEmotion", "emotion": ["Calmness", "Sadness", "Trust"]}
{"asctime": "2025-03-02 03:43:15,553", "levelname": "INFO", "message": "initializing emotion system", "name": "c:\\Users\\nilab\\OneDrive\\Desktop\\jarvis 11\\util\\func\\emotion.py", "funcName": "__init__", "action": "init", "sqDict[emotion]": ["Calmness", "Sadness", "Trust"], "countOfEmotion": 18}
{"asctime": "2025-03-02 03:43:15,558", "levelname": "INFO", "message": "return list of emotion in current system tray", "name": "c:\\Users\\nilab\\OneDrive\\Desktop\\jarvis 11\\util\\func\\emotion.py", "funcName": "getEmotions", "action": "getEmotions", "sqDict[emotion]": ["Calmness", "Sadness", "Trust"]}
{"asctime": "2025-03-02 03:45:06,590", "levelname": "INFO", "message": "initializing emotion system", "name": "c:\\Users\\nilab\\OneDrive\\Desktop\\jarvis 11\\util\\func\\emotion.py", "funcName": "__init__", "action": "init", "sqDict[emotion]": ["Calmness", "Sadness", "Trust"], "countOfEmotion": 18}
{"asctime": "2025-03-02 03:45:06,596", "levelname": "INFO", "message": "return list of emotion in current system tray", "name": "c:\\Users\\nilab\\OneDrive\\Desktop\\jarvis 11\\util\\func\\emotion.py", "funcName": "getEmotions", "action": "getEmotions", "sqDict[emotion]": ["Calmness", "Sadness", "Trust"]}
{"asctime": "2025-03-02 03:45:49,688", "levelname": "ERROR", "message": "add emotion to current system tray", "name": "c:\\Users\\nilab\\OneDrive\\Desktop\\jarvis 11\\util\\func\\emotion.py", "funcName": "addEmotion", "action": "addEmotion", "error": "emotion not Exist in config", "new_emotion": "Curiosity", "listOfEmotion": ["Happiness", "Sadness", "Anger", "Fear", "Disgust", "Surprise", "Love", "Jealousy", "Guilt", "Pride", "Embarrassment", "Compassion", "Gratitude", "Trust", "Loneliness", "Excitement", "Fatigue", "Calmness"]}
{"asctime": "2025-03-02 03:48:01,808", "levelname": "INFO", "message": "initializing emotion system", "name": "c:\\Users\\nilab\\OneDrive\\Desktop\\jarvis 11\\util\\func\\emotion.py", "funcName": "__init__", "action": "init", "sqDict[emotion]": ["Calmness", "Sadness", "Trust"], "countOfEmotion": 18}
{"asctime": "2025-03-02 03:48:01,814", "levelname": "INFO", "message": "return list of emotion in current system tray", "name": "c:\\Users\\nilab\\OneDrive\\Desktop\\jarvis 11\\util\\func\\emotion.py", "funcName": "getEmotions", "action": "getEmotions", "sqDict[emotion]": ["Calmness", "Sadness", "Trust"]}
{"asctime": "2025-03-02 11:33:40,519", "levelname": "INFO", "message": "initializing emotion system", "name": "c:\\Users\\nilab\\OneDrive\\Desktop\\jarvis 11\\util\\func\\emotion.py", "funcName": "__init__", "action": "init", "sqDict[emotion]": ["Calmness", "Sadness", "Trust"], "countOfEmotion": 18}
{"asctime": "2025-03-02 11:33:40,525", "levelname": "INFO", "message": "return list of emotion in current system tray", "name": "c:\\Users\\nilab\\OneDrive\\Desktop\\jarvis 11\\util\\func\\emotion.py", "funcName": "getEmotions", "action": "getEmotions", "sqDict[emotion]": ["Calmness", "Sadness", "Trust"]}
{"asctime": "2025-03-02 11:33:55,673", "levelname": "WARNING", "message": "emotion already exists in system tray: Sadness", "name": "c:\\Users\\nilab\\OneDrive\\Desktop\\jarvis 11\\util\\func\\emotion.py", "funcName": "addEmotion"}
{"asctime": "2025-03-02 11:37:11,652", "levelname": "INFO", "message": "add emotion to current system tray", "name": "c:\\Users\\nilab\\OneDrive\\Desktop\\jarvis 11\\util\\func\\emotion.py", "funcName": "addEmotion", "action": "addEmotion", "emotion": ["Calmness", "Sadness", "Trust", "Fatigue"]}
{"asctime": "2025-03-02 11:38:32,089", "levelname": "INFO", "message": "initializing emotion system", "name": "c:\\Users\\nilab\\OneDrive\\Desktop\\jarvis 11\\util\\func\\emotion.py", "funcName": "__init__", "action": "init", "sqDict[emotion]": ["Calmness", "Sadness", "Trust", "Fatigue"], "countOfEmotion": 18}
{"asctime": "2025-03-02 11:38:32,095", "levelname": "INFO", "message": "return list of emotion in current system tray", "name": "c:\\Users\\nilab\\OneDrive\\Desktop\\jarvis 11\\util\\func\\emotion.py", "funcName": "getEmotions", "action": "getEmotions", "sqDict[emotion]": ["Calmness", "Sadness", "Trust", "Fatigue"]}
{"asctime": "2025-03-02 11:38:51,325", "levelname": "INFO", "message": "add emotion to current system tray", "name": "c:\\Users\\nilab\\OneDrive\\Desktop\\jarvis 11\\util\\func\\emotion.py", "funcName": "addEmotion", "action": "addEmotion", "emotion": ["Calmness", "Sadness", "Trust", "Fatigue", "Happiness"]}
{"asctime": "2025-03-02 11:39:07,803", "levelname": "INFO", "message": "initializing emotion system", "name": "c:\\Users\\nilab\\OneDrive\\Desktop\\jarvis 11\\util\\func\\emotion.py", "funcName": "__init__", "action": "init", "sqDict[emotion]": ["Calmness", "Sadness", "Trust", "Fatigue", "Happiness"], "countOfEmotion": 18}
{"asctime": "2025-03-02 11:39:07,809", "levelname": "INFO", "message": "return list of emotion in current system tray", "name": "c:\\Users\\nilab\\OneDrive\\Desktop\\jarvis 11\\util\\func\\emotion.py", "funcName": "getEmotions", "action": "getEmotions", "sqDict[emotion]": ["Calmness", "Sadness", "Trust", "Fatigue", "Happiness"]}
{"asctime": "2025-03-02 11:39:18,479", "levelname": "INFO", "message": "add emotion to current system tray", "name": "c:\\Users\\nilab\\OneDrive\\Desktop\\jarvis 11\\util\\func\\emotion.py", "funcName": "addEmotion", "action": "addEmotion", "emotion": ["Calmness", "Sadness", "Trust", "Fatigue", "Happiness", "Excitement"]}
{"asctime": "2025-03-02 11:39:46,875", "levelname": "WARNING", "message": "emotion already exists in system tray: Excitement", "name": "c:\\Users\\nilab\\OneDrive\\Desktop\\jarvis 11\\util\\func\\emotion.py", "funcName": "addEmotion"}
{"asctime": "2025-03-02 11:43:41,102", "levelname": "INFO", "message": "remove emotion from current system tray", "name": "c:\\Users\\nilab\\OneDrive\\Desktop\\jarvis 11\\util\\func\\emotion.py", "funcName": "removeEmotion", "action": "removeEmotion", "emotion": ["Calmness", "Sadness", "Trust", "Fatigue", "Happiness"]}
{"asctime": "2025-03-02 15:14:27,385", "levelname": "INFO", "message": "initializing emotion system", "name": "c:\\Users\\nilab\\OneDrive\\Desktop\\jarvis 11\\util\\func\\emotion.py", "funcName": "__init__", "action": "init", "sqDict[emotion]": ["Calmness", "Sadness", "Trust", "Fatigue", "Happiness"], "countOfEmotion": 18}
{"asctime": "2025-03-02 15:14:27,393", "levelname": "INFO", "message": "return list of emotion in current system tray", "name": "c:\\Users\\nilab\\OneDrive\\Desktop\\jarvis 11\\util\\func\\emotion.py", "funcName": "getEmotions", "action": "getEmotions", "sqDict[emotion]": ["Calmness", "Sadness", "Trust", "Fatigue", "Happiness"]}
{"asctime": "2025-03-02 15:15:04,013", "levelname": "WARNING", "message": "emotion already exists in system tray: Sadness", "name": "c:\\Users\\nilab\\OneDrive\\Desktop\\jarvis 11\\util\\func\\emotion.py", "funcName": "addEmotion"}
{"asctime": "2025-03-02 15:16:43,127", "levelname": "INFO", "message": "add emotion to current system tray", "name": "c:\\Users\\nilab\\OneDrive\\Desktop\\jarvis 11\\util\\func\\emotion.py", "funcName": "addEmotion", "action": "addEmotion", "emotion": ["Calmness", "Sadness", "Trust", "Fatigue", "Happiness", "Loneliness"]}
{"asctime": "2025-03-02 15:17:18,844", "levelname": "INFO", "message": "initializing emotion system", "name": "c:\\Users\\nilab\\OneDrive\\Desktop\\jarvis 11\\util\\func\\emotion.py", "funcName": "__init__", "action": "init", "sqDict[emotion]": ["Calmness", "Sadness", "Trust", "Fatigue", "Happiness", "Loneliness"], "countOfEmotion": 18}
{"asctime": "2025-03-02 15:17:18,852", "levelname": "INFO", "message": "return list of emotion in current system tray", "name": "c:\\Users\\nilab\\OneDrive\\Desktop\\jarvis 11\\util\\func\\emotion.py", "funcName": "getEmotions", "action": "getEmotions", "sqDict[emotion]": ["Calmness", "Sadness", "Trust", "Fatigue", "Happiness", "Loneliness"]}
{"asctime": "2025-03-02 15:17:30,796", "levelname": "WARNING", "message": "emotion already exists in system tray: Sadness", "name": "c:\\Users\\nilab\\OneDrive\\Desktop\\jarvis 11\\util\\func\\emotion.py", "funcName": "addEmotion"}
{"asctime": "2025-03-02 15:17:41,460", "levelname": "INFO", "message": "remove emotion from current system tray", "name": "c:\\Users\\nilab\\OneDrive\\Desktop\\jarvis 11\\util\\func\\emotion.py", "funcName": "removeEmotion", "action": "removeEmotion", "emotion": ["Calmness", "Sadness", "Trust", "Fatigue", "Loneliness"]}
{"asctime": "2025-03-02 15:18:07,184", "levelname": "INFO", "message": "add emotion to current system tray", "name": "c:\\Users\\nilab\\OneDrive\\Desktop\\jarvis 11\\util\\func\\emotion.py", "funcName": "addEmotion", "action": "addEmotion", "emotion": ["Calmness", "Sadness", "Trust", "Fatigue", "Loneliness", "Surprise"]}
{"asctime": "2025-03-02 15:26:50,109", "levelname": "INFO", "message": "initializing emotion system", "name": "c:\\Users\\nilab\\OneDrive\\Desktop\\jarvis 11\\util\\func\\emotion.py", "funcName": "__init__", "action": "init", "sqDict[emotion]": ["Calmness", "Sadness", "Trust", "Fatigue", "Loneliness", "Surprise"], "countOfEmotion": 18}
{"asctime": "2025-03-02 15:26:50,115", "levelname": "INFO", "message": "return list of emotion in current system tray", "name": "c:\\Users\\nilab\\OneDrive\\Desktop\\jarvis 11\\util\\func\\emotion.py", "funcName": "getEmotions", "action": "getEmotions", "sqDict[emotion]": ["Calmness", "Sadness", "Trust", "Fatigue", "Loneliness", "Surprise"]}
{"asctime": "2025-03-02 15:27:24,368", "levelname": "WARNING", "message": "emotion already exists in system tray: Sadness", "name": "c:\\Users\\nilab\\OneDrive\\Desktop\\jarvis 11\\util\\func\\emotion.py", "funcName": "addEmotion"}
{"asctime": "2025-03-02 15:34:13,504", "levelname": "INFO", "message": "remove emotion from current system tray", "name": "c:\\Users\\nilab\\OneDrive\\Desktop\\jarvis 11\\util\\func\\emotion.py", "funcName": "removeEmotion", "action": "removeEmotion", "emotion": ["Calmness", "Sadness", "Trust", "Fatigue", "Loneliness"]}
{"asctime": "2025-03-02 15:34:36,388", "levelname": "INFO", "message": "remove emotion from current system tray", "name": "c:\\Users\\nilab\\OneDrive\\Desktop\\jarvis 11\\util\\func\\emotion.py", "funcName": "removeEmotion", "action": "removeEmotion", "emotion": ["Calmness", "Sadness", "Trust", "Fatigue"]}
{"asctime": "2025-03-02 15:34:36,392", "levelname": "INFO", "message": "add emotion to current system tray", "name": "c:\\Users\\nilab\\OneDrive\\Desktop\\jarvis 11\\util\\func\\emotion.py", "funcName": "addEmotion", "action": "addEmotion", "emotion": ["Calmness", "Sadness", "Trust", "Fatigue", "Surprise"]}
{"asctime": "2025-03-02 15:34:36,395", "levelname": "INFO", "message": "remove emotion from current system tray", "name": "c:\\Users\\nilab\\OneDrive\\Desktop\\jarvis 11\\util\\func\\emotion.py", "funcName": "removeEmotion", "action": "removeEmotion", "emotion": ["Calmness", "Sadness", "Trust"]}
{"asctime": "2025-03-02 15:35:43,184", "levelname": "INFO", "message": "initializing emotion system", "name": "c:\\Users\\nilab\\OneDrive\\Desktop\\jarvis 11\\util\\func\\emotion.py", "funcName": "__init__", "action": "init", "sqDict[emotion]": ["Calmness", "Sadness", "Trust"], "countOfEmotion": 18}
{"asctime": "2025-03-02 15:35:43,190", "levelname": "INFO", "message": "return list of emotion in current system tray", "name": "c:\\Users\\nilab\\OneDrive\\Desktop\\jarvis 11\\util\\func\\emotion.py", "funcName": "getEmotions", "action": "getEmotions", "sqDict[emotion]": ["Calmness", "Sadness", "Trust"]}
{"asctime": "2025-03-02 15:36:02,681", "levelname": "INFO", "message": "add emotion to current system tray", "name": "c:\\Users\\nilab\\OneDrive\\Desktop\\jarvis 11\\util\\func\\emotion.py", "funcName": "addEmotion", "action": "addEmotion", "emotion": ["Calmness", "Sadness", "Trust", "Excitement"]}
{"asctime": "2025-03-02 15:37:42,868", "levelname": "INFO", "message": "initializing emotion system", "name": "c:\\Users\\nilab\\OneDrive\\Desktop\\jarvis 11\\util\\func\\emotion.py", "funcName": "__init__", "action": "init", "sqDict[emotion]": ["Calmness", "Sadness", "Trust", "Excitement"], "countOfEmotion": 18}
{"asctime": "2025-03-02 15:37:42,874", "levelname": "INFO", "message": "return list of emotion in current system tray", "name": "c:\\Users\\nilab\\OneDrive\\Desktop\\jarvis 11\\util\\func\\emotion.py", "funcName": "getEmotions", "action": "getEmotions", "sqDict[emotion]": ["Calmness", "Sadness", "Trust", "Excitement"]}
{"asctime": "2025-03-02 15:38:00,294", "levelname": "INFO", "message": "add emotion to current system tray", "name": "c:\\Users\\nilab\\OneDrive\\Desktop\\jarvis 11\\util\\func\\emotion.py", "funcName": "addEmotion", "action": "addEmotion", "emotion": ["Calmness", "Sadness", "Trust", "Excitement", "Happiness"]}
{"asctime": "2025-03-02 15:38:38,234", "levelname": "INFO", "message": "initializing emotion system", "name": "c:\\Users\\nilab\\OneDrive\\Desktop\\jarvis 11\\util\\func\\emotion.py", "funcName": "__init__", "action": "init", "sqDict[emotion]": ["Calmness", "Sadness", "Trust", "Excitement", "Happiness"], "countOfEmotion": 18}
{"asctime": "2025-03-02 15:38:38,240", "levelname": "INFO", "message": "return list of emotion in current system tray", "name": "c:\\Users\\nilab\\OneDrive\\Desktop\\jarvis 11\\util\\func\\emotion.py", "funcName": "getEmotions", "action": "getEmotions", "sqDict[emotion]": ["Calmness", "Sadness", "Trust", "Excitement", "Happiness"]}
{"asctime": "2025-03-02 22:17:26,360", "levelname": "INFO", "message": "initializing emotion system", "name": "c:\\Users\\nilab\\OneDrive\\Desktop\\jarvis 11\\util\\func\\emotion.py", "funcName": "__init__", "action": "init", "sqDict[emotion]": ["Calmness", "Sadness", "Trust", "Excitement", "Happiness"], "countOfEmotion": 18}
{"asctime": "2025-03-02 22:17:26,366", "levelname": "INFO", "message": "return list of emotion in current system tray", "name": "c:\\Users\\nilab\\OneDrive\\Desktop\\jarvis 11\\util\\func\\emotion.py", "funcName": "getEmotions", "action": "getEmotions", "sqDict[emotion]": ["Calmness", "Sadness", "Trust", "Excitement", "Happiness"]}
{"asctime": "2025-03-02 22:17:53,841", "levelname": "INFO", "message": "remove emotion from current system tray", "name": "c:\\Users\\nilab\\OneDrive\\Desktop\\jarvis 11\\util\\func\\emotion.py", "funcName": "removeEmotion", "action": "removeEmotion", "emotion": ["Calmness", "Sadness", "Trust", "Excitement"]}
{"asctime": "2025-03-02 22:17:53,845", "levelname": "INFO", "message": "remove emotion from current system tray", "name": "c:\\Users\\nilab\\OneDrive\\Desktop\\jarvis 11\\util\\func\\emotion.py", "funcName": "removeEmotion", "action": "removeEmotion", "emotion": ["Calmness", "Sadness", "Trust"]}
{"asctime": "2025-03-02 22:19:23,987", "levelname": "ERROR", "message": "add emotion to current system tray", "name": "c:\\Users\\nilab\\OneDrive\\Desktop\\jarvis 11\\util\\func\\emotion.py", "funcName": "addEmotion", "action": "addEmotion", "error": "emotion not Exist in config", "new_emotion": "Confusion", "listOfEmotion": ["Happiness", "Sadness", "Anger", "Fear", "Disgust", "Surprise", "Love", "Jealousy", "Guilt", "Pride", "Embarrassment", "Compassion", "Gratitude", "Trust", "Loneliness", "Excitement", "Fatigue", "Calmness"]}
{"asctime": "2025-03-02 22:19:58,287", "levelname": "INFO", "message": "add emotion to current system tray", "name": "c:\\Users\\nilab\\OneDrive\\Desktop\\jarvis 11\\util\\func\\emotion.py", "funcName": "addEmotion", "action": "addEmotion", "emotion": ["Calmness", "Sadness", "Trust", "Excitement"]}
{"asctime": "2025-03-02 22:21:09,974", "levelname": "INFO", "message": "remove emotion from current system tray", "name": "c:\\Users\\nilab\\OneDrive\\Desktop\\jarvis 11\\util\\func\\emotion.py", "funcName": "removeEmotion", "action": "removeEmotion", "emotion": ["Calmness", "Sadness", "Trust"]}
{"asctime": "2025-03-02 22:23:53,289", "levelname": "INFO", "message": "initializing emotion system", "name": "c:\\Users\\nilab\\OneDrive\\Desktop\\jarvis 11\\util\\func\\emotion.py", "funcName": "__init__", "action": "init", "sqDict[emotion]": ["Calmness", "Sadness", "Trust"], "countOfEmotion": 18}
{"asctime": "2025-03-02 22:23:53,295", "levelname": "INFO", "message": "return list of emotion in current system tray", "name": "c:\\Users\\nilab\\OneDrive\\Desktop\\jarvis 11\\util\\func\\emotion.py", "funcName": "getEmotions", "action": "getEmotions", "sqDict[emotion]": ["Calmness", "Sadness", "Trust"]}
{"asctime": "2025-03-02 22:24:06,931", "levelname": "INFO", "message": "add emotion to current system tray", "name": "c:\\Users\\nilab\\OneDrive\\Desktop\\jarvis 11\\util\\func\\emotion.py", "funcName": "addEmotion", "action": "addEmotion", "emotion": ["Calmness", "Sadness", "Trust", "Happiness"]}
{"asctime": "2025-03-02 22:24:16,888", "levelname": "INFO", "message": "initializing emotion system", "name": "c:\\Users\\nilab\\OneDrive\\Desktop\\jarvis 11\\util\\func\\emotion.py", "funcName": "__init__", "action": "init", "sqDict[emotion]": ["Calmness", "Sadness", "Trust", "Happiness"], "countOfEmotion": 18}
{"asctime": "2025-03-02 22:24:16,894", "levelname": "INFO", "message": "return list of emotion in current system tray", "name": "c:\\Users\\nilab\\OneDrive\\Desktop\\jarvis 11\\util\\func\\emotion.py", "funcName": "getEmotions", "action": "getEmotions", "sqDict[emotion]": ["Calmness", "Sadness", "Trust", "Happiness"]}
{"asctime": "2025-03-02 22:24:27,045", "levelname": "INFO", "message": "add emotion to current system tray", "name": "c:\\Users\\nilab\\OneDrive\\Desktop\\jarvis 11\\util\\func\\emotion.py", "funcName": "addEmotion", "action": "addEmotion", "emotion": ["Calmness", "Sadness", "Trust", "Happiness", "Excitement"]}
{"asctime": "2025-03-02 22:27:43,946", "levelname": "WARNING", "message": "emotion already exists in system tray: Sadness", "name": "c:\\Users\\nilab\\OneDrive\\Desktop\\jarvis 11\\util\\func\\emotion.py", "funcName": "addEmotion"}
