{"asctime": "2024-10-31 12:46:44,688", "levelname": "INFO", "message": "initializing user_notebook", "name": "c:\\Users\\Divyansh\\Desktop\\jarvis 69\\jarvis 10\\util\\func\\user_notebook.py", "funcName": "__init__", "action": "init", "userNotebook": "<modules.database.text_store.TextStore object at 0x00000237548BBEE0>"}
{"asctime": "2024-10-31 12:46:58,653", "levelname": "INFO", "message": "getting text", "name": "c:\\Users\\Divyansh\\Desktop\\jarvis 69\\jarvis 10\\util\\func\\user_notebook.py", "funcName": "getText", "action": "getText", "start": null, "end": null}
{"asctime": "2024-10-31 12:47:51,557", "levelname": "INFO", "message": "initializing user_notebook", "name": "c:\\Users\\Divyansh\\Desktop\\jarvis 69\\jarvis 10\\util\\func\\user_notebook.py", "funcName": "__init__", "action": "init", "userNotebook": "<modules.database.text_store.TextStore object at 0x0000020E2E048580>"}
{"asctime": "2024-10-31 12:48:04,493", "levelname": "INFO", "message": "getting text", "name": "c:\\Users\\Divyansh\\Desktop\\jarvis 69\\jarvis 10\\util\\func\\user_notebook.py", "funcName": "getText", "action": "getText", "start": null, "end": null}
{"asctime": "2024-10-31 12:50:07,200", "levelname": "INFO", "message": "initializing user_notebook", "name": "c:\\Users\\Divyansh\\Desktop\\jarvis 69\\jarvis 10\\util\\func\\user_notebook.py", "funcName": "__init__", "action": "init", "userNotebook": "<modules.database.text_store.TextStore object at 0x0000025CD2B88640>"}
{"asctime": "2024-10-31 12:50:18,603", "levelname": "INFO", "message": "getting text", "name": "c:\\Users\\Divyansh\\Desktop\\jarvis 69\\jarvis 10\\util\\func\\user_notebook.py", "funcName": "getText", "action": "getText", "start": null, "end": null}
{"asctime": "2024-10-31 12:53:59,184", "levelname": "INFO", "message": "initializing user_notebook", "name": "c:\\Users\\Divyansh\\Desktop\\jarvis 69\\jarvis 10\\util\\func\\user_notebook.py", "funcName": "__init__", "action": "init", "userNotebook": "<modules.database.text_store.TextStore object at 0x00000237721285B0>"}
{"asctime": "2024-10-31 12:54:09,635", "levelname": "INFO", "message": "getting text", "name": "c:\\Users\\Divyansh\\Desktop\\jarvis 69\\jarvis 10\\util\\func\\user_notebook.py", "funcName": "getText", "action": "getText", "start": null, "end": null}
{"asctime": "2024-10-31 12:55:19,105", "levelname": "INFO", "message": "initializing user_notebook", "name": "c:\\Users\\Divyansh\\Desktop\\jarvis 69\\jarvis 10\\util\\func\\user_notebook.py", "funcName": "__init__", "action": "init", "userNotebook": "<modules.database.text_store.TextStore object at 0x0000023089518670>"}
{"asctime": "2024-10-31 12:55:28,740", "levelname": "INFO", "message": "getting text", "name": "c:\\Users\\Divyansh\\Desktop\\jarvis 69\\jarvis 10\\util\\func\\user_notebook.py", "funcName": "getText", "action": "getText", "start": null, "end": null}
{"asctime": "2024-10-31 12:57:20,239", "levelname": "INFO", "message": "initializing user_notebook", "name": "c:\\Users\\Divyansh\\Desktop\\jarvis 69\\jarvis 10\\util\\func\\user_notebook.py", "funcName": "__init__", "action": "init", "userNotebook": "<modules.database.text_store.TextStore object at 0x000002122C8C85E0>"}
{"asctime": "2024-10-31 13:02:37,863", "levelname": "INFO", "message": "initializing user_notebook", "name": "c:\\Users\\Divyansh\\Desktop\\jarvis 69\\jarvis 10\\util\\func\\user_notebook.py", "funcName": "__init__", "action": "init", "userNotebook": "<modules.database.text_store.TextStore object at 0x000001F0668B87C0>"}
{"asctime": "2024-10-31 13:03:14,863", "levelname": "INFO", "message": "getting text", "name": "c:\\Users\\Divyansh\\Desktop\\jarvis 69\\jarvis 10\\util\\func\\user_notebook.py", "funcName": "getText", "action": "getText", "start": null, "end": null}
{"asctime": "2024-10-31 13:07:42,797", "levelname": "INFO", "message": "initializing user_notebook", "name": "c:\\Users\\Divyansh\\Desktop\\jarvis 69\\jarvis 10\\util\\func\\user_notebook.py", "funcName": "__init__", "action": "init", "userNotebook": "<modules.database.text_store.TextStore object at 0x0000018C79C387C0>"}
{"asctime": "2024-10-31 13:08:22,927", "levelname": "INFO", "message": "getting text", "name": "c:\\Users\\Divyansh\\Desktop\\jarvis 69\\jarvis 10\\util\\func\\user_notebook.py", "funcName": "getText", "action": "getText", "start": null, "end": null}
{"asctime": "2024-10-31 13:10:17,539", "levelname": "INFO", "message": "adding record", "name": "c:\\Users\\Divyansh\\Desktop\\jarvis 69\\jarvis 10\\util\\func\\user_notebook.py", "funcName": "addRecord", "action": "addRecord", "textLine": "091aa4437e73826775ba4464e390c0b47ec0f1dcad61d0d24993d3a48cb7c5c7"}
{"asctime": "2024-10-31 13:10:34,374", "levelname": "INFO", "message": "getting text", "name": "c:\\Users\\Divyansh\\Desktop\\jarvis 69\\jarvis 10\\util\\func\\user_notebook.py", "funcName": "getText", "action": "getText", "start": null, "end": null}
{"asctime": "2024-10-31 13:10:34,428", "levelname": "INFO", "message": "getting text", "name": "c:\\Users\\Divyansh\\Desktop\\jarvis 69\\jarvis 10\\util\\func\\user_notebook.py", "funcName": "getText", "action": "getText", "start": null, "end": null}
{"asctime": "2024-10-31 13:10:52,430", "levelname": "INFO", "message": "getting text", "name": "c:\\Users\\Divyansh\\Desktop\\jarvis 69\\jarvis 10\\util\\func\\user_notebook.py", "funcName": "getText", "action": "getText", "start": null, "end": null}
{"asctime": "2024-10-31 13:10:52,475", "levelname": "INFO", "message": "getting text", "name": "c:\\Users\\Divyansh\\Desktop\\jarvis 69\\jarvis 10\\util\\func\\user_notebook.py", "funcName": "getText", "action": "getText", "start": null, "end": null}
{"asctime": "2024-10-31 13:12:54,706", "levelname": "INFO", "message": "getting text", "name": "c:\\Users\\Divyansh\\Desktop\\jarvis 69\\jarvis 10\\util\\func\\user_notebook.py", "funcName": "getText", "action": "getText", "start": null, "end": null}
{"asctime": "2024-10-31 13:12:54,754", "levelname": "INFO", "message": "getting text", "name": "c:\\Users\\Divyansh\\Desktop\\jarvis 69\\jarvis 10\\util\\func\\user_notebook.py", "funcName": "getText", "action": "getText", "start": null, "end": null}
{"asctime": "2024-10-31 13:21:46,341", "levelname": "INFO", "message": "initializing user_notebook", "name": "c:\\Users\\Divyansh\\Desktop\\jarvis 69\\jarvis 10\\util\\func\\user_notebook.py", "funcName": "__init__", "action": "init", "userNotebook": "<modules.database.text_store.TextStore object at 0x0000018302B38850>"}
{"asctime": "2024-10-31 13:21:55,642", "levelname": "INFO", "message": "getting text", "name": "c:\\Users\\Divyansh\\Desktop\\jarvis 69\\jarvis 10\\util\\func\\user_notebook.py", "funcName": "getText", "action": "getText", "start": null, "end": null}
{"asctime": "2024-10-31 13:42:53,332", "levelname": "INFO", "message": "initializing user_notebook", "name": "c:\\Users\\Divyansh\\Desktop\\jarvis 69\\jarvis 10\\util\\func\\user_notebook.py", "funcName": "__init__", "action": "init", "userNotebook": "<modules.database.text_store.TextStore object at 0x0000024A9D6187C0>"}
{"asctime": "2024-10-31 13:43:27,354", "levelname": "INFO", "message": "getting text", "name": "c:\\Users\\Divyansh\\Desktop\\jarvis 69\\jarvis 10\\util\\func\\user_notebook.py", "funcName": "getText", "action": "getText", "start": null, "end": null}
{"asctime": "2024-10-31 13:43:45,493", "levelname": "INFO", "message": "getting text", "name": "c:\\Users\\Divyansh\\Desktop\\jarvis 69\\jarvis 10\\util\\func\\user_notebook.py", "funcName": "getText", "action": "getText", "start": null, "end": null}
{"asctime": "2024-10-31 13:44:10,367", "levelname": "INFO", "message": "getting text", "name": "c:\\Users\\Divyansh\\Desktop\\jarvis 69\\jarvis 10\\util\\func\\user_notebook.py", "funcName": "getText", "action": "getText", "start": null, "end": null}
{"asctime": "2024-11-01 03:08:40,639", "levelname": "INFO", "message": "initializing user_notebook", "name": "C:\\Users\\Divyansh\\Desktop\\jarvis 69\\jarvis 10\\util\\func\\user_notebook.py", "funcName": "__init__", "action": "init", "userNotebook": "<modules.database.text_store.TextStore object at 0x00000222BE813460>"}
{"asctime": "2024-11-01 03:10:28,306", "levelname": "INFO", "message": "initializing user_notebook", "name": "C:\\Users\\Divyansh\\Desktop\\jarvis 69\\jarvis 10\\util\\func\\user_notebook.py", "funcName": "__init__", "action": "init", "userNotebook": "<modules.database.text_store.TextStore object at 0x000002A9001C3550>"}
{"asctime": "2024-11-01 03:10:43,599", "levelname": "INFO", "message": "getting text", "name": "C:\\Users\\Divyansh\\Desktop\\jarvis 69\\jarvis 10\\util\\func\\user_notebook.py", "funcName": "getText", "action": "getText", "start": null, "end": null}
{"asctime": "2024-11-01 03:13:37,399", "levelname": "INFO", "message": "initializing user_notebook", "name": "C:\\Users\\Divyansh\\Desktop\\jarvis 69\\jarvis 10\\util\\func\\user_notebook.py", "funcName": "__init__", "action": "init", "userNotebook": "<modules.database.text_store.TextStore object at 0x000001A5FD903400>"}
{"asctime": "2024-11-01 03:13:44,310", "levelname": "INFO", "message": "getting text", "name": "C:\\Users\\Divyansh\\Desktop\\jarvis 69\\jarvis 10\\util\\func\\user_notebook.py", "funcName": "getText", "action": "getText", "start": null, "end": null}
{"asctime": "2024-11-01 03:14:24,717", "levelname": "INFO", "message": "initializing user_notebook", "name": "C:\\Users\\Divyansh\\Desktop\\jarvis 69\\jarvis 10\\util\\func\\user_notebook.py", "funcName": "__init__", "action": "init", "userNotebook": "<modules.database.text_store.TextStore object at 0x000002BB716B3340>"}
{"asctime": "2024-11-01 03:14:39,326", "levelname": "INFO", "message": "getting text", "name": "C:\\Users\\Divyansh\\Desktop\\jarvis 69\\jarvis 10\\util\\func\\user_notebook.py", "funcName": "getText", "action": "getText", "start": null, "end": null}
{"asctime": "2024-11-06 22:38:10,139", "levelname": "INFO", "message": "initializing user_notebook", "name": "c:\\Users\\Divyansh\\Desktop\\jarvis 69\\jarvis 10\\util\\func\\user_notebook.py", "funcName": "__init__", "action": "init", "userNotebook": "<modules.database.text_store.TextStore object at 0x000002AF13AB0D90>"}
{"asctime": "2024-11-06 22:38:19,635", "levelname": "INFO", "message": "getting text", "name": "c:\\Users\\Divyansh\\Desktop\\jarvis 69\\jarvis 10\\util\\func\\user_notebook.py", "funcName": "getText", "action": "getText", "start": null, "end": null}
{"asctime": "2024-11-06 22:39:00,795", "levelname": "INFO", "message": "getting text", "name": "c:\\Users\\Divyansh\\Desktop\\jarvis 69\\jarvis 10\\util\\func\\user_notebook.py", "funcName": "getText", "action": "getText", "start": null, "end": null}
{"asctime": "2024-11-06 22:39:31,120", "levelname": "INFO", "message": "getting text", "name": "c:\\Users\\Divyansh\\Desktop\\jarvis 69\\jarvis 10\\util\\func\\user_notebook.py", "funcName": "getText", "action": "getText", "start": null, "end": null}
{"asctime": "2024-11-06 22:42:37,905", "levelname": "INFO", "message": "initializing user_notebook", "name": "c:\\Users\\Divyansh\\Desktop\\jarvis 69\\jarvis 10\\util\\func\\user_notebook.py", "funcName": "__init__", "action": "init", "userNotebook": "<modules.database.text_store.TextStore object at 0x00000259EC920CA0>"}
{"asctime": "2024-11-06 22:43:20,991", "levelname": "INFO", "message": "getting text", "name": "c:\\Users\\Divyansh\\Desktop\\jarvis 69\\jarvis 10\\util\\func\\user_notebook.py", "funcName": "getText", "action": "getText", "start": null, "end": null}
{"asctime": "2024-11-08 04:26:14,285", "levelname": "INFO", "message": "initializing user_notebook", "name": "c:\\Users\\Divyansh\\Desktop\\jarvis 69\\jarvis 11\\util\\func\\user_notebook.py", "funcName": "__init__", "action": "init", "userNotebook": "<modules.database.text_store.TextStore object at 0x0000021E8AC0F250>"}
{"asctime": "2024-11-08 04:26:28,070", "levelname": "INFO", "message": "adding record", "name": "c:\\Users\\Divyansh\\Desktop\\jarvis 69\\jarvis 11\\util\\func\\user_notebook.py", "funcName": "addRecord", "action": "addRecord", "textLine": "e84f4d88a4ad6bf2283ce7a3e27b1463a8c741fb29a3c9241c77371086e6bf97"}
{"asctime": "2024-11-08 04:26:28,109", "levelname": "INFO", "message": "getting text", "name": "c:\\Users\\Divyansh\\Desktop\\jarvis 69\\jarvis 11\\util\\func\\user_notebook.py", "funcName": "getText", "action": "getText", "start": null, "end": null}
{"asctime": "2024-11-08 04:26:28,180", "levelname": "INFO", "message": "getting text", "name": "c:\\Users\\Divyansh\\Desktop\\jarvis 69\\jarvis 11\\util\\func\\user_notebook.py", "funcName": "getText", "action": "getText", "start": null, "end": null}
{"asctime": "2024-11-08 04:26:47,082", "levelname": "INFO", "message": "getting text", "name": "c:\\Users\\Divyansh\\Desktop\\jarvis 69\\jarvis 11\\util\\func\\user_notebook.py", "funcName": "getText", "action": "getText", "start": null, "end": null}
{"asctime": "2024-11-08 04:26:47,121", "levelname": "INFO", "message": "getting text", "name": "c:\\Users\\Divyansh\\Desktop\\jarvis 69\\jarvis 11\\util\\func\\user_notebook.py", "funcName": "getText", "action": "getText", "start": null, "end": null}
{"asctime": "2024-11-09 00:15:22,894", "levelname": "INFO", "message": "initializing user_notebook", "name": "c:\\Users\\Divyansh\\Desktop\\jarvis 69\\jarvis 11\\util\\func\\user_notebook.py", "funcName": "__init__", "action": "init", "userNotebook": "<modules.database.text_store.TextStore object at 0x000001D9B8433AF0>"}
{"asctime": "2024-11-09 00:16:56,824", "levelname": "INFO", "message": "initializing user_notebook", "name": "c:\\Users\\Divyansh\\Desktop\\jarvis 69\\jarvis 11\\util\\func\\user_notebook.py", "funcName": "__init__", "action": "init", "userNotebook": "<modules.database.text_store.TextStore object at 0x00000206F3B03AF0>"}
{"asctime": "2024-11-09 00:17:10,014", "levelname": "INFO", "message": "getting text", "name": "c:\\Users\\Divyansh\\Desktop\\jarvis 69\\jarvis 11\\util\\func\\user_notebook.py", "funcName": "getText", "action": "getText", "start": null, "end": null}
{"asctime": "2024-11-09 00:17:10,085", "levelname": "INFO", "message": "getting text", "name": "c:\\Users\\Divyansh\\Desktop\\jarvis 69\\jarvis 11\\util\\func\\user_notebook.py", "funcName": "getText", "action": "getText", "start": null, "end": null}
{"asctime": "2024-11-09 00:17:31,894", "levelname": "INFO", "message": "getting text", "name": "c:\\Users\\Divyansh\\Desktop\\jarvis 69\\jarvis 11\\util\\func\\user_notebook.py", "funcName": "getText", "action": "getText", "start": null, "end": null}
{"asctime": "2024-11-09 00:17:31,957", "levelname": "INFO", "message": "getting text", "name": "c:\\Users\\Divyansh\\Desktop\\jarvis 69\\jarvis 11\\util\\func\\user_notebook.py", "funcName": "getText", "action": "getText", "start": null, "end": null}
{"asctime": "2024-11-09 02:17:30,653", "levelname": "INFO", "message": "initializing user_notebook", "name": "c:\\Users\\Divyansh\\Desktop\\jarvis 69\\jarvis 11\\util\\func\\user_notebook.py", "funcName": "__init__", "action": "init", "userNotebook": "<modules.database.text_store.TextStore object at 0x0000022AAF2438B0>"}
{"asctime": "2024-11-25 05:45:53,505", "levelname": "INFO", "message": "initializing user_notebook", "name": "c:\\Users\\Divyansh\\Desktop\\jarvis 69\\jarvis 11\\util\\func\\user_notebook.py", "funcName": "__init__", "action": "init", "userNotebook": "<modules.database.text_store.TextStore object at 0x0000026422872EC0>"}
{"asctime": "2024-11-25 05:46:04,728", "levelname": "INFO", "message": "getting text", "name": "c:\\Users\\Divyansh\\Desktop\\jarvis 69\\jarvis 11\\util\\func\\user_notebook.py", "funcName": "getText", "action": "getText", "start": null, "end": null}
{"asctime": "2024-11-25 05:46:04,781", "levelname": "INFO", "message": "getting text", "name": "c:\\Users\\Divyansh\\Desktop\\jarvis 69\\jarvis 11\\util\\func\\user_notebook.py", "funcName": "getText", "action": "getText", "start": null, "end": null}
{"asctime": "2024-11-25 05:46:17,588", "levelname": "INFO", "message": "getting text", "name": "c:\\Users\\Divyansh\\Desktop\\jarvis 69\\jarvis 11\\util\\func\\user_notebook.py", "funcName": "getText", "action": "getText", "start": null, "end": null}
{"asctime": "2024-11-25 05:46:17,644", "levelname": "INFO", "message": "getting text", "name": "c:\\Users\\Divyansh\\Desktop\\jarvis 69\\jarvis 11\\util\\func\\user_notebook.py", "funcName": "getText", "action": "getText", "start": null, "end": null}
{"asctime": "2024-11-25 05:46:54,938", "levelname": "INFO", "message": "getting text", "name": "c:\\Users\\Divyansh\\Desktop\\jarvis 69\\jarvis 11\\util\\func\\user_notebook.py", "funcName": "getText", "action": "getText", "start": null, "end": null}
{"asctime": "2024-11-25 05:46:54,988", "levelname": "INFO", "message": "getting text", "name": "c:\\Users\\Divyansh\\Desktop\\jarvis 69\\jarvis 11\\util\\func\\user_notebook.py", "funcName": "getText", "action": "getText", "start": null, "end": null}
{"asctime": "2024-11-25 17:51:55,342", "levelname": "INFO", "message": "initializing user_notebook", "name": "c:\\Users\\Divyansh\\Desktop\\jarvis 69\\jarvis 11\\util\\func\\user_notebook.py", "funcName": "__init__", "action": "init", "userNotebook": "<modules.database.text_store.TextStore object at 0x000001D6002A29B0>"}
{"asctime": "2024-11-25 17:55:43,740", "levelname": "INFO", "message": "initializing user_notebook", "name": "c:\\Users\\Divyansh\\Desktop\\jarvis 69\\jarvis 11\\util\\func\\user_notebook.py", "funcName": "__init__", "action": "init", "userNotebook": "<modules.database.text_store.TextStore object at 0x000001DBA9103130>"}
{"asctime": "2024-11-25 17:58:14,496", "levelname": "INFO", "message": "initializing user_notebook", "name": "c:\\Users\\Divyansh\\Desktop\\jarvis 69\\jarvis 11\\util\\func\\user_notebook.py", "funcName": "__init__", "action": "init", "userNotebook": "<modules.database.text_store.TextStore object at 0x00000272D81E3160>"}
{"asctime": "2024-11-25 18:00:44,078", "levelname": "INFO", "message": "initializing user_notebook", "name": "c:\\Users\\Divyansh\\Desktop\\jarvis 69\\jarvis 11\\util\\func\\user_notebook.py", "funcName": "__init__", "action": "init", "userNotebook": "<modules.database.text_store.TextStore object at 0x000001A748BD3190>"}
{"asctime": "2024-11-25 18:08:06,439", "levelname": "INFO", "message": "initializing user_notebook", "name": "c:\\Users\\Divyansh\\Desktop\\jarvis 69\\jarvis 11\\util\\func\\user_notebook.py", "funcName": "__init__", "action": "init", "userNotebook": "<modules.database.text_store.TextStore object at 0x00000294916531F0>"}
{"asctime": "2024-11-26 21:32:34,897", "levelname": "INFO", "message": "initializing user_notebook", "name": "c:\\Users\\Divyansh\\Desktop\\jarvis 69\\jarvis 11\\util\\func\\user_notebook.py", "funcName": "__init__", "action": "init", "userNotebook": "<modules.database.text_store.TextStore object at 0x000001BA553E31C0>"}
{"asctime": "2024-11-26 21:34:24,019", "levelname": "INFO", "message": "initializing user_notebook", "name": "c:\\Users\\Divyansh\\Desktop\\jarvis 69\\jarvis 11\\util\\func\\user_notebook.py", "funcName": "__init__", "action": "init", "userNotebook": "<modules.database.text_store.TextStore object at 0x000002AA26A13040>"}
{"asctime": "2025-03-02 01:04:08,424", "levelname": "INFO", "message": "initializing user_notebook", "name": "c:\\Users\\nilab\\OneDrive\\Desktop\\jarvis 11\\util\\func\\user_notebook.py", "funcName": "__init__", "action": "init", "userNotebook": "<modules.database.text_store.TextStore object at 0x0000026E85EFC6E0>"}
{"asctime": "2025-03-02 01:04:57,868", "levelname": "INFO", "message": "initializing user_notebook", "name": "c:\\Users\\nilab\\OneDrive\\Desktop\\jarvis 11\\util\\func\\user_notebook.py", "funcName": "__init__", "action": "init", "userNotebook": "<modules.database.text_store.TextStore object at 0x000001AFD124C6E0>"}
{"asctime": "2025-03-02 01:10:50,274", "levelname": "INFO", "message": "initializing user_notebook", "name": "c:\\Users\\nilab\\OneDrive\\Desktop\\jarvis 11\\util\\func\\user_notebook.py", "funcName": "__init__", "action": "init", "userNotebook": "<modules.database.text_store.TextStore object at 0x000001E3254846E0>"}
{"asctime": "2025-03-02 01:15:25,097", "levelname": "INFO", "message": "initializing user_notebook", "name": "c:\\Users\\nilab\\OneDrive\\Desktop\\jarvis 11\\util\\func\\user_notebook.py", "funcName": "__init__", "action": "init", "userNotebook": "<modules.database.text_store.TextStore object at 0x000002C50DC3C6E0>"}
{"asctime": "2025-03-02 01:16:39,468", "levelname": "INFO", "message": "initializing user_notebook", "name": "c:\\Users\\nilab\\OneDrive\\Desktop\\jarvis 11\\util\\func\\user_notebook.py", "funcName": "__init__", "action": "init", "userNotebook": "<modules.database.text_store.TextStore object at 0x000002CA4D57C6E0>"}
{"asctime": "2025-03-02 01:17:02,660", "levelname": "INFO", "message": "initializing user_notebook", "name": "c:\\Users\\nilab\\OneDrive\\Desktop\\jarvis 11\\util\\func\\user_notebook.py", "funcName": "__init__", "action": "init", "userNotebook": "<modules.database.text_store.TextStore object at 0x000001E9D55006E0>"}
{"asctime": "2025-03-02 01:17:12,475", "levelname": "INFO", "message": "getting text", "name": "c:\\Users\\nilab\\OneDrive\\Desktop\\jarvis 11\\util\\func\\user_notebook.py", "funcName": "getText", "action": "getText", "start": null, "end": null}
{"asctime": "2025-03-02 01:17:27,291", "levelname": "INFO", "message": "getting text", "name": "c:\\Users\\nilab\\OneDrive\\Desktop\\jarvis 11\\util\\func\\user_notebook.py", "funcName": "getText", "action": "getText", "start": null, "end": null}
{"asctime": "2025-03-02 01:17:50,265", "levelname": "INFO", "message": "getting text", "name": "c:\\Users\\nilab\\OneDrive\\Desktop\\jarvis 11\\util\\func\\user_notebook.py", "funcName": "getText", "action": "getText", "start": null, "end": null}
{"asctime": "2025-03-02 01:27:19,257", "levelname": "INFO", "message": "initializing user_notebook", "name": "c:\\Users\\nilab\\OneDrive\\Desktop\\jarvis 11\\util\\func\\user_notebook.py", "funcName": "__init__", "action": "init", "userNotebook": "<modules.database.text_store.TextStore object at 0x000002476F96C6E0>"}
{"asctime": "2025-03-02 01:32:44,530", "levelname": "INFO", "message": "initializing user_notebook", "name": "c:\\Users\\nilab\\OneDrive\\Desktop\\jarvis 11\\util\\func\\user_notebook.py", "funcName": "__init__", "action": "init", "userNotebook": "<modules.database.text_store.TextStore object at 0x000001EE93B6C6E0>"}
{"asctime": "2025-03-02 01:32:54,355", "levelname": "INFO", "message": "getting text", "name": "c:\\Users\\nilab\\OneDrive\\Desktop\\jarvis 11\\util\\func\\user_notebook.py", "funcName": "getText", "action": "getText", "start": null, "end": null}
{"asctime": "2025-03-02 01:33:15,305", "levelname": "INFO", "message": "getting text", "name": "c:\\Users\\nilab\\OneDrive\\Desktop\\jarvis 11\\util\\func\\user_notebook.py", "funcName": "getText", "action": "getText", "start": null, "end": null}
{"asctime": "2025-03-02 01:36:12,661", "levelname": "INFO", "message": "initializing user_notebook", "name": "c:\\Users\\nilab\\OneDrive\\Desktop\\jarvis 11\\util\\func\\user_notebook.py", "funcName": "__init__", "action": "init", "userNotebook": "<modules.database.text_store.TextStore object at 0x000002682873C6E0>"}
{"asctime": "2025-03-02 01:39:19,944", "levelname": "INFO", "message": "getting text", "name": "c:\\Users\\nilab\\OneDrive\\Desktop\\jarvis 11\\util\\func\\user_notebook.py", "funcName": "getText", "action": "getText", "start": null, "end": null}
{"asctime": "2025-03-02 01:40:44,942", "levelname": "INFO", "message": "initializing user_notebook", "name": "c:\\Users\\nilab\\OneDrive\\Desktop\\jarvis 11\\util\\func\\user_notebook.py", "funcName": "__init__", "action": "init", "userNotebook": "<modules.database.text_store.TextStore object at 0x000002A713E2C6E0>"}
{"asctime": "2025-03-02 01:40:48,565", "levelname": "INFO", "message": "getting text", "name": "c:\\Users\\nilab\\OneDrive\\Desktop\\jarvis 11\\util\\func\\user_notebook.py", "funcName": "getText", "action": "getText", "start": null, "end": null}
{"asctime": "2025-03-02 01:44:21,317", "levelname": "INFO", "message": "initializing user_notebook", "name": "c:\\Users\\nilab\\OneDrive\\Desktop\\jarvis 11\\util\\func\\user_notebook.py", "funcName": "__init__", "action": "init", "userNotebook": "<modules.database.text_store.TextStore object at 0x00000160D41906E0>"}
{"asctime": "2025-03-02 01:44:32,004", "levelname": "INFO", "message": "getting text", "name": "c:\\Users\\nilab\\OneDrive\\Desktop\\jarvis 11\\util\\func\\user_notebook.py", "funcName": "getText", "action": "getText", "start": null, "end": null}
{"asctime": "2025-03-02 01:46:58,166", "levelname": "INFO", "message": "getting text", "name": "c:\\Users\\nilab\\OneDrive\\Desktop\\jarvis 11\\util\\func\\user_notebook.py", "funcName": "getText", "action": "getText", "start": null, "end": null}
{"asctime": "2025-03-02 02:05:10,369", "levelname": "INFO", "message": "initializing user_notebook", "name": "c:\\Users\\nilab\\OneDrive\\Desktop\\jarvis 11\\util\\func\\user_notebook.py", "funcName": "__init__", "action": "init", "userNotebook": "<modules.database.text_store.TextStore object at 0x0000014379A106E0>"}
{"asctime": "2025-03-02 02:05:21,533", "levelname": "INFO", "message": "getting text", "name": "c:\\Users\\nilab\\OneDrive\\Desktop\\jarvis 11\\util\\func\\user_notebook.py", "funcName": "getText", "action": "getText", "start": null, "end": null}
{"asctime": "2025-03-02 02:05:46,909", "levelname": "INFO", "message": "getting text", "name": "c:\\Users\\nilab\\OneDrive\\Desktop\\jarvis 11\\util\\func\\user_notebook.py", "funcName": "getText", "action": "getText", "start": null, "end": null}
{"asctime": "2025-03-02 02:14:09,346", "levelname": "INFO", "message": "initializing user_notebook", "name": "c:\\Users\\nilab\\OneDrive\\Desktop\\jarvis 11\\util\\func\\user_notebook.py", "funcName": "__init__", "action": "init", "userNotebook": "<modules.database.text_store.TextStore object at 0x000001A35D21C6E0>"}
{"asctime": "2025-03-02 02:14:50,273", "levelname": "INFO", "message": "adding record", "name": "c:\\Users\\nilab\\OneDrive\\Desktop\\jarvis 11\\util\\func\\user_notebook.py", "funcName": "addRecord", "action": "addRecord", "textLine": "38fdfe2b07a2f6bcb28ded074c20e7bbe620773d3def1d90fc7eb9eea5905aeb"}
{"asctime": "2025-03-02 02:15:21,468", "levelname": "INFO", "message": "initializing user_notebook", "name": "c:\\Users\\nilab\\OneDrive\\Desktop\\jarvis 11\\util\\func\\user_notebook.py", "funcName": "__init__", "action": "init", "userNotebook": "<modules.database.text_store.TextStore object at 0x000001E23F34C6E0>"}
{"asctime": "2025-03-02 02:19:16,596", "levelname": "INFO", "message": "initializing user_notebook", "name": "c:\\Users\\nilab\\OneDrive\\Desktop\\jarvis 11\\util\\func\\user_notebook.py", "funcName": "__init__", "action": "init", "userNotebook": "<modules.database.text_store.TextStore object at 0x000002560D00C6E0>"}
{"asctime": "2025-03-02 02:21:29,683", "levelname": "INFO", "message": "initializing user_notebook", "name": "c:\\Users\\nilab\\OneDrive\\Desktop\\jarvis 11\\util\\func\\user_notebook.py", "funcName": "__init__", "action": "init", "userNotebook": "<modules.database.text_store.TextStore object at 0x00000242F0D506E0>"}
{"asctime": "2025-03-02 02:22:57,490", "levelname": "INFO", "message": "initializing user_notebook", "name": "c:\\Users\\nilab\\OneDrive\\Desktop\\jarvis 11\\util\\func\\user_notebook.py", "funcName": "__init__", "action": "init", "userNotebook": "<modules.database.text_store.TextStore object at 0x00000276A47CC6E0>"}
{"asctime": "2025-03-02 02:23:45,628", "levelname": "INFO", "message": "initializing user_notebook", "name": "c:\\Users\\nilab\\OneDrive\\Desktop\\jarvis 11\\util\\func\\user_notebook.py", "funcName": "__init__", "action": "init", "userNotebook": "<modules.database.text_store.TextStore object at 0x000002A6366CC6E0>"}
{"asctime": "2025-03-02 02:25:23,842", "levelname": "INFO", "message": "initializing user_notebook", "name": "c:\\Users\\nilab\\OneDrive\\Desktop\\jarvis 11\\util\\func\\user_notebook.py", "funcName": "__init__", "action": "init", "userNotebook": "<modules.database.text_store.TextStore object at 0x0000013840DAC6E0>"}
{"asctime": "2025-03-02 02:26:19,063", "levelname": "INFO", "message": "adding record", "name": "c:\\Users\\nilab\\OneDrive\\Desktop\\jarvis 11\\util\\func\\user_notebook.py", "funcName": "addRecord", "action": "addRecord", "textLine": "4404159da338824b6d07504edf37a3d4c1e3fe26d32b7eaada8f1bc67f02ce6f"}
{"asctime": "2025-03-02 02:27:20,400", "levelname": "INFO", "message": "initializing user_notebook", "name": "c:\\Users\\nilab\\OneDrive\\Desktop\\jarvis 11\\util\\func\\user_notebook.py", "funcName": "__init__", "action": "init", "userNotebook": "<modules.database.text_store.TextStore object at 0x0000028F5025C6E0>"}
{"asctime": "2025-03-02 02:31:35,049", "levelname": "INFO", "message": "getting text", "name": "c:\\Users\\nilab\\OneDrive\\Desktop\\jarvis 11\\util\\func\\user_notebook.py", "funcName": "getText", "action": "getText", "start": null, "end": null}
{"asctime": "2025-03-02 02:31:35,102", "levelname": "INFO", "message": "getting text", "name": "c:\\Users\\nilab\\OneDrive\\Desktop\\jarvis 11\\util\\func\\user_notebook.py", "funcName": "getText", "action": "getText", "start": null, "end": null}
{"asctime": "2025-03-02 02:54:32,411", "levelname": "INFO", "message": "initializing user_notebook", "name": "c:\\Users\\nilab\\OneDrive\\Desktop\\jarvis 11\\util\\func\\user_notebook.py", "funcName": "__init__", "action": "init", "userNotebook": "<modules.database.text_store.TextStore object at 0x000001A487EAC6E0>"}
{"asctime": "2025-03-02 02:54:56,785", "levelname": "INFO", "message": "adding record", "name": "c:\\Users\\nilab\\OneDrive\\Desktop\\jarvis 11\\util\\func\\user_notebook.py", "funcName": "addRecord", "action": "addRecord", "textLine": "997aa08653a43209aa67840617fd84abaf6bee39f0ebbb03bfc1df8262d725ab"}
{"asctime": "2025-03-02 02:54:56,846", "levelname": "INFO", "message": "getting text", "name": "c:\\Users\\nilab\\OneDrive\\Desktop\\jarvis 11\\util\\func\\user_notebook.py", "funcName": "getText", "action": "getText", "start": null, "end": null}
{"asctime": "2025-03-02 02:54:56,848", "levelname": "INFO", "message": "getting text", "name": "c:\\Users\\nilab\\OneDrive\\Desktop\\jarvis 11\\util\\func\\user_notebook.py", "funcName": "getText", "action": "getText", "start": null, "end": null}
{"asctime": "2025-03-02 02:55:13,888", "levelname": "INFO", "message": "getting text", "name": "c:\\Users\\nilab\\OneDrive\\Desktop\\jarvis 11\\util\\func\\user_notebook.py", "funcName": "getText", "action": "getText", "start": null, "end": null}
{"asctime": "2025-03-02 02:55:13,922", "levelname": "INFO", "message": "getting text", "name": "c:\\Users\\nilab\\OneDrive\\Desktop\\jarvis 11\\util\\func\\user_notebook.py", "funcName": "getText", "action": "getText", "start": null, "end": null}
{"asctime": "2025-03-02 02:55:34,859", "levelname": "INFO", "message": "getting text", "name": "c:\\Users\\nilab\\OneDrive\\Desktop\\jarvis 11\\util\\func\\user_notebook.py", "funcName": "getText", "action": "getText", "start": null, "end": null}
{"asctime": "2025-03-02 02:55:34,890", "levelname": "INFO", "message": "getting text", "name": "c:\\Users\\nilab\\OneDrive\\Desktop\\jarvis 11\\util\\func\\user_notebook.py", "funcName": "getText", "action": "getText", "start": null, "end": null}
{"asctime": "2025-03-02 02:57:13,525", "levelname": "INFO", "message": "initializing user_notebook", "name": "c:\\Users\\nilab\\OneDrive\\Desktop\\jarvis 11\\util\\func\\user_notebook.py", "funcName": "__init__", "action": "init", "userNotebook": "<modules.database.text_store.TextStore object at 0x000002675CF6C6E0>"}
{"asctime": "2025-03-02 02:59:12,713", "levelname": "INFO", "message": "adding record", "name": "c:\\Users\\nilab\\OneDrive\\Desktop\\jarvis 11\\util\\func\\user_notebook.py", "funcName": "addRecord", "action": "addRecord", "textLine": "fc8262264e7c79564c205eefeb57ba6495a2d38b26729bf9d230bb11ac9d84a1"}
{"asctime": "2025-03-02 02:59:43,235", "levelname": "INFO", "message": "updating record", "name": "c:\\Users\\nilab\\OneDrive\\Desktop\\jarvis 11\\util\\func\\user_notebook.py", "funcName": "updateRecord", "action": "updateRecord", "recordId": 4, "newTextLine": "2b32c47caa08bef2e3351797426ecf2ad4e745038a754694c4e8c6ec4fab2ab4"}
{"asctime": "2025-03-02 03:00:23,894", "levelname": "INFO", "message": "getting text", "name": "c:\\Users\\nilab\\OneDrive\\Desktop\\jarvis 11\\util\\func\\user_notebook.py", "funcName": "getText", "action": "getText", "start": null, "end": null}
{"asctime": "2025-03-02 03:00:23,929", "levelname": "INFO", "message": "getting text", "name": "c:\\Users\\nilab\\OneDrive\\Desktop\\jarvis 11\\util\\func\\user_notebook.py", "funcName": "getText", "action": "getText", "start": null, "end": null}
{"asctime": "2025-03-02 03:01:18,641", "levelname": "INFO", "message": "initializing user_notebook", "name": "c:\\Users\\nilab\\OneDrive\\Desktop\\jarvis 11\\util\\func\\user_notebook.py", "funcName": "__init__", "action": "init", "userNotebook": "<modules.database.text_store.TextStore object at 0x000001FFCAD7C6E0>"}
{"asctime": "2025-03-02 03:01:35,858", "levelname": "INFO", "message": "getting text", "name": "c:\\Users\\nilab\\OneDrive\\Desktop\\jarvis 11\\util\\func\\user_notebook.py", "funcName": "getText", "action": "getText", "start": null, "end": null}
{"asctime": "2025-03-02 03:01:35,898", "levelname": "INFO", "message": "getting text", "name": "c:\\Users\\nilab\\OneDrive\\Desktop\\jarvis 11\\util\\func\\user_notebook.py", "funcName": "getText", "action": "getText", "start": null, "end": null}
{"asctime": "2025-03-02 03:02:14,405", "levelname": "INFO", "message": "updating record", "name": "c:\\Users\\nilab\\OneDrive\\Desktop\\jarvis 11\\util\\func\\user_notebook.py", "funcName": "updateRecord", "action": "updateRecord", "recordId": 1, "newTextLine": "6d9df7607c2d2b3de10d702aef19073d035c1e21d99a50ced376a363063d3374"}
{"asctime": "2025-03-02 03:02:14,406", "levelname": "INFO", "message": "adding record", "name": "c:\\Users\\nilab\\OneDrive\\Desktop\\jarvis 11\\util\\func\\user_notebook.py", "funcName": "addRecord", "action": "addRecord", "textLine": "16968f3177610607b0e0969bbf71ebb350012eebaa3eb02c8c54a75dfbea8b49"}
{"asctime": "2025-03-02 03:02:14,406", "levelname": "INFO", "message": "updating record", "name": "c:\\Users\\nilab\\OneDrive\\Desktop\\jarvis 11\\util\\func\\user_notebook.py", "funcName": "updateRecord", "action": "updateRecord", "recordId": 2, "newTextLine": "00bac5401efebfe7719e7fb757c9b04264f5e48869eee59bea9c9fc9a5c351f7"}
{"asctime": "2025-03-02 03:02:42,770", "levelname": "INFO", "message": "initializing user_notebook", "name": "c:\\Users\\nilab\\OneDrive\\Desktop\\jarvis 11\\util\\func\\user_notebook.py", "funcName": "__init__", "action": "init", "userNotebook": "<modules.database.text_store.TextStore object at 0x00000169CD06C6E0>"}
{"asctime": "2025-03-02 03:03:14,398", "levelname": "INFO", "message": "getting text", "name": "c:\\Users\\nilab\\OneDrive\\Desktop\\jarvis 11\\util\\func\\user_notebook.py", "funcName": "getText", "action": "getText", "start": null, "end": null}
{"asctime": "2025-03-02 03:03:14,436", "levelname": "INFO", "message": "getting text", "name": "c:\\Users\\nilab\\OneDrive\\Desktop\\jarvis 11\\util\\func\\user_notebook.py", "funcName": "getText", "action": "getText", "start": null, "end": null}
{"asctime": "2025-03-02 03:04:09,522", "levelname": "INFO", "message": "adding record", "name": "c:\\Users\\nilab\\OneDrive\\Desktop\\jarvis 11\\util\\func\\user_notebook.py", "funcName": "addRecord", "action": "addRecord", "textLine": "ee46c7b6b6df140239bef6363718cce52316f0c1d1e92372f6a1ddb1ed775a78"}
{"asctime": "2025-03-02 03:05:20,831", "levelname": "INFO", "message": "adding record", "name": "c:\\Users\\nilab\\OneDrive\\Desktop\\jarvis 11\\util\\func\\user_notebook.py", "funcName": "addRecord", "action": "addRecord", "textLine": "57f731f74ef755070eb009716a1e24857dcf89cc8bc106862d6b16ad40edc626"}
{"asctime": "2025-03-02 03:05:31,629", "levelname": "INFO", "message": "getting text", "name": "c:\\Users\\nilab\\OneDrive\\Desktop\\jarvis 11\\util\\func\\user_notebook.py", "funcName": "getText", "action": "getText", "start": null, "end": null}
{"asctime": "2025-03-02 03:05:31,662", "levelname": "INFO", "message": "getting text", "name": "c:\\Users\\nilab\\OneDrive\\Desktop\\jarvis 11\\util\\func\\user_notebook.py", "funcName": "getText", "action": "getText", "start": null, "end": null}
{"asctime": "2025-03-02 03:08:03,208", "levelname": "INFO", "message": "adding record", "name": "c:\\Users\\nilab\\OneDrive\\Desktop\\jarvis 11\\util\\func\\user_notebook.py", "funcName": "addRecord", "action": "addRecord", "textLine": "23e7d9fbb102a18b506e2916c5c740b2e0735214006734124df33f9fa6a97813"}
{"asctime": "2025-03-02 03:08:03,210", "levelname": "INFO", "message": "adding record", "name": "c:\\Users\\nilab\\OneDrive\\Desktop\\jarvis 11\\util\\func\\user_notebook.py", "funcName": "addRecord", "action": "addRecord", "textLine": "c56038e81f97fe57c7169fe33cc89abceb331f4eb9320232d8e9c0951170851e"}
{"asctime": "2025-03-02 03:08:03,218", "levelname": "INFO", "message": "getting text", "name": "c:\\Users\\nilab\\OneDrive\\Desktop\\jarvis 11\\util\\func\\user_notebook.py", "funcName": "getText", "action": "getText", "start": null, "end": null}
{"asctime": "2025-03-02 03:08:03,262", "levelname": "INFO", "message": "getting text", "name": "c:\\Users\\nilab\\OneDrive\\Desktop\\jarvis 11\\util\\func\\user_notebook.py", "funcName": "getText", "action": "getText", "start": null, "end": null}
{"asctime": "2025-03-02 03:08:45,648", "levelname": "INFO", "message": "getting text", "name": "c:\\Users\\nilab\\OneDrive\\Desktop\\jarvis 11\\util\\func\\user_notebook.py", "funcName": "getText", "action": "getText", "start": null, "end": null}
{"asctime": "2025-03-02 03:08:45,685", "levelname": "INFO", "message": "getting text", "name": "c:\\Users\\nilab\\OneDrive\\Desktop\\jarvis 11\\util\\func\\user_notebook.py", "funcName": "getText", "action": "getText", "start": null, "end": null}
{"asctime": "2025-03-02 03:09:12,948", "levelname": "INFO", "message": "getting text", "name": "c:\\Users\\nilab\\OneDrive\\Desktop\\jarvis 11\\util\\func\\user_notebook.py", "funcName": "getText", "action": "getText", "start": null, "end": null}
{"asctime": "2025-03-02 03:09:12,987", "levelname": "INFO", "message": "getting text", "name": "c:\\Users\\nilab\\OneDrive\\Desktop\\jarvis 11\\util\\func\\user_notebook.py", "funcName": "getText", "action": "getText", "start": null, "end": null}
{"asctime": "2025-03-02 03:09:50,549", "levelname": "INFO", "message": "initializing user_notebook", "name": "c:\\Users\\nilab\\OneDrive\\Desktop\\jarvis 11\\util\\func\\user_notebook.py", "funcName": "__init__", "action": "init", "userNotebook": "<modules.database.text_store.TextStore object at 0x0000018AEC38C6E0>"}
{"asctime": "2025-03-02 03:10:01,952", "levelname": "INFO", "message": "getting text", "name": "c:\\Users\\nilab\\OneDrive\\Desktop\\jarvis 11\\util\\func\\user_notebook.py", "funcName": "getText", "action": "getText", "start": null, "end": null}
{"asctime": "2025-03-02 03:10:01,988", "levelname": "INFO", "message": "getting text", "name": "c:\\Users\\nilab\\OneDrive\\Desktop\\jarvis 11\\util\\func\\user_notebook.py", "funcName": "getText", "action": "getText", "start": null, "end": null}
{"asctime": "2025-03-02 03:13:38,696", "levelname": "INFO", "message": "initializing user_notebook", "name": "c:\\Users\\nilab\\OneDrive\\Desktop\\jarvis 11\\util\\func\\user_notebook.py", "funcName": "__init__", "action": "init", "userNotebook": "<modules.database.text_store.TextStore object at 0x00000194157CC6E0>"}
{"asctime": "2025-03-02 03:14:35,321", "levelname": "INFO", "message": "initializing user_notebook", "name": "c:\\Users\\nilab\\OneDrive\\Desktop\\jarvis 11\\util\\func\\user_notebook.py", "funcName": "__init__", "action": "init", "userNotebook": "<modules.database.text_store.TextStore object at 0x0000022ADF2AC6E0>"}
{"asctime": "2025-03-02 03:15:40,432", "levelname": "INFO", "message": "initializing user_notebook", "name": "c:\\Users\\nilab\\OneDrive\\Desktop\\jarvis 11\\util\\func\\user_notebook.py", "funcName": "__init__", "action": "init", "userNotebook": "<modules.database.text_store.TextStore object at 0x000001E44B5106E0>"}
{"asctime": "2025-03-02 03:16:57,369", "levelname": "INFO", "message": "getting text", "name": "c:\\Users\\nilab\\OneDrive\\Desktop\\jarvis 11\\util\\func\\user_notebook.py", "funcName": "getText", "action": "getText", "start": null, "end": null}
{"asctime": "2025-03-02 03:16:57,398", "levelname": "INFO", "message": "getting text", "name": "c:\\Users\\nilab\\OneDrive\\Desktop\\jarvis 11\\util\\func\\user_notebook.py", "funcName": "getText", "action": "getText", "start": null, "end": null}
{"asctime": "2025-03-02 03:19:56,794", "levelname": "INFO", "message": "initializing user_notebook", "name": "c:\\Users\\nilab\\OneDrive\\Desktop\\jarvis 11\\util\\func\\user_notebook.py", "funcName": "__init__", "action": "init", "userNotebook": "<modules.database.text_store.TextStore object at 0x000001BAB6A8C6E0>"}
{"asctime": "2025-03-02 03:21:43,440", "levelname": "INFO", "message": "initializing user_notebook", "name": "c:\\Users\\nilab\\OneDrive\\Desktop\\jarvis 11\\util\\func\\user_notebook.py", "funcName": "__init__", "action": "init", "userNotebook": "<modules.database.text_store.TextStore object at 0x000002AE7FED06E0>"}
{"asctime": "2025-03-02 03:24:49,379", "levelname": "INFO", "message": "initializing user_notebook", "name": "c:\\Users\\nilab\\OneDrive\\Desktop\\jarvis 11\\util\\func\\user_notebook.py", "funcName": "__init__", "action": "init", "userNotebook": "<modules.database.text_store.TextStore object at 0x00000290BFD0C6E0>"}
{"asctime": "2025-03-02 03:28:30,507", "levelname": "INFO", "message": "initializing user_notebook", "name": "c:\\Users\\nilab\\OneDrive\\Desktop\\jarvis 11\\util\\func\\user_notebook.py", "funcName": "__init__", "action": "init", "userNotebook": "<modules.database.text_store.TextStore object at 0x0000024B0A3BC6E0>"}
{"asctime": "2025-03-02 03:39:16,345", "levelname": "INFO", "message": "initializing user_notebook", "name": "c:\\Users\\nilab\\OneDrive\\Desktop\\jarvis 11\\util\\func\\user_notebook.py", "funcName": "__init__", "action": "init", "userNotebook": "<modules.database.text_store.TextStore object at 0x00000164396CC6E0>"}
{"asctime": "2025-03-02 03:39:26,744", "levelname": "INFO", "message": "getting text", "name": "c:\\Users\\nilab\\OneDrive\\Desktop\\jarvis 11\\util\\func\\user_notebook.py", "funcName": "getText", "action": "getText", "start": null, "end": null}
{"asctime": "2025-03-02 03:39:26,779", "levelname": "INFO", "message": "getting text", "name": "c:\\Users\\nilab\\OneDrive\\Desktop\\jarvis 11\\util\\func\\user_notebook.py", "funcName": "getText", "action": "getText", "start": null, "end": null}
{"asctime": "2025-03-02 03:39:39,131", "levelname": "INFO", "message": "getting text", "name": "c:\\Users\\nilab\\OneDrive\\Desktop\\jarvis 11\\util\\func\\user_notebook.py", "funcName": "getText", "action": "getText", "start": null, "end": null}
{"asctime": "2025-03-02 03:39:39,172", "levelname": "INFO", "message": "getting text", "name": "c:\\Users\\nilab\\OneDrive\\Desktop\\jarvis 11\\util\\func\\user_notebook.py", "funcName": "getText", "action": "getText", "start": null, "end": null}
{"asctime": "2025-03-02 03:39:58,332", "levelname": "INFO", "message": "getting text", "name": "c:\\Users\\nilab\\OneDrive\\Desktop\\jarvis 11\\util\\func\\user_notebook.py", "funcName": "getText", "action": "getText", "start": null, "end": null}
{"asctime": "2025-03-02 03:39:58,360", "levelname": "INFO", "message": "getting text", "name": "c:\\Users\\nilab\\OneDrive\\Desktop\\jarvis 11\\util\\func\\user_notebook.py", "funcName": "getText", "action": "getText", "start": null, "end": null}
{"asctime": "2025-03-02 03:43:15,555", "levelname": "INFO", "message": "initializing user_notebook", "name": "c:\\Users\\nilab\\OneDrive\\Desktop\\jarvis 11\\util\\func\\user_notebook.py", "funcName": "__init__", "action": "init", "userNotebook": "<modules.database.text_store.TextStore object at 0x000001F8CC0806E0>"}
{"asctime": "2025-03-02 03:45:06,593", "levelname": "INFO", "message": "initializing user_notebook", "name": "c:\\Users\\nilab\\OneDrive\\Desktop\\jarvis 11\\util\\func\\user_notebook.py", "funcName": "__init__", "action": "init", "userNotebook": "<modules.database.text_store.TextStore object at 0x000001AE62F806E0>"}
{"asctime": "2025-03-02 03:45:49,687", "levelname": "INFO", "message": "adding record", "name": "c:\\Users\\nilab\\OneDrive\\Desktop\\jarvis 11\\util\\func\\user_notebook.py", "funcName": "addRecord", "action": "addRecord", "textLine": "959e549242c0f8814c31988c462449f35c1c3520a64c968952a7c6d8eb4eedc0"}
{"asctime": "2025-03-02 03:48:01,811", "levelname": "INFO", "message": "initializing user_notebook", "name": "c:\\Users\\nilab\\OneDrive\\Desktop\\jarvis 11\\util\\func\\user_notebook.py", "funcName": "__init__", "action": "init", "userNotebook": "<modules.database.text_store.TextStore object at 0x00000178292806E0>"}
{"asctime": "2025-03-02 11:33:40,522", "levelname": "INFO", "message": "initializing user_notebook", "name": "c:\\Users\\nilab\\OneDrive\\Desktop\\jarvis 11\\util\\func\\user_notebook.py", "funcName": "__init__", "action": "init", "userNotebook": "<modules.database.text_store.TextStore object at 0x000001D935C906E0>"}
{"asctime": "2025-03-02 11:33:55,671", "levelname": "INFO", "message": "adding record", "name": "c:\\Users\\nilab\\OneDrive\\Desktop\\jarvis 11\\util\\func\\user_notebook.py", "funcName": "addRecord", "action": "addRecord", "textLine": "ba6427e9b0e0e93ee6fd68294f6a3bcf82323fff0176eef5f032c44c4b474d30"}
{"asctime": "2025-03-02 11:36:49,519", "levelname": "INFO", "message": "adding record", "name": "c:\\Users\\nilab\\OneDrive\\Desktop\\jarvis 11\\util\\func\\user_notebook.py", "funcName": "addRecord", "action": "addRecord", "textLine": "4c3af84485ac59e364a659926c69d30bfff7a2f342df625e54cc85b318569fa1"}
{"asctime": "2025-03-02 11:37:28,617", "levelname": "INFO", "message": "adding record", "name": "c:\\Users\\nilab\\OneDrive\\Desktop\\jarvis 11\\util\\func\\user_notebook.py", "funcName": "addRecord", "action": "addRecord", "textLine": "0b4a641db7bdecb64666c6ef0fe8104ac60263f1f57af0d2685329fc5cc4a2cb"}
{"asctime": "2025-03-02 11:38:32,092", "levelname": "INFO", "message": "initializing user_notebook", "name": "c:\\Users\\nilab\\OneDrive\\Desktop\\jarvis 11\\util\\func\\user_notebook.py", "funcName": "__init__", "action": "init", "userNotebook": "<modules.database.text_store.TextStore object at 0x000002223EEE06E0>"}
{"asctime": "2025-03-02 11:39:07,806", "levelname": "INFO", "message": "initializing user_notebook", "name": "c:\\Users\\nilab\\OneDrive\\Desktop\\jarvis 11\\util\\func\\user_notebook.py", "funcName": "__init__", "action": "init", "userNotebook": "<modules.database.text_store.TextStore object at 0x000001E5B88706E0>"}
{"asctime": "2025-03-02 11:39:46,873", "levelname": "INFO", "message": "adding record", "name": "c:\\Users\\nilab\\OneDrive\\Desktop\\jarvis 11\\util\\func\\user_notebook.py", "funcName": "addRecord", "action": "addRecord", "textLine": "94235a56a7d3487df747bafbf76a6f691d59b8b93d8e2d511e74e432eec9de86"}
{"asctime": "2025-03-02 15:14:27,389", "levelname": "INFO", "message": "initializing user_notebook", "name": "c:\\Users\\nilab\\OneDrive\\Desktop\\jarvis 11\\util\\func\\user_notebook.py", "funcName": "__init__", "action": "init", "userNotebook": "<modules.database.text_store.TextStore object at 0x00000202FF9906E0>"}
{"asctime": "2025-03-02 15:17:18,848", "levelname": "INFO", "message": "initializing user_notebook", "name": "c:\\Users\\nilab\\OneDrive\\Desktop\\jarvis 11\\util\\func\\user_notebook.py", "funcName": "__init__", "action": "init", "userNotebook": "<modules.database.text_store.TextStore object at 0x00000205E7FB06E0>"}
{"asctime": "2025-03-02 15:17:30,795", "levelname": "INFO", "message": "adding record", "name": "c:\\Users\\nilab\\OneDrive\\Desktop\\jarvis 11\\util\\func\\user_notebook.py", "funcName": "addRecord", "action": "addRecord", "textLine": "38fdfe2b07a2f6bcb28ded074c20e7bbe620773d3def1d90fc7eb9eea5905aeb"}
{"asctime": "2025-03-02 15:18:07,187", "levelname": "INFO", "message": "getting text", "name": "c:\\Users\\nilab\\OneDrive\\Desktop\\jarvis 11\\util\\func\\user_notebook.py", "funcName": "getText", "action": "getText", "start": null, "end": null}
{"asctime": "2025-03-02 15:18:07,236", "levelname": "INFO", "message": "getting text", "name": "c:\\Users\\nilab\\OneDrive\\Desktop\\jarvis 11\\util\\func\\user_notebook.py", "funcName": "getText", "action": "getText", "start": null, "end": null}
{"asctime": "2025-03-02 15:26:50,112", "levelname": "INFO", "message": "initializing user_notebook", "name": "c:\\Users\\nilab\\OneDrive\\Desktop\\jarvis 11\\util\\func\\user_notebook.py", "funcName": "__init__", "action": "init", "userNotebook": "<modules.database.text_store.TextStore object at 0x0000023194BD06E0>"}
{"asctime": "2025-03-02 15:34:13,508", "levelname": "INFO", "message": "getting text", "name": "c:\\Users\\nilab\\OneDrive\\Desktop\\jarvis 11\\util\\func\\user_notebook.py", "funcName": "getText", "action": "getText", "start": null, "end": null}
{"asctime": "2025-03-02 15:34:13,553", "levelname": "INFO", "message": "getting text", "name": "c:\\Users\\nilab\\OneDrive\\Desktop\\jarvis 11\\util\\func\\user_notebook.py", "funcName": "getText", "action": "getText", "start": null, "end": null}
{"asctime": "2025-03-02 15:35:43,187", "levelname": "INFO", "message": "initializing user_notebook", "name": "c:\\Users\\nilab\\OneDrive\\Desktop\\jarvis 11\\util\\func\\user_notebook.py", "funcName": "__init__", "action": "init", "userNotebook": "<modules.database.text_store.TextStore object at 0x00000223414E46E0>"}
{"asctime": "2025-03-02 15:37:42,871", "levelname": "INFO", "message": "initializing user_notebook", "name": "c:\\Users\\nilab\\OneDrive\\Desktop\\jarvis 11\\util\\func\\user_notebook.py", "funcName": "__init__", "action": "init", "userNotebook": "<modules.database.text_store.TextStore object at 0x0000027C118006E0>"}
{"asctime": "2025-03-02 15:38:00,290", "levelname": "INFO", "message": "adding record", "name": "c:\\Users\\nilab\\OneDrive\\Desktop\\jarvis 11\\util\\func\\user_notebook.py", "funcName": "addRecord", "action": "addRecord", "textLine": "fb86f31f3dd178751c28f6ff9ed7b927754f092648e70832d32c26401040873b"}
{"asctime": "2025-03-02 15:38:38,237", "levelname": "INFO", "message": "initializing user_notebook", "name": "c:\\Users\\nilab\\OneDrive\\Desktop\\jarvis 11\\util\\func\\user_notebook.py", "funcName": "__init__", "action": "init", "userNotebook": "<modules.database.text_store.TextStore object at 0x000002554FF506E0>"}
{"asctime": "2025-03-02 15:38:50,317", "levelname": "INFO", "message": "getting text", "name": "c:\\Users\\nilab\\OneDrive\\Desktop\\jarvis 11\\util\\func\\user_notebook.py", "funcName": "getText", "action": "getText", "start": null, "end": null}
{"asctime": "2025-03-02 15:38:50,358", "levelname": "INFO", "message": "getting text", "name": "c:\\Users\\nilab\\OneDrive\\Desktop\\jarvis 11\\util\\func\\user_notebook.py", "funcName": "getText", "action": "getText", "start": null, "end": null}
{"asctime": "2025-03-02 15:39:08,860", "levelname": "INFO", "message": "getting text", "name": "c:\\Users\\nilab\\OneDrive\\Desktop\\jarvis 11\\util\\func\\user_notebook.py", "funcName": "getText", "action": "getText", "start": null, "end": null}
{"asctime": "2025-03-02 15:39:08,910", "levelname": "INFO", "message": "getting text", "name": "c:\\Users\\nilab\\OneDrive\\Desktop\\jarvis 11\\util\\func\\user_notebook.py", "funcName": "getText", "action": "getText", "start": null, "end": null}
{"asctime": "2025-03-02 15:39:33,625", "levelname": "INFO", "message": "getting text", "name": "c:\\Users\\nilab\\OneDrive\\Desktop\\jarvis 11\\util\\func\\user_notebook.py", "funcName": "getText", "action": "getText", "start": null, "end": null}
{"asctime": "2025-03-02 15:39:33,627", "levelname": "INFO", "message": "getting text", "name": "c:\\Users\\nilab\\OneDrive\\Desktop\\jarvis 11\\util\\func\\user_notebook.py", "funcName": "getText", "action": "getText", "start": null, "end": null}
{"asctime": "2025-03-02 22:17:26,363", "levelname": "INFO", "message": "initializing user_notebook", "name": "c:\\Users\\nilab\\OneDrive\\Desktop\\jarvis 11\\util\\func\\user_notebook.py", "funcName": "__init__", "action": "init", "userNotebook": "<modules.database.text_store.TextStore object at 0x000001C67441B230>"}
{"asctime": "2025-03-02 22:17:38,274", "levelname": "INFO", "message": "getting text", "name": "c:\\Users\\nilab\\OneDrive\\Desktop\\jarvis 11\\util\\func\\user_notebook.py", "funcName": "getText", "action": "getText", "start": null, "end": null}
{"asctime": "2025-03-02 22:17:38,339", "levelname": "INFO", "message": "getting text", "name": "c:\\Users\\nilab\\OneDrive\\Desktop\\jarvis 11\\util\\func\\user_notebook.py", "funcName": "getText", "action": "getText", "start": null, "end": null}
{"asctime": "2025-03-02 22:17:53,848", "levelname": "INFO", "message": "getting text", "name": "c:\\Users\\nilab\\OneDrive\\Desktop\\jarvis 11\\util\\func\\user_notebook.py", "funcName": "getText", "action": "getText", "start": null, "end": null}
{"asctime": "2025-03-02 22:17:53,892", "levelname": "INFO", "message": "getting text", "name": "c:\\Users\\nilab\\OneDrive\\Desktop\\jarvis 11\\util\\func\\user_notebook.py", "funcName": "getText", "action": "getText", "start": null, "end": null}
{"asctime": "2025-03-02 22:18:57,259", "levelname": "INFO", "message": "getting text", "name": "c:\\Users\\nilab\\OneDrive\\Desktop\\jarvis 11\\util\\func\\user_notebook.py", "funcName": "getText", "action": "getText", "start": null, "end": null}
{"asctime": "2025-03-02 22:18:57,313", "levelname": "INFO", "message": "getting text", "name": "c:\\Users\\nilab\\OneDrive\\Desktop\\jarvis 11\\util\\func\\user_notebook.py", "funcName": "getText", "action": "getText", "start": null, "end": null}
{"asctime": "2025-03-02 22:19:23,992", "levelname": "INFO", "message": "getting text", "name": "c:\\Users\\nilab\\OneDrive\\Desktop\\jarvis 11\\util\\func\\user_notebook.py", "funcName": "getText", "action": "getText", "start": null, "end": null}
{"asctime": "2025-03-02 22:19:24,030", "levelname": "INFO", "message": "getting text", "name": "c:\\Users\\nilab\\OneDrive\\Desktop\\jarvis 11\\util\\func\\user_notebook.py", "funcName": "getText", "action": "getText", "start": null, "end": null}
{"asctime": "2025-03-02 22:20:35,273", "levelname": "INFO", "message": "adding record", "name": "c:\\Users\\nilab\\OneDrive\\Desktop\\jarvis 11\\util\\func\\user_notebook.py", "funcName": "addRecord", "action": "addRecord", "textLine": "f770a3457d7c8174b0c45a38f47d337ce753cff36555f56b01eedf93151aa15e"}
{"asctime": "2025-03-02 22:20:45,944", "levelname": "INFO", "message": "getting text", "name": "c:\\Users\\nilab\\OneDrive\\Desktop\\jarvis 11\\util\\func\\user_notebook.py", "funcName": "getText", "action": "getText", "start": null, "end": null}
{"asctime": "2025-03-02 22:20:45,986", "levelname": "INFO", "message": "getting text", "name": "c:\\Users\\nilab\\OneDrive\\Desktop\\jarvis 11\\util\\func\\user_notebook.py", "funcName": "getText", "action": "getText", "start": null, "end": null}
{"asctime": "2025-03-02 22:21:10,020", "levelname": "INFO", "message": "getting text", "name": "c:\\Users\\nilab\\OneDrive\\Desktop\\jarvis 11\\util\\func\\user_notebook.py", "funcName": "getText", "action": "getText", "start": null, "end": null}
{"asctime": "2025-03-02 22:21:10,022", "levelname": "INFO", "message": "getting text", "name": "c:\\Users\\nilab\\OneDrive\\Desktop\\jarvis 11\\util\\func\\user_notebook.py", "funcName": "getText", "action": "getText", "start": null, "end": null}
{"asctime": "2025-03-02 22:22:23,933", "levelname": "INFO", "message": "getting text", "name": "c:\\Users\\nilab\\OneDrive\\Desktop\\jarvis 11\\util\\func\\user_notebook.py", "funcName": "getText", "action": "getText", "start": null, "end": null}
{"asctime": "2025-03-02 22:22:23,977", "levelname": "INFO", "message": "getting text", "name": "c:\\Users\\nilab\\OneDrive\\Desktop\\jarvis 11\\util\\func\\user_notebook.py", "funcName": "getText", "action": "getText", "start": null, "end": null}
{"asctime": "2025-03-02 22:22:56,124", "levelname": "INFO", "message": "adding record", "name": "c:\\Users\\nilab\\OneDrive\\Desktop\\jarvis 11\\util\\func\\user_notebook.py", "funcName": "addRecord", "action": "addRecord", "textLine": "2e94e0fc30bbba12c7317d872a9666cef3bda78872ff6370bc0e740ab1be1abe"}
{"asctime": "2025-03-02 22:22:56,125", "levelname": "INFO", "message": "adding record", "name": "c:\\Users\\nilab\\OneDrive\\Desktop\\jarvis 11\\util\\func\\user_notebook.py", "funcName": "addRecord", "action": "addRecord", "textLine": "fc9bcfa413e9f3655e0f63da13e6878d54694eadeaca72b1540a4e461fc34bd1"}
{"asctime": "2025-03-02 22:22:56,125", "levelname": "INFO", "message": "adding record", "name": "c:\\Users\\nilab\\OneDrive\\Desktop\\jarvis 11\\util\\func\\user_notebook.py", "funcName": "addRecord", "action": "addRecord", "textLine": "6a5a09b478aebec4369efbdc63ba421ba6b6e0138c6a60737c365ae17b7a44f2"}
{"asctime": "2025-03-02 22:23:53,292", "levelname": "INFO", "message": "initializing user_notebook", "name": "c:\\Users\\nilab\\OneDrive\\Desktop\\jarvis 11\\util\\func\\user_notebook.py", "funcName": "__init__", "action": "init", "userNotebook": "<modules.database.text_store.TextStore object at 0x0000023BFD43B230>"}
{"asctime": "2025-03-02 22:24:06,934", "levelname": "INFO", "message": "getting text", "name": "c:\\Users\\nilab\\OneDrive\\Desktop\\jarvis 11\\util\\func\\user_notebook.py", "funcName": "getText", "action": "getText", "start": null, "end": null}
{"asctime": "2025-03-02 22:24:06,982", "levelname": "INFO", "message": "getting text", "name": "c:\\Users\\nilab\\OneDrive\\Desktop\\jarvis 11\\util\\func\\user_notebook.py", "funcName": "getText", "action": "getText", "start": null, "end": null}
{"asctime": "2025-03-02 22:24:16,891", "levelname": "INFO", "message": "initializing user_notebook", "name": "c:\\Users\\nilab\\OneDrive\\Desktop\\jarvis 11\\util\\func\\user_notebook.py", "funcName": "__init__", "action": "init", "userNotebook": "<modules.database.text_store.TextStore object at 0x0000016A1E39F230>"}
